[2018-08-06 05:08:37][debug] trade_no---2018081533503316542
[2018-08-06 05:08:38][debug] third is 1533503318
[2018-08-06 05:08:38][debug] forth is 1533503318
[2018-08-06 05:08:49][debug] begin notify
[2018-08-06 05:08:49][debug] call back:{"appid":"wxc5c7e311f8d5d759","attach":"okr7Gv-5E_X8IBr5mNb2x3tX3h2I|56650|\u5f20\u5b54\u6893\u7389|T566517000062|2018081533503316542|20|56650|ckcz","bank_type":"CFT","cash_fee":"2000","fee_type":"CNY","is_subscribe":"Y","mch_id":"1366091602","nonce_str":"mw6jlwp8b4cx76p6e6bf9xhc4e4i21fr","openid":"okr7Gv-5E_X8IBr5mNb2x3tX3h2I","out_trade_no":"2018081533503316542","result_code":"SUCCESS","return_code":"SUCCESS","sign":"5ED494E14624BE34C0D865BB6FFA9674","time_end":"20180806050848","total_fee":"2000","trade_type":"JSAPI","transaction_id":"4200000184201808065716399431"}
[2018-08-06 05:08:49][debug] query:{"appid":"wxc5c7e311f8d5d759","attach":"okr7Gv-5E_X8IBr5mNb2x3tX3h2I|56650|\u5f20\u5b54\u6893\u7389|T566517000062|2018081533503316542|20|56650|ckcz","bank_type":"CFT","cash_fee":"2000","fee_type":"CNY","is_subscribe":"Y","mch_id":"1366091602","nonce_str":"X5v7jhscHDA48nm4","openid":"okr7Gv-5E_X8IBr5mNb2x3tX3h2I","out_trade_no":"2018081533503316542","result_code":"SUCCESS","return_code":"SUCCESS","return_msg":"OK","sign":"C631D01E1960BB7A8C45B1AE1FDAA390","time_end":"20180806050848","total_fee":"2000","trade_state":"SUCCESS","trade_state_desc":"\u652f\u4ed8\u6210\u529f","trade_type":"JSAPI","transaction_id":"4200000184201808065716399431"}
[2018-08-06 05:19:39][debug] trade_no---2018081533503978662
[2018-08-06 05:19:39][debug] third is 1533503979
[2018-08-06 05:19:39][debug] forth is 1533503979
[2018-08-06 05:19:51][debug] begin notify
[2018-08-06 05:19:51][debug] call back:{"appid":"wxc5c7e311f8d5d759","attach":"okr7Gv1o6Da1_VhznE-TSB7s0320|56650|\u674e\u60f3|5316203044|2018081533503978662|100|56650|ckcz","bank_type":"CFT","cash_fee":"10000","fee_type":"CNY","is_subscribe":"Y","mch_id":"1366091602","nonce_str":"c0nuix76lmlp1ojaphzeg4qi5vqp5sas","openid":"okr7Gv1o6Da1_VhznE-TSB7s0320","out_trade_no":"2018081533503978662","result_code":"SUCCESS","return_code":"SUCCESS","sign":"5F09AEBD5FC452C362479FA1703F3EEE","time_end":"20180806051950","total_fee":"10000","trade_type":"JSAPI","transaction_id":"4200000160201808067522641413"}
[2018-08-06 05:19:51][debug] query:{"appid":"wxc5c7e311f8d5d759","attach":"okr7Gv1o6Da1_VhznE-TSB7s0320|56650|\u674e\u60f3|5316203044|2018081533503978662|100|56650|ckcz","bank_type":"CFT","cash_fee":"10000","fee_type":"CNY","is_subscribe":"Y","mch_id":"1366091602","nonce_str":"XMt66dM7DchGUKgR","openid":"okr7Gv1o6Da1_VhznE-TSB7s0320","out_trade_no":"2018081533503978662","result_code":"SUCCESS","return_code":"SUCCESS","return_msg":"OK","sign":"7EF9787B92924387D966828B629E4EE6","time_end":"20180806051950","total_fee":"10000","trade_state":"SUCCESS","trade_state_desc":"\u652f\u4ed8\u6210\u529f","trade_type":"JSAPI","transaction_id":"4200000160201808067522641413"}
[2018-08-06 05:21:32][debug] trade_no---2018081533504091887
[2018-08-06 05:21:32][debug] third is 1533504092
[2018-08-06 05:21:32][debug] forth is 1533504092
[2018-08-06 05:21:49][debug] begin notify
[2018-08-06 05:21:49][debug] call back:{"appid":"wxc5c7e311f8d5d759","attach":"oUMeDwEbg3E7fHcEdvbf4NbnnZAY|56650|\u5b54\u76c8\u83b9|5316210002|2018081533504091887|50|56650|ckcz","bank_type":"CFT","cash_fee":"5000","fee_type":"CNY","is_subscribe":"N","mch_id":"1366091602","nonce_str":"uyswgy3qu80w5vwgew1tqqe1gpe7rak8","openid":"okr7Gvxizmf-vTOvT6nTTE1Sbq2A","out_trade_no":"2018081533504091887","result_code":"SUCCESS","return_code":"SUCCESS","sign":"A42AF985507113D76E0B3C7675F2C7C8","time_end":"20180806052149","total_fee":"5000","trade_type":"JSAPI","transaction_id":"4200000161201808061627135839"}
[2018-08-06 05:21:49][debug] query:{"appid":"wxc5c7e311f8d5d759","attach":"oUMeDwEbg3E7fHcEdvbf4NbnnZAY|56650|\u5b54\u76c8\u83b9|5316210002|2018081533504091887|50|56650|ckcz","bank_type":"CFT","cash_fee":"5000","fee_type":"CNY","is_subscribe":"N","mch_id":"1366091602","nonce_str":"ovQNn40e6ONzHaE2","openid":"okr7Gvxizmf-vTOvT6nTTE1Sbq2A","out_trade_no":"2018081533504091887","result_code":"SUCCESS","return_code":"SUCCESS","return_msg":"OK","sign":"30DA0EAB91B623B829E6DBAD4BF8FC70","time_end":"20180806052149","total_fee":"5000","trade_state":"SUCCESS","trade_state_desc":"\u652f\u4ed8\u6210\u529f","trade_type":"JSAPI","transaction_id":"4200000161201808061627135839"}
[2018-08-06 05:26:30][debug] trade_no---2018081533504389659
[2018-08-06 05:26:30][debug] third is 1533504390
[2018-08-06 05:26:30][debug] forth is 1533504390
[2018-08-06 05:26:38][debug] begin notify
[2018-08-06 05:26:38][debug] call back:{"appid":"wxc5c7e311f8d5d759","attach":"okr7Gv2AxeCNJzDrZLvjKf1Yult4|56650|\u7a0b\u4e00|5316211040|2018081533504389659|20|56650|ckcz","bank_type":"CFT","cash_fee":"2000","fee_type":"CNY","is_subscribe":"Y","mch_id":"1366091602","nonce_str":"gjwh2l3uwxk18g0pa1ljpq44okm9pmg9","openid":"okr7Gv2AxeCNJzDrZLvjKf1Yult4","out_trade_no":"2018081533504389659","result_code":"SUCCESS","return_code":"SUCCESS","sign":"55A420FE76F97178F26104C108FA8B8B","time_end":"20180806052637","total_fee":"2000","trade_type":"JSAPI","transaction_id":"4200000162201808062598539289"}
[2018-08-06 05:26:38][debug] query:{"appid":"wxc5c7e311f8d5d759","attach":"okr7Gv2AxeCNJzDrZLvjKf1Yult4|56650|\u7a0b\u4e00|5316211040|2018081533504389659|20|56650|ckcz","bank_type":"CFT","cash_fee":"2000","fee_type":"CNY","is_subscribe":"Y","mch_id":"1366091602","nonce_str":"L29JuzFt5nIyijsv","openid":"okr7Gv2AxeCNJzDrZLvjKf1Yult4","out_trade_no":"2018081533504389659","result_code":"SUCCESS","return_code":"SUCCESS","return_msg":"OK","sign":"3B1D4F36ECDCA33CBB7EAA7C4B418A55","time_end":"20180806052637","total_fee":"2000","trade_state":"SUCCESS","trade_state_desc":"\u652f\u4ed8\u6210\u529f","trade_type":"JSAPI","transaction_id":"4200000162201808062598539289"}
[2018-08-06 05:27:27][debug] trade_no---2018081533504446255
[2018-08-06 05:27:27][debug] third is 1533504447
[2018-08-06 05:27:27][debug] forth is 1533504447
[2018-08-06 05:27:37][debug] begin notify
[2018-08-06 05:27:37][debug] call back:{"appid":"wxc5c7e311f8d5d759","attach":"okr7Gv_BDDd70uwgMrCI1qXWl_YQ|56650|\u5f20\u5929\u4f51|5316208027|2018081533504446255|200|56650|ckcz","bank_type":"CFT","cash_fee":"20000","fee_type":"CNY","is_subscribe":"Y","mch_id":"1366091602","nonce_str":"d7yw4x0ca3mbkexucgx4zsu2c1pze9kg","openid":"okr7Gv_BDDd70uwgMrCI1qXWl_YQ","out_trade_no":"2018081533504446255","result_code":"SUCCESS","return_code":"SUCCESS","sign":"26D3CB241F878F3E22D114BAD2356EDA","time_end":"20180806052737","total_fee":"20000","trade_type":"JSAPI","transaction_id":"4200000166201808065056548892"}
[2018-08-06 05:27:38][debug] query:{"appid":"wxc5c7e311f8d5d759","attach":"okr7Gv_BDDd70uwgMrCI1qXWl_YQ|56650|\u5f20\u5929\u4f51|5316208027|2018081533504446255|200|56650|ckcz","bank_type":"CFT","cash_fee":"20000","fee_type":"CNY","is_subscribe":"Y","mch_id":"1366091602","nonce_str":"pVp5YbXHaybgo8f7","openid":"okr7Gv_BDDd70uwgMrCI1qXWl_YQ","out_trade_no":"2018081533504446255","result_code":"SUCCESS","return_code":"SUCCESS","return_msg":"OK","sign":"82841B04013FBB394409DA424DA94694","time_end":"20180806052737","total_fee":"20000","trade_state":"SUCCESS","trade_state_desc":"\u652f\u4ed8\u6210\u529f","trade_type":"JSAPI","transaction_id":"4200000166201808065056548892"}
[2018-08-06 05:31:54][debug] trade_no---2018081533504713982
[2018-08-06 05:31:54][debug] third is 1533504714
[2018-08-06 05:31:54][debug] forth is 1533504714
[2018-08-06 05:32:07][debug] begin notify
[2018-08-06 05:32:07][debug] call back:{"appid":"wxc5c7e311f8d5d759","attach":"okr7Gv4qP_bWD4ykH-gTMoRbRn_8|56650|\u6881\u73c2\u6b23|T566505559020|2018081533504713982|100|56650|ckcz","bank_type":"ZYB_DEBIT","cash_fee":"10000","fee_type":"CNY","is_subscribe":"Y","mch_id":"1366091602","nonce_str":"cue7l0yz7qp9631h0eirre90jj67e10a","openid":"okr7Gv4qP_bWD4ykH-gTMoRbRn_8","out_trade_no":"2018081533504713982","result_code":"SUCCESS","return_code":"SUCCESS","sign":"E14749BB65C0B3D653466CF19B9A6F4F","time_end":"20180806053206","total_fee":"10000","trade_type":"JSAPI","transaction_id":"4200000160201808068065978434"}
[2018-08-06 05:32:07][debug] query:{"appid":"wxc5c7e311f8d5d759","attach":"okr7Gv4qP_bWD4ykH-gTMoRbRn_8|56650|\u6881\u73c2\u6b23|T566505559020|2018081533504713982|100|56650|ckcz","bank_type":"ZYB_DEBIT","cash_fee":"10000","fee_type":"CNY","is_subscribe":"Y","mch_id":"1366091602","nonce_str":"ZjEUO5GHYhRwAM6U","openid":"okr7Gv4qP_bWD4ykH-gTMoRbRn_8","out_trade_no":"2018081533504713982","result_code":"SUCCESS","return_code":"SUCCESS","return_msg":"OK","sign":"F7138F748EC72895815FBAE35DF2E04F","time_end":"20180806053206","total_fee":"10000","trade_state":"SUCCESS","trade_state_desc":"\u652f\u4ed8\u6210\u529f","trade_type":"JSAPI","transaction_id":"4200000160201808068065978434"}
[2018-08-06 05:35:00][debug] trade_no---2018081533504898936
[2018-08-06 05:35:00][debug] third is 1533504900
[2018-08-06 05:35:00][debug] forth is 1533504900
[2018-08-06 05:35:13][debug] begin notify
[2018-08-06 05:35:13][debug] call back:{"appid":"wxc5c7e311f8d5d759","attach":"okr7Gv5a9VYGZXN42o9Xcsktgc2s|56650|\u5e38\u827a\u6587|T566505559043|2018081533504898936|20|56650|ckcz","bank_type":"CFT","cash_fee":"2000","fee_type":"CNY","is_subscribe":"Y","mch_id":"1366091602","nonce_str":"ymyh8wq9hmqytk5td87ugj7c8k1jk2j5","openid":"okr7Gv5a9VYGZXN42o9Xcsktgc2s","out_trade_no":"2018081533504898936","result_code":"SUCCESS","return_code":"SUCCESS","sign":"FF375ABCD8D1B1305CE83B0C67B548CC","time_end":"20180806053512","total_fee":"2000","trade_type":"JSAPI","transaction_id":"4200000178201808061537855689"}
[2018-08-06 05:35:13][debug] query:{"appid":"wxc5c7e311f8d5d759","attach":"okr7Gv5a9VYGZXN42o9Xcsktgc2s|56650|\u5e38\u827a\u6587|T566505559043|2018081533504898936|20|56650|ckcz","bank_type":"CFT","cash_fee":"2000","fee_type":"CNY","is_subscribe":"Y","mch_id":"1366091602","nonce_str":"tasIBiGhpccS5mFu","openid":"okr7Gv5a9VYGZXN42o9Xcsktgc2s","out_trade_no":"2018081533504898936","result_code":"SUCCESS","return_code":"SUCCESS","return_msg":"OK","sign":"EBE3F6D2F3922E69A200F3BE86BD78DE","time_end":"20180806053512","total_fee":"2000","trade_state":"SUCCESS","trade_state_desc":"\u652f\u4ed8\u6210\u529f","trade_type":"JSAPI","transaction_id":"4200000178201808061537855689"}
[2018-08-06 06:01:58][debug] trade_no---2018081533506517735
[2018-08-06 06:01:58][debug] third is 1533506518
[2018-08-06 06:01:58][debug] forth is 1533506518
[2018-08-06 06:02:10][debug] begin notify
[2018-08-06 06:02:10][debug] call back:{"appid":"wxc5c7e311f8d5d759","attach":"okr7Gv3LNezmXl4ImA3wUI97xSw8|56650|\u6881\u4e25\u6587|5316212005|2018081533506517735|100|56650|ckcz","bank_type":"BOC_DEBIT","cash_fee":"10000","fee_type":"CNY","is_subscribe":"Y","mch_id":"1366091602","nonce_str":"76bgbx31z3ik0b3ih287tn5wwsfod1f8","openid":"okr7Gv3LNezmXl4ImA3wUI97xSw8","out_trade_no":"2018081533506517735","result_code":"SUCCESS","return_code":"SUCCESS","sign":"6798E95F9E33F852B4AE0E1A4CEA29B3","time_end":"20180806060209","total_fee":"10000","trade_type":"JSAPI","transaction_id":"4200000169201808068233892206"}
[2018-08-06 06:02:10][debug] query:{"appid":"wxc5c7e311f8d5d759","attach":"okr7Gv3LNezmXl4ImA3wUI97xSw8|56650|\u6881\u4e25\u6587|5316212005|2018081533506517735|100|56650|ckcz","bank_type":"BOC_DEBIT","cash_fee":"10000","fee_type":"CNY","is_subscribe":"Y","mch_id":"1366091602","nonce_str":"58HSzdQ38U1jxJAE","openid":"okr7Gv3LNezmXl4ImA3wUI97xSw8","out_trade_no":"2018081533506517735","result_code":"SUCCESS","return_code":"SUCCESS","return_msg":"OK","sign":"AD008E451FCEBDC7AB94BD5FAA6B74F0","time_end":"20180806060209","total_fee":"10000","trade_state":"SUCCESS","trade_state_desc":"\u652f\u4ed8\u6210\u529f","trade_type":"JSAPI","transaction_id":"4200000169201808068233892206"}
[2018-08-06 06:33:16][debug] trade_no---2018081533508395646
[2018-08-06 06:33:16][debug] third is 1533508396
[2018-08-06 06:33:16][debug] forth is 1533508396
[2018-08-06 06:33:28][debug] begin notify
[2018-08-06 06:33:28][debug] call back:{"appid":"wxc5c7e311f8d5d759","attach":"okr7Gvww0ozhmK9cK8RyKWgXIFQQ|56650|\u738b\u6e90|5316205046|2018081533508395646|100|56650|ckcz","bank_type":"CFT","cash_fee":"10000","fee_type":"CNY","is_subscribe":"Y","mch_id":"1366091602","nonce_str":"i4k7ks0apo004ngjmvdn938ad00h0ydn","openid":"okr7Gvww0ozhmK9cK8RyKWgXIFQQ","out_trade_no":"2018081533508395646","result_code":"SUCCESS","return_code":"SUCCESS","sign":"B50E77242401F72BA0AC2F5796907823","time_end":"20180806063327","total_fee":"10000","trade_type":"JSAPI","transaction_id":"4200000185201808062083148178"}
[2018-08-06 06:33:28][debug] query:{"appid":"wxc5c7e311f8d5d759","attach":"okr7Gvww0ozhmK9cK8RyKWgXIFQQ|56650|\u738b\u6e90|5316205046|2018081533508395646|100|56650|ckcz","bank_type":"CFT","cash_fee":"10000","fee_type":"CNY","is_subscribe":"Y","mch_id":"1366091602","nonce_str":"cxzNfzmcDU70B6dp","openid":"okr7Gvww0ozhmK9cK8RyKWgXIFQQ","out_trade_no":"2018081533508395646","result_code":"SUCCESS","return_code":"SUCCESS","return_msg":"OK","sign":"3F71AF973BCEA38C95BB5BF06B566C90","time_end":"20180806063327","total_fee":"10000","trade_state":"SUCCESS","trade_state_desc":"\u652f\u4ed8\u6210\u529f","trade_type":"JSAPI","transaction_id":"4200000185201808062083148178"}
[2018-08-06 07:10:38][debug] trade_no---2018081533510637665
[2018-08-06 07:10:38][debug] third is 1533510638
[2018-08-06 07:10:38][debug] forth is 1533510638
[2018-08-06 07:20:08][debug] trade_no---2018081533511208127
[2018-08-06 07:20:09][debug] third is 1533511209
[2018-08-06 07:20:09][debug] forth is 1533511209
[2018-08-06 07:20:17][debug] begin notify
[2018-08-06 07:20:17][debug] call back:{"appid":"wxc5c7e311f8d5d759","attach":"okr7Gv4ZbY-tljlk79afEqExbbDc|56650|\u5218\u4e9a\u6960|5316210047|2018081533511208127|100|56650|ckcz","bank_type":"CFT","cash_fee":"10000","fee_type":"CNY","is_subscribe":"Y","mch_id":"1366091602","nonce_str":"ktjb5204e9um4fhxmqhc5zj0oknxh8ql","openid":"okr7Gv4ZbY-tljlk79afEqExbbDc","out_trade_no":"2018081533511208127","result_code":"SUCCESS","return_code":"SUCCESS","sign":"D6A10C1A988874CF3722EB5C7AD2F67C","time_end":"20180806072016","total_fee":"10000","trade_type":"JSAPI","transaction_id":"4200000186201808069725698309"}
[2018-08-06 07:20:17][debug] query:{"appid":"wxc5c7e311f8d5d759","attach":"okr7Gv4ZbY-tljlk79afEqExbbDc|56650|\u5218\u4e9a\u6960|5316210047|2018081533511208127|100|56650|ckcz","bank_type":"CFT","cash_fee":"10000","fee_type":"CNY","is_subscribe":"Y","mch_id":"1366091602","nonce_str":"gYqUs8UPIdLtdtyx","openid":"okr7Gv4ZbY-tljlk79afEqExbbDc","out_trade_no":"2018081533511208127","result_code":"SUCCESS","return_code":"SUCCESS","return_msg":"OK","sign":"FB8657CC4DE062B7B82B52A368C05BCB","time_end":"20180806072016","total_fee":"10000","trade_state":"SUCCESS","trade_state_desc":"\u652f\u4ed8\u6210\u529f","trade_type":"JSAPI","transaction_id":"4200000186201808069725698309"}
[2018-08-06 07:25:35][debug] trade_no---2018081533511534304
[2018-08-06 07:25:36][debug] third is 1533511536
[2018-08-06 07:25:36][debug] forth is 1533511536
[2018-08-06 07:25:46][debug] begin notify
[2018-08-06 07:25:46][debug] call back:{"appid":"wxc5c7e311f8d5d759","attach":"okr7Gv4VHCfgIiZZcLx9Np_jDwk8|56650|\u989c\u7398\u8d8a|T566514004070|2018081533511534304|100|56650|ckcz","bank_type":"ICBC_DEBIT","cash_fee":"10000","fee_type":"CNY","is_subscribe":"Y","mch_id":"1366091602","nonce_str":"p830976o0bhr5aoq3f383w465qdzrqej","openid":"okr7Gv4VHCfgIiZZcLx9Np_jDwk8","out_trade_no":"2018081533511534304","result_code":"SUCCESS","return_code":"SUCCESS","sign":"13ADBCD5C28169E07CBCE63EA8943ECC","time_end":"20180806072545","total_fee":"10000","trade_type":"JSAPI","transaction_id":"4200000164201808061925502837"}
[2018-08-06 07:25:46][debug] query:{"appid":"wxc5c7e311f8d5d759","attach":"okr7Gv4VHCfgIiZZcLx9Np_jDwk8|56650|\u989c\u7398\u8d8a|T566514004070|2018081533511534304|100|56650|ckcz","bank_type":"ICBC_DEBIT","cash_fee":"10000","fee_type":"CNY","is_subscribe":"Y","mch_id":"1366091602","nonce_str":"jwH9U9o1GfwzHfOA","openid":"okr7Gv4VHCfgIiZZcLx9Np_jDwk8","out_trade_no":"2018081533511534304","result_code":"SUCCESS","return_code":"SUCCESS","return_msg":"OK","sign":"6D295225F1AF4A6435BEDDFB5F855A3C","time_end":"20180806072545","total_fee":"10000","trade_state":"SUCCESS","trade_state_desc":"\u652f\u4ed8\u6210\u529f","trade_type":"JSAPI","transaction_id":"4200000164201808061925502837"}
[2018-08-06 07:27:19][debug] trade_no---2018081533511636660
[2018-08-06 07:27:19][debug] third is 1533511639
[2018-08-06 07:27:19][debug] forth is 1533511639
[2018-08-06 07:27:29][debug] begin notify
[2018-08-06 07:27:29][debug] call back:{"appid":"wxc5c7e311f8d5d759","attach":"okr7Gv_wT4NvQu48lsOUDGHs2lPk|56650|\u80e1\u6587\u6977|5316116048|2018081533511636660|100|56650|ckcz","bank_type":"CFT","cash_fee":"10000","fee_type":"CNY","is_subscribe":"Y","mch_id":"1366091602","nonce_str":"9u9lhe2gu7yzwnze5bcvt4waiiuqyy7e","openid":"okr7Gv_wT4NvQu48lsOUDGHs2lPk","out_trade_no":"2018081533511636660","result_code":"SUCCESS","return_code":"SUCCESS","sign":"1BF986BB7D9B319BC2483271BEF114EC","time_end":"20180806072728","total_fee":"10000","trade_type":"JSAPI","transaction_id":"4200000161201808069773362444"}
[2018-08-06 07:27:29][debug] query:{"appid":"wxc5c7e311f8d5d759","attach":"okr7Gv_wT4NvQu48lsOUDGHs2lPk|56650|\u80e1\u6587\u6977|5316116048|2018081533511636660|100|56650|ckcz","bank_type":"CFT","cash_fee":"10000","fee_type":"CNY","is_subscribe":"Y","mch_id":"1366091602","nonce_str":"XQIJ6YsRRGJN0vBE","openid":"okr7Gv_wT4NvQu48lsOUDGHs2lPk","out_trade_no":"2018081533511636660","result_code":"SUCCESS","return_code":"SUCCESS","return_msg":"OK","sign":"D0372E2AE464243A4A8987F46C0CC42D","time_end":"20180806072728","total_fee":"10000","trade_state":"SUCCESS","trade_state_desc":"\u652f\u4ed8\u6210\u529f","trade_type":"JSAPI","transaction_id":"4200000161201808069773362444"}
[2018-08-06 07:45:17][debug] trade_no---2018081533512716112
[2018-08-06 07:45:17][debug] third is 1533512717
[2018-08-06 07:45:17][debug] forth is 1533512717
[2018-08-06 07:45:33][debug] begin notify
[2018-08-06 07:45:33][debug] call back:{"appid":"wxc5c7e311f8d5d759","attach":"okr7Gv0pfxUWdDRUMHMFSw2_Si84|56650|\u5f20\u701a\u6587|T566517000067|2018081533512716112|100|56650|ckcz","bank_type":"CCB_DEBIT","cash_fee":"10000","fee_type":"CNY","is_subscribe":"Y","mch_id":"1366091602","nonce_str":"au1j9ik0n7porm0pibydmtzs9g389wi4","openid":"okr7Gv0pfxUWdDRUMHMFSw2_Si84","out_trade_no":"2018081533512716112","result_code":"SUCCESS","return_code":"SUCCESS","sign":"C27A66B3A1BF19E24841C5E7CCEBE0EF","time_end":"20180806074532","total_fee":"10000","trade_type":"JSAPI","transaction_id":"4200000186201808068566911318"}
[2018-08-06 07:45:33][debug] query:{"appid":"wxc5c7e311f8d5d759","attach":"okr7Gv0pfxUWdDRUMHMFSw2_Si84|56650|\u5f20\u701a\u6587|T566517000067|2018081533512716112|100|56650|ckcz","bank_type":"CCB_DEBIT","cash_fee":"10000","fee_type":"CNY","is_subscribe":"Y","mch_id":"1366091602","nonce_str":"e1EheNBs14TvSBPa","openid":"okr7Gv0pfxUWdDRUMHMFSw2_Si84","out_trade_no":"2018081533512716112","result_code":"SUCCESS","return_code":"SUCCESS","return_msg":"OK","sign":"49F9F5E3B075D84AA4A0FEB77F5116FC","time_end":"20180806074532","total_fee":"10000","trade_state":"SUCCESS","trade_state_desc":"\u652f\u4ed8\u6210\u529f","trade_type":"JSAPI","transaction_id":"4200000186201808068566911318"}
[2018-08-06 07:53:20][debug] trade_no---2018081533513199624
[2018-08-06 07:53:20][debug] third is 1533513200
[2018-08-06 07:53:20][debug] forth is 1533513200
[2018-08-06 07:53:32][debug] begin notify
[2018-08-06 07:53:32][debug] call back:{"appid":"wxc5c7e311f8d5d759","attach":"okr7Gv4WQhD1VxFucgRmyP2i6R4M|56650|\u8d75\u949f\u6e90|T566501005042|2018081533513199624|100|56650|ckcz","bank_type":"PSBC_DEBIT","cash_fee":"10000","fee_type":"CNY","is_subscribe":"Y","mch_id":"1366091602","nonce_str":"uiqfefbmhkca19gcxd4l4y97e00sa18w","openid":"okr7Gv4WQhD1VxFucgRmyP2i6R4M","out_trade_no":"2018081533513199624","result_code":"SUCCESS","return_code":"SUCCESS","sign":"F61F37A1AF6060017ED3BDE1B701AA4D","time_end":"20180806075331","total_fee":"10000","trade_type":"JSAPI","transaction_id":"4200000184201808069074724323"}
[2018-08-06 07:53:32][debug] query:{"appid":"wxc5c7e311f8d5d759","attach":"okr7Gv4WQhD1VxFucgRmyP2i6R4M|56650|\u8d75\u949f\u6e90|T566501005042|2018081533513199624|100|56650|ckcz","bank_type":"PSBC_DEBIT","cash_fee":"10000","fee_type":"CNY","is_subscribe":"Y","mch_id":"1366091602","nonce_str":"F2W8AvvPlwiwoNjv","openid":"okr7Gv4WQhD1VxFucgRmyP2i6R4M","out_trade_no":"2018081533513199624","result_code":"SUCCESS","return_code":"SUCCESS","return_msg":"OK","sign":"879814010AACE4CAAAB196B900206ECD","time_end":"20180806075331","total_fee":"10000","trade_state":"SUCCESS","trade_state_desc":"\u652f\u4ed8\u6210\u529f","trade_type":"JSAPI","transaction_id":"4200000184201808069074724323"}
[2018-08-06 08:20:59][debug] trade_no---2018081533514857549
[2018-08-06 08:20:59][debug] third is 1533514859
[2018-08-06 08:20:59][debug] forth is 1533514859
[2018-08-06 08:21:09][debug] begin notify
[2018-08-06 08:21:09][debug] call back:{"appid":"wxc5c7e311f8d5d759","attach":"okr7GvzSAoN1_0ORgJeECDm7l--Q|56650|\u82cf\u7855|T566517010003|2018081533514857549|50|56650|ckcz","bank_type":"CFT","cash_fee":"5000","fee_type":"CNY","is_subscribe":"Y","mch_id":"1366091602","nonce_str":"civ9pxetlk87yj1yd3msw6187ththnbq","openid":"okr7GvzSAoN1_0ORgJeECDm7l--Q","out_trade_no":"2018081533514857549","result_code":"SUCCESS","return_code":"SUCCESS","sign":"B3C411843C00022527E787698DAE8C25","time_end":"20180806082108","total_fee":"5000","trade_type":"JSAPI","transaction_id":"4200000173201808060158745924"}
[2018-08-06 08:21:09][debug] query:{"appid":"wxc5c7e311f8d5d759","attach":"okr7GvzSAoN1_0ORgJeECDm7l--Q|56650|\u82cf\u7855|T566517010003|2018081533514857549|50|56650|ckcz","bank_type":"CFT","cash_fee":"5000","fee_type":"CNY","is_subscribe":"Y","mch_id":"1366091602","nonce_str":"Jb2WCKSaVSxlCt98","openid":"okr7GvzSAoN1_0ORgJeECDm7l--Q","out_trade_no":"2018081533514857549","result_code":"SUCCESS","return_code":"SUCCESS","return_msg":"OK","sign":"DD841F9A9D3E3593B70F5668DC46A306","time_end":"20180806082108","total_fee":"5000","trade_state":"SUCCESS","trade_state_desc":"\u652f\u4ed8\u6210\u529f","trade_type":"JSAPI","transaction_id":"4200000173201808060158745924"}
[2018-08-06 08:22:26][debug] trade_no---2018081533514945162
[2018-08-06 08:22:26][debug] third is 1533514946
[2018-08-06 08:22:26][debug] forth is 1533514946
[2018-08-06 08:22:36][debug] begin notify
[2018-08-06 08:22:36][debug] call back:{"appid":"wxc5c7e311f8d5d759","attach":"okr7Gv3xXtXelepHidhiz_fVGMLs|56650|\u8096\u9614\u607a|5316208013|2018081533514945162|100|56650|ckcz","bank_type":"ICBC_DEBIT","cash_fee":"10000","fee_type":"CNY","is_subscribe":"Y","mch_id":"1366091602","nonce_str":"ch244lwdd8rp2z766pnzu46ophkhgsqh","openid":"okr7Gv3xXtXelepHidhiz_fVGMLs","out_trade_no":"2018081533514945162","result_code":"SUCCESS","return_code":"SUCCESS","sign":"9144F17A3E53F73F474BF592FAE9CD5F","time_end":"20180806082235","total_fee":"10000","trade_type":"JSAPI","transaction_id":"4200000187201808066192079855"}
[2018-08-06 08:22:36][debug] query:{"appid":"wxc5c7e311f8d5d759","attach":"okr7Gv3xXtXelepHidhiz_fVGMLs|56650|\u8096\u9614\u607a|5316208013|2018081533514945162|100|56650|ckcz","bank_type":"ICBC_DEBIT","cash_fee":"10000","fee_type":"CNY","is_subscribe":"Y","mch_id":"1366091602","nonce_str":"cH9S0dFFgZXXJrjH","openid":"okr7Gv3xXtXelepHidhiz_fVGMLs","out_trade_no":"2018081533514945162","result_code":"SUCCESS","return_code":"SUCCESS","return_msg":"OK","sign":"1CE8E981B9D060766A228A11FDA840F2","time_end":"20180806082235","total_fee":"10000","trade_state":"SUCCESS","trade_state_desc":"\u652f\u4ed8\u6210\u529f","trade_type":"JSAPI","transaction_id":"4200000187201808066192079855"}
[2018-08-06 08:24:42][debug] trade_no---2018081533515081616
[2018-08-06 08:24:42][debug] third is 1533515082
[2018-08-06 08:24:42][debug] forth is 1533515082
[2018-08-06 08:24:52][debug] begin notify
[2018-08-06 08:24:52][debug] call back:{"appid":"wxc5c7e311f8d5d759","attach":"okr7Gv1g8IBm3-HQgNnRaQ7FTqPw|56650|\u738b\u4e30\u6e90|5316205027|2018081533515081616|100|56650|ckcz","bank_type":"CFT","cash_fee":"10000","fee_type":"CNY","is_subscribe":"Y","mch_id":"1366091602","nonce_str":"ue46b2uo9f7a1qbr7tdgmi3tjc8g03n8","openid":"okr7Gv1g8IBm3-HQgNnRaQ7FTqPw","out_trade_no":"2018081533515081616","result_code":"SUCCESS","return_code":"SUCCESS","sign":"DFC6F89AF1F9AA0AB6F263F9440BD1D0","time_end":"20180806082450","total_fee":"10000","trade_type":"JSAPI","transaction_id":"4200000178201808065937633091"}
[2018-08-06 08:24:52][debug] query:{"appid":"wxc5c7e311f8d5d759","attach":"okr7Gv1g8IBm3-HQgNnRaQ7FTqPw|56650|\u738b\u4e30\u6e90|5316205027|2018081533515081616|100|56650|ckcz","bank_type":"CFT","cash_fee":"10000","fee_type":"CNY","is_subscribe":"Y","mch_id":"1366091602","nonce_str":"0XgyZfga966FmD8p","openid":"okr7Gv1g8IBm3-HQgNnRaQ7FTqPw","out_trade_no":"2018081533515081616","result_code":"SUCCESS","return_code":"SUCCESS","return_msg":"OK","sign":"9301DD54F8D12A275DC3A6FDFB55FA4D","time_end":"20180806082450","total_fee":"10000","trade_state":"SUCCESS","trade_state_desc":"\u652f\u4ed8\u6210\u529f","trade_type":"JSAPI","transaction_id":"4200000178201808065937633091"}
[2018-08-06 08:28:09][debug] trade_no---2018081533515289922
[2018-08-06 08:28:10][debug] third is 1533515290
[2018-08-06 08:28:10][debug] forth is 1533515290
[2018-08-06 08:28:18][debug] begin notify
[2018-08-06 08:28:18][debug] call back:{"appid":"wxc5c7e311f8d5d759","attach":"okr7Gv1TTGcOrsoEqodHjnfCDHzo|56650|\u674e\u7490|T566505558036|2018081533515289922|100|56650|ckcz","bank_type":"CFT","cash_fee":"10000","fee_type":"CNY","is_subscribe":"Y","mch_id":"1366091602","nonce_str":"7luocwr74u6lb5xutu8bks1dj3pzlmyy","openid":"okr7Gv1TTGcOrsoEqodHjnfCDHzo","out_trade_no":"2018081533515289922","result_code":"SUCCESS","return_code":"SUCCESS","sign":"EE65796FB198D391B1D59C38A2D6525E","time_end":"20180806082817","total_fee":"10000","trade_type":"JSAPI","transaction_id":"4200000182201808069671420149"}
[2018-08-06 08:28:18][debug] query:{"appid":"wxc5c7e311f8d5d759","attach":"okr7Gv1TTGcOrsoEqodHjnfCDHzo|56650|\u674e\u7490|T566505558036|2018081533515289922|100|56650|ckcz","bank_type":"CFT","cash_fee":"10000","fee_type":"CNY","is_subscribe":"Y","mch_id":"1366091602","nonce_str":"50FVnhcnXFawwQ2Y","openid":"okr7Gv1TTGcOrsoEqodHjnfCDHzo","out_trade_no":"2018081533515289922","result_code":"SUCCESS","return_code":"SUCCESS","return_msg":"OK","sign":"61E638788B1FC42326547388AD36FD1D","time_end":"20180806082817","total_fee":"10000","trade_state":"SUCCESS","trade_state_desc":"\u652f\u4ed8\u6210\u529f","trade_type":"JSAPI","transaction_id":"4200000182201808069671420149"}
[2018-08-06 08:37:21][debug] trade_no---2018081533515840822
[2018-08-06 08:37:21][debug] third is 1533515841
[2018-08-06 08:37:21][debug] forth is 1533515841
[2018-08-06 08:37:32][debug] begin notify
[2018-08-06 08:37:32][debug] call back:{"appid":"wxc5c7e311f8d5d759","attach":"okr7Gv5eV34oSBt190V9ei3MorOQ|56650|\u8def\u8c6b\u98de|5316212025|2018081533515840822|100|56650|ckcz","bank_type":"CFT","cash_fee":"10000","fee_type":"CNY","is_subscribe":"Y","mch_id":"1366091602","nonce_str":"bsbl3ejr8nbvuwf14rxz6r5v2coeqdu0","openid":"okr7Gv5eV34oSBt190V9ei3MorOQ","out_trade_no":"2018081533515840822","result_code":"SUCCESS","return_code":"SUCCESS","sign":"3D7E03B4772C424D9B7D46D391BB0569","time_end":"20180806083731","total_fee":"10000","trade_type":"JSAPI","transaction_id":"4200000175201808063084229798"}
[2018-08-06 08:37:32][debug] query:{"appid":"wxc5c7e311f8d5d759","attach":"okr7Gv5eV34oSBt190V9ei3MorOQ|56650|\u8def\u8c6b\u98de|5316212025|2018081533515840822|100|56650|ckcz","bank_type":"CFT","cash_fee":"10000","fee_type":"CNY","is_subscribe":"Y","mch_id":"1366091602","nonce_str":"Ky7ZR8frzsZjdhwj","openid":"okr7Gv5eV34oSBt190V9ei3MorOQ","out_trade_no":"2018081533515840822","result_code":"SUCCESS","return_code":"SUCCESS","return_msg":"OK","sign":"D6DA2ADBAE789C9AE2759ABD18D71F3F","time_end":"20180806083732","total_fee":"10000","trade_state":"SUCCESS","trade_state_desc":"\u652f\u4ed8\u6210\u529f","trade_type":"JSAPI","transaction_id":"4200000175201808063084229798"}
[2018-08-06 08:45:07][debug] trade_no---2018081533516306670
[2018-08-06 08:45:07][debug] third is 1533516307
[2018-08-06 08:45:07][debug] forth is 1533516307
[2018-08-06 08:47:34][debug] trade_no---2018081533516452598
[2018-08-06 08:47:34][debug] third is 1533516454
[2018-08-06 08:47:34][debug] forth is 1533516454
[2018-08-06 08:48:12][debug] begin notify
[2018-08-06 08:48:12][debug] call back:{"appid":"wxc5c7e311f8d5d759","attach":"okr7Gv0FF8KtP3kcwAJM2XGjqxeI|56650|\u767d\u6d01|5316115031|2018081533516452598|100|56650|ckcz","bank_type":"CEB_DEBIT","cash_fee":"10000","fee_type":"CNY","is_subscribe":"Y","mch_id":"1366091602","nonce_str":"ryh6uwzldpwg9vzrs5iek7cix0tq7i9y","openid":"okr7Gv0FF8KtP3kcwAJM2XGjqxeI","out_trade_no":"2018081533516452598","result_code":"SUCCESS","return_code":"SUCCESS","sign":"33A3592B6EFA52A7920FC1207989601D","time_end":"20180806084811","total_fee":"10000","trade_type":"JSAPI","transaction_id":"4200000169201808065729649434"}
[2018-08-06 08:48:12][debug] query:{"appid":"wxc5c7e311f8d5d759","attach":"okr7Gv0FF8KtP3kcwAJM2XGjqxeI|56650|\u767d\u6d01|5316115031|2018081533516452598|100|56650|ckcz","bank_type":"CEB_DEBIT","cash_fee":"10000","fee_type":"CNY","is_subscribe":"Y","mch_id":"1366091602","nonce_str":"PxltYPCTx5ky0z7Q","openid":"okr7Gv0FF8KtP3kcwAJM2XGjqxeI","out_trade_no":"2018081533516452598","result_code":"SUCCESS","return_code":"SUCCESS","return_msg":"OK","sign":"4026BB9F5093574D3D6EF68BDB7467BE","time_end":"20180806084811","total_fee":"10000","trade_state":"SUCCESS","trade_state_desc":"\u652f\u4ed8\u6210\u529f","trade_type":"JSAPI","transaction_id":"4200000169201808065729649434"}
[2018-08-06 08:58:25][debug] begin notify
[2018-08-06 08:58:25][debug] call back:{"appid":"wx8c6755d40004036d","attach":"oUMeDwG4ep2mzGZfi8jGluGnlZyk|56757|\u738b\u85ae\u73b2|158084|1580841533517078824|50|npa-njx-qq-nck-yxni","bank_type":"ICBC_DEBIT","cash_fee":"4987","coupon_count":"1","coupon_fee":"13","coupon_fee_0":"13","coupon_id_0":"2000000040341393229","fee_type":"CNY","is_subscribe":"Y","mch_id":"1480239942","nonce_str":"rh4hyapxqplxeufylxrg38f50egqy2m6","openid":"oUMeDwG4ep2mzGZfi8jGluGnlZyk","out_trade_no":"1580841533517078824","result_code":"SUCCESS","return_code":"SUCCESS","sign":"ACDB6CF02C3A13A626E14806C962360C","time_end":"20180806085825","total_fee":"5000","trade_type":"JSAPI","transaction_id":"4200000175201808066304955441"}
[2018-08-06 08:58:25][debug] query:{"appid":"wx8c6755d40004036d","attach":"oUMeDwG4ep2mzGZfi8jGluGnlZyk|56757|\u738b\u85ae\u73b2|158084|1580841533517078824|50|npa-njx-qq-nck-yxni","bank_type":"ICBC_DEBIT","cash_fee":"4987","coupon_count":"1","coupon_fee":"13","coupon_fee_0":"13","coupon_id_0":"2000000040341393229","fee_type":"CNY","is_subscribe":"Y","mch_id":"1480239942","nonce_str":"964H4AAcv5CJCvnh","openid":"oUMeDwG4ep2mzGZfi8jGluGnlZyk","out_trade_no":"1580841533517078824","result_code":"SUCCESS","return_code":"SUCCESS","return_msg":"OK","sign":"DF08B53B80173B5D1BBEF4D09E1F61A2","time_end":"20180806085825","total_fee":"5000","trade_state":"SUCCESS","trade_state_desc":"\u652f\u4ed8\u6210\u529f","trade_type":"JSAPI","transaction_id":"4200000175201808066304955441"}
[2018-08-06 09:21:33][debug] trade_no---2018081533518492496
[2018-08-06 09:21:33][debug] third is 1533518493
[2018-08-06 09:21:33][debug] forth is 1533518493
[2018-08-06 09:21:47][debug] begin notify
[2018-08-06 09:21:47][debug] call back:{"appid":"wxc5c7e311f8d5d759","attach":"okr7Gv7rtjWBY9ic1TOnad05fMls|56650|\u82cf\u6021\u7136|5316203079|2018081533518492496|50|56650|ckcz","bank_type":"ICBC_DEBIT","cash_fee":"5000","fee_type":"CNY","is_subscribe":"Y","mch_id":"1366091602","nonce_str":"iueibqfvlv3cz1bch1fwrxydz0lymlil","openid":"okr7Gv7rtjWBY9ic1TOnad05fMls","out_trade_no":"2018081533518492496","result_code":"SUCCESS","return_code":"SUCCESS","sign":"5714DF391724903994631A0AE00AA6C5","time_end":"20180806092146","total_fee":"5000","trade_type":"JSAPI","transaction_id":"4200000170201808066781649631"}
[2018-08-06 09:21:47][debug] query:{"appid":"wxc5c7e311f8d5d759","attach":"okr7Gv7rtjWBY9ic1TOnad05fMls|56650|\u82cf\u6021\u7136|5316203079|2018081533518492496|50|56650|ckcz","bank_type":"ICBC_DEBIT","cash_fee":"5000","fee_type":"CNY","is_subscribe":"Y","mch_id":"1366091602","nonce_str":"nH2Yo9oZuAuMfWFf","openid":"okr7Gv7rtjWBY9ic1TOnad05fMls","out_trade_no":"2018081533518492496","result_code":"SUCCESS","return_code":"SUCCESS","return_msg":"OK","sign":"BE8228020438F93ABE513ACF3D05B7B3","time_end":"20180806092146","total_fee":"5000","trade_state":"SUCCESS","trade_state_desc":"\u652f\u4ed8\u6210\u529f","trade_type":"JSAPI","transaction_id":"4200000170201808066781649631"}
[2018-08-06 10:37:53][debug] trade_no---2018081533523072632
[2018-08-06 10:37:53][debug] third is 1533523073
[2018-08-06 10:37:53][debug] forth is 1533523073
[2018-08-06 10:38:03][debug] begin notify
[2018-08-06 10:38:03][debug] call back:{"appid":"wxc5c7e311f8d5d759","attach":"okr7Gv9Haq9PBDstlSA6_-NQn-O4|56650|\u738b\u6cd3\u68ee|5316208081|2018081533523072632|100|56650|ckcz","bank_type":"CCB_DEBIT","cash_fee":"10000","fee_type":"CNY","is_subscribe":"Y","mch_id":"1366091602","nonce_str":"d2u8t057aeuf5yieu2uf5ffhagp3eas2","openid":"okr7Gv9Haq9PBDstlSA6_-NQn-O4","out_trade_no":"2018081533523072632","result_code":"SUCCESS","return_code":"SUCCESS","sign":"2B6663993E621592CCFB431893C6B216","time_end":"20180806103802","total_fee":"10000","trade_type":"JSAPI","transaction_id":"4200000173201808068708339197"}
[2018-08-06 10:38:03][debug] query:{"appid":"wxc5c7e311f8d5d759","attach":"okr7Gv9Haq9PBDstlSA6_-NQn-O4|56650|\u738b\u6cd3\u68ee|5316208081|2018081533523072632|100|56650|ckcz","bank_type":"CCB_DEBIT","cash_fee":"10000","fee_type":"CNY","is_subscribe":"Y","mch_id":"1366091602","nonce_str":"NkkZ4a8csOWRE7r4","openid":"okr7Gv9Haq9PBDstlSA6_-NQn-O4","out_trade_no":"2018081533523072632","result_code":"SUCCESS","return_code":"SUCCESS","return_msg":"OK","sign":"D7D71F911D22E0CCFAF2CC219C012908","time_end":"20180806103802","total_fee":"10000","trade_state":"SUCCESS","trade_state_desc":"\u652f\u4ed8\u6210\u529f","trade_type":"JSAPI","transaction_id":"4200000173201808068708339197"}
[2018-08-06 10:59:42][debug] trade_no---2018081533524381613
[2018-08-06 10:59:42][debug] third is 1533524382
[2018-08-06 10:59:42][debug] forth is 1533524382
[2018-08-06 10:59:54][debug] begin notify
[2018-08-06 10:59:54][debug] call back:{"appid":"wxc5c7e311f8d5d759","attach":"okr7GvwyWLK0bqypHYnqUDnaMkUI|56650|\u6768\u4e9a\u5357|T566514012018|2018081533524381613|20|56650|ckcz","bank_type":"CFT","cash_fee":"2000","fee_type":"CNY","is_subscribe":"Y","mch_id":"1366091602","nonce_str":"vb2l9mwqt9xtfwyx91dfwcygvymrhn1l","openid":"okr7GvwyWLK0bqypHYnqUDnaMkUI","out_trade_no":"2018081533524381613","result_code":"SUCCESS","return_code":"SUCCESS","sign":"F7235B3DA16C010953DC65A041E9BD81","time_end":"20180806105953","total_fee":"2000","trade_type":"JSAPI","transaction_id":"4200000168201808063010704651"}
[2018-08-06 10:59:54][debug] query:{"appid":"wxc5c7e311f8d5d759","attach":"okr7GvwyWLK0bqypHYnqUDnaMkUI|56650|\u6768\u4e9a\u5357|T566514012018|2018081533524381613|20|56650|ckcz","bank_type":"CFT","cash_fee":"2000","fee_type":"CNY","is_subscribe":"Y","mch_id":"1366091602","nonce_str":"mL52lyzMoWZcueLd","openid":"okr7GvwyWLK0bqypHYnqUDnaMkUI","out_trade_no":"2018081533524381613","result_code":"SUCCESS","return_code":"SUCCESS","return_msg":"OK","sign":"2B9DB115FC840183690A03C502047905","time_end":"20180806105953","total_fee":"2000","trade_state":"SUCCESS","trade_state_desc":"\u652f\u4ed8\u6210\u529f","trade_type":"JSAPI","transaction_id":"4200000168201808063010704651"}
[2018-08-06 11:01:07][debug] begin notify
[2018-08-06 11:01:07][debug] call back:{"appid":"wx8c6755d40004036d","attach":"okr7GvwyWLK0bqypHYnqUDnaMkUI|56650|\u6768\u4e9a\u5357|115121|1151211533524455577|10|pa-jx-qq-ck-ygyu","bank_type":"CFT","cash_fee":"1000","fee_type":"CNY","is_subscribe":"N","mch_id":"1480239942","nonce_str":"dyux6wth1nrgabd59phcyq9xujjlsi3u","openid":"oUMeDwBruEGSpvosg0ZLJClPSJc0","out_trade_no":"1151211533524455577","result_code":"SUCCESS","return_code":"SUCCESS","sign":"703DEC21970A26D446C35E917057B45E","time_end":"20180806110106","total_fee":"1000","trade_type":"JSAPI","transaction_id":"4200000181201808063859183338"}
[2018-08-06 11:01:07][debug] query:{"appid":"wx8c6755d40004036d","attach":"okr7GvwyWLK0bqypHYnqUDnaMkUI|56650|\u6768\u4e9a\u5357|115121|1151211533524455577|10|pa-jx-qq-ck-ygyu","bank_type":"CFT","cash_fee":"1000","fee_type":"CNY","is_subscribe":"N","mch_id":"1480239942","nonce_str":"oc2NlhvHo7cibmDh","openid":"oUMeDwBruEGSpvosg0ZLJClPSJc0","out_trade_no":"1151211533524455577","result_code":"SUCCESS","return_code":"SUCCESS","return_msg":"OK","sign":"06C34FCBF8C5F94DE5B669C318770F12","time_end":"20180806110106","total_fee":"1000","trade_state":"SUCCESS","trade_state_desc":"\u652f\u4ed8\u6210\u529f","trade_type":"JSAPI","transaction_id":"4200000181201808063859183338"}
[2018-08-06 11:34:33][debug] begin notify
[2018-08-06 11:38:50][debug] trade_no---2018081533526729859
[2018-08-06 11:38:50][debug] third is 1533526730
[2018-08-06 11:38:50][debug] forth is 1533526730
[2018-08-06 11:39:03][debug] begin notify
[2018-08-06 11:39:03][debug] call back:{"appid":"wxc5c7e311f8d5d759","attach":"okr7Gvza4fzJoIS6WhY8rPcciILk|56650|\u970d\u5e05\u699c|5316203020|2018081533526729859|50|56650|ckcz","bank_type":"PSBC_DEBIT","cash_fee":"5000","fee_type":"CNY","is_subscribe":"Y","mch_id":"1366091602","nonce_str":"zazk1lt0rwmy5wo6haqhfruzh9bbd05c","openid":"okr7Gvza4fzJoIS6WhY8rPcciILk","out_trade_no":"2018081533526729859","result_code":"SUCCESS","return_code":"SUCCESS","sign":"D0537096A49CA188B3D90CAAADCA1464","time_end":"20180806113902","total_fee":"5000","trade_type":"JSAPI","transaction_id":"4200000180201808064273877172"}
[2018-08-06 11:39:04][debug] query:{"appid":"wxc5c7e311f8d5d759","attach":"okr7Gvza4fzJoIS6WhY8rPcciILk|56650|\u970d\u5e05\u699c|5316203020|2018081533526729859|50|56650|ckcz","bank_type":"PSBC_DEBIT","cash_fee":"5000","fee_type":"CNY","is_subscribe":"Y","mch_id":"1366091602","nonce_str":"WRmIZAHYII2T17mq","openid":"okr7Gvza4fzJoIS6WhY8rPcciILk","out_trade_no":"2018081533526729859","result_code":"SUCCESS","return_code":"SUCCESS","return_msg":"OK","sign":"5EDC1D058FD819E945EEF968BAE53CF9","time_end":"20180806113902","total_fee":"5000","trade_state":"SUCCESS","trade_state_desc":"\u652f\u4ed8\u6210\u529f","trade_type":"JSAPI","transaction_id":"4200000180201808064273877172"}
[2018-08-06 11:46:34][debug] trade_no---2018081533527193678
[2018-08-06 11:46:34][debug] third is 1533527194
[2018-08-06 11:46:34][debug] forth is 1533527194
[2018-08-06 11:46:44][debug] begin notify
[2018-08-06 11:46:44][debug] call back:{"appid":"wxc5c7e311f8d5d759","attach":"okr7Gv2CauAx0CbWDT3BvkHifyrU|56650|\u5b59\u96ef|5316210057|2018081533527193678|100|56650|ckcz","bank_type":"CFT","cash_fee":"10000","fee_type":"CNY","is_subscribe":"Y","mch_id":"1366091602","nonce_str":"lowa9evk526etev74u1y0qxh7jshopjf","openid":"okr7Gv2CauAx0CbWDT3BvkHifyrU","out_trade_no":"2018081533527193678","result_code":"SUCCESS","return_code":"SUCCESS","sign":"C4084F8FFB337BBD0A550A96C6F28262","time_end":"20180806114643","total_fee":"10000","trade_type":"JSAPI","transaction_id":"4200000167201808064139579545"}
[2018-08-06 11:46:45][debug] query:{"appid":"wxc5c7e311f8d5d759","attach":"okr7Gv2CauAx0CbWDT3BvkHifyrU|56650|\u5b59\u96ef|5316210057|2018081533527193678|100|56650|ckcz","bank_type":"CFT","cash_fee":"10000","fee_type":"CNY","is_subscribe":"Y","mch_id":"1366091602","nonce_str":"v8jrLxUFspV3iXiJ","openid":"okr7Gv2CauAx0CbWDT3BvkHifyrU","out_trade_no":"2018081533527193678","result_code":"SUCCESS","return_code":"SUCCESS","return_msg":"OK","sign":"4C61F727890450A6DB702CC685FAC7EF","time_end":"20180806114643","total_fee":"10000","trade_state":"SUCCESS","trade_state_desc":"\u652f\u4ed8\u6210\u529f","trade_type":"JSAPI","transaction_id":"4200000167201808064139579545"}
[2018-08-06 11:59:36][debug] trade_no---2018081533527974943
[2018-08-06 11:59:36][debug] third is 1533527976
[2018-08-06 11:59:36][debug] forth is 1533527976
[2018-08-06 11:59:55][debug] begin notify
[2018-08-06 11:59:55][debug] call back:{"appid":"wxc5c7e311f8d5d759","attach":"okr7Gv88WO4DB6qMsTp4OfhxLV7w|56650|\u6731\u4e9a\u535a|5316208019|2018081533527974943|200|56650|ckcz","bank_type":"CFT","cash_fee":"20000","fee_type":"CNY","is_subscribe":"Y","mch_id":"1366091602","nonce_str":"jsx64k2qee9mfg49f2whdtl5bzly53g8","openid":"okr7Gv88WO4DB6qMsTp4OfhxLV7w","out_trade_no":"2018081533527974943","result_code":"SUCCESS","return_code":"SUCCESS","sign":"70CD5F31D4925E0EF18886965BC3288C","time_end":"20180806115954","total_fee":"20000","trade_type":"JSAPI","transaction_id":"4200000178201808069073185768"}
[2018-08-06 11:59:55][debug] query:{"appid":"wxc5c7e311f8d5d759","attach":"okr7Gv88WO4DB6qMsTp4OfhxLV7w|56650|\u6731\u4e9a\u535a|5316208019|2018081533527974943|200|56650|ckcz","bank_type":"CFT","cash_fee":"20000","fee_type":"CNY","is_subscribe":"Y","mch_id":"1366091602","nonce_str":"G3MrjwmjAQYnn9Xj","openid":"okr7Gv88WO4DB6qMsTp4OfhxLV7w","out_trade_no":"2018081533527974943","result_code":"SUCCESS","return_code":"SUCCESS","return_msg":"OK","sign":"53FF80756429C08D7BC61BACBA8ACC41","time_end":"20180806115954","total_fee":"20000","trade_state":"SUCCESS","trade_state_desc":"\u652f\u4ed8\u6210\u529f","trade_type":"JSAPI","transaction_id":"4200000178201808069073185768"}
[2018-08-06 12:00:38][debug] trade_no---2018081533528037407
[2018-08-06 12:00:39][debug] third is 1533528039
[2018-08-06 12:00:39][debug] forth is 1533528039
[2018-08-06 12:00:47][debug] begin notify
[2018-08-06 12:00:47][debug] call back:{"appid":"wxc5c7e311f8d5d759","attach":"okr7Gv3GGdyT8dEnS3HHn5v1-RHc|56650|\u7a46\u6d77\u6d0b|5316115084|2018081533528037407|100|56650|ckcz","bank_type":"ICBC_DEBIT","cash_fee":"10000","fee_type":"CNY","is_subscribe":"Y","mch_id":"1366091602","nonce_str":"178uvd4kin3m1as3rwdkap38mu9j86zm","openid":"okr7Gv3GGdyT8dEnS3HHn5v1-RHc","out_trade_no":"2018081533528037407","result_code":"SUCCESS","return_code":"SUCCESS","sign":"94DD6C4EDC07DDAC1EB137DB932F7A69","time_end":"20180806120046","total_fee":"10000","trade_type":"JSAPI","transaction_id":"4200000165201808068362832158"}
[2018-08-06 12:00:48][debug] query:{"appid":"wxc5c7e311f8d5d759","attach":"okr7Gv3GGdyT8dEnS3HHn5v1-RHc|56650|\u7a46\u6d77\u6d0b|5316115084|2018081533528037407|100|56650|ckcz","bank_type":"ICBC_DEBIT","cash_fee":"10000","fee_type":"CNY","is_subscribe":"Y","mch_id":"1366091602","nonce_str":"DGQ5WrL0AUGM06JH","openid":"okr7Gv3GGdyT8dEnS3HHn5v1-RHc","out_trade_no":"2018081533528037407","result_code":"SUCCESS","return_code":"SUCCESS","return_msg":"OK","sign":"F155619BF026FD4FC7FF6D26BB675640","time_end":"20180806120046","total_fee":"10000","trade_state":"SUCCESS","trade_state_desc":"\u652f\u4ed8\u6210\u529f","trade_type":"JSAPI","transaction_id":"4200000165201808068362832158"}
[2018-08-06 12:17:54][debug] trade_no---2018081533529073521
[2018-08-06 12:17:54][debug] third is 1533529074
[2018-08-06 12:17:54][debug] forth is 1533529074
[2018-08-06 12:21:15][debug] trade_no---2018081533529274735
[2018-08-06 12:21:15][debug] third is 1533529275
[2018-08-06 12:21:15][debug] forth is 1533529275
[2018-08-06 12:21:27][debug] begin notify
[2018-08-06 12:21:27][debug] call back:{"appid":"wxc5c7e311f8d5d759","attach":"okr7Gv147dVV-87wVwQJ4N5NhnHk|56650|\u4e07\u677e\u4e50|T566505558007|2018081533529274735|100|56650|ckcz","bank_type":"CFT","cash_fee":"9985","coupon_count":"1","coupon_fee":"15","coupon_fee_0":"15","coupon_id_0":"2000000040429248073","fee_type":"CNY","is_subscribe":"Y","mch_id":"1366091602","nonce_str":"r2ocjpbui2odo0oxpo6d5vxvbn28ws6b","openid":"okr7Gv147dVV-87wVwQJ4N5NhnHk","out_trade_no":"2018081533529274735","result_code":"SUCCESS","return_code":"SUCCESS","sign":"E77D4BD66FE865848494963DA403FCC8","time_end":"20180806122126","total_fee":"10000","trade_type":"JSAPI","transaction_id":"4200000174201808066618210620"}
[2018-08-06 12:21:27][debug] query:{"appid":"wxc5c7e311f8d5d759","attach":"okr7Gv147dVV-87wVwQJ4N5NhnHk|56650|\u4e07\u677e\u4e50|T566505558007|2018081533529274735|100|56650|ckcz","bank_type":"CFT","cash_fee":"9985","coupon_count":"1","coupon_fee":"15","coupon_fee_0":"15","coupon_id_0":"2000000040429248073","fee_type":"CNY","is_subscribe":"Y","mch_id":"1366091602","nonce_str":"qcIgqg3JaxHu69jQ","openid":"okr7Gv147dVV-87wVwQJ4N5NhnHk","out_trade_no":"2018081533529274735","result_code":"SUCCESS","return_code":"SUCCESS","return_msg":"OK","sign":"9F4AD52C4F93AFFA71620FB3D32C834A","time_end":"20180806122126","total_fee":"10000","trade_state":"SUCCESS","trade_state_desc":"\u652f\u4ed8\u6210\u529f","trade_type":"JSAPI","transaction_id":"4200000174201808066618210620"}
[2018-08-06 12:23:40][debug] trade_no---2018081533529419936
[2018-08-06 12:23:40][debug] third is 1533529420
[2018-08-06 12:23:40][debug] forth is 1533529420
[2018-08-06 12:24:07][debug] begin notify
[2018-08-06 12:24:07][debug] call back:{"appid":"wxc5c7e311f8d5d759","attach":"okr7GvxpApEgMxUkrWAnXScPDWg4|56650|\u738b\u5609\u797a|5316205092|2018081533529419936|100|56650|ckcz","bank_type":"CFT","cash_fee":"9988","coupon_count":"1","coupon_fee":"12","coupon_fee_0":"12","coupon_id_0":"2000000040407301191","fee_type":"CNY","is_subscribe":"Y","mch_id":"1366091602","nonce_str":"3y99wvoalpcjw293tyi7vzevzm17dcn9","openid":"okr7GvxpApEgMxUkrWAnXScPDWg4","out_trade_no":"2018081533529419936","result_code":"SUCCESS","return_code":"SUCCESS","sign":"1D6D8E9F50D7E3F8F4A7EB87D94B6D7F","time_end":"20180806122406","total_fee":"10000","trade_type":"JSAPI","transaction_id":"4200000183201808065193844207"}
[2018-08-06 12:24:07][debug] query:{"appid":"wxc5c7e311f8d5d759","attach":"okr7GvxpApEgMxUkrWAnXScPDWg4|56650|\u738b\u5609\u797a|5316205092|2018081533529419936|100|56650|ckcz","bank_type":"CFT","cash_fee":"9988","coupon_count":"1","coupon_fee":"12","coupon_fee_0":"12","coupon_id_0":"2000000040407301191","fee_type":"CNY","is_subscribe":"Y","mch_id":"1366091602","nonce_str":"jaYk4QLjrPFk4RL2","openid":"okr7GvxpApEgMxUkrWAnXScPDWg4","out_trade_no":"2018081533529419936","result_code":"SUCCESS","return_code":"SUCCESS","return_msg":"OK","sign":"B043ACD19FBCC898C3A89C62D4F12A6D","time_end":"20180806122406","total_fee":"10000","trade_state":"SUCCESS","trade_state_desc":"\u652f\u4ed8\u6210\u529f","trade_type":"JSAPI","transaction_id":"4200000183201808065193844207"}
[2018-08-06 12:33:02][debug] trade_no---2018081533529981661
[2018-08-06 12:33:02][debug] third is 1533529982
[2018-08-06 12:33:02][debug] forth is 1533529982
[2018-08-06 12:33:10][debug] begin notify
[2018-08-06 12:33:10][debug] call back:{"appid":"wxc5c7e311f8d5d759","attach":"okr7Gv9MsinER9K_w8R9Z3xuXqJ4|56650|\u674e\u827a\u6587|5316114066|2018081533529981661|100|56650|ckcz","bank_type":"BOC_CREDIT","cash_fee":"10000","fee_type":"CNY","is_subscribe":"Y","mch_id":"1366091602","nonce_str":"b4p6bc7zk9ukhny8tzfawjershazfa82","openid":"okr7Gv9MsinER9K_w8R9Z3xuXqJ4","out_trade_no":"2018081533529981661","result_code":"SUCCESS","return_code":"SUCCESS","sign":"D46C1F41FD7E0BCF420EB24A0DD4297B","time_end":"20180806123309","total_fee":"10000","trade_type":"JSAPI","transaction_id":"4200000166201808067830826419"}
[2018-08-06 12:33:10][debug] query:{"appid":"wxc5c7e311f8d5d759","attach":"okr7Gv9MsinER9K_w8R9Z3xuXqJ4|56650|\u674e\u827a\u6587|5316114066|2018081533529981661|100|56650|ckcz","bank_type":"BOC_CREDIT","cash_fee":"10000","fee_type":"CNY","is_subscribe":"Y","mch_id":"1366091602","nonce_str":"cL6nrQsAPhYrRxVi","openid":"okr7Gv9MsinER9K_w8R9Z3xuXqJ4","out_trade_no":"2018081533529981661","result_code":"SUCCESS","return_code":"SUCCESS","return_msg":"OK","sign":"09E1057C234E232BD57C6627F68691BE","time_end":"20180806123309","total_fee":"10000","trade_state":"SUCCESS","trade_state_desc":"\u652f\u4ed8\u6210\u529f","trade_type":"JSAPI","transaction_id":"4200000166201808067830826419"}
[2018-08-06 12:45:05][debug] trade_no---2018081533530704747
[2018-08-06 12:45:05][debug] third is 1533530705
[2018-08-06 12:45:05][debug] forth is 1533530705
[2018-08-06 12:45:18][debug] begin notify
[2018-08-06 12:45:18][debug] call back:{"appid":"wxc5c7e311f8d5d759","attach":"okr7Gv8Qg9WneTh2l5MgvyN6PLwA|56650|\u5b5f\u7389\u5a07|T566505560066|2018081533530704747|100|56650|ckcz","bank_type":"ICBC_DEBIT","cash_fee":"10000","fee_type":"CNY","is_subscribe":"Y","mch_id":"1366091602","nonce_str":"qeylh4e770t0q06u5fcn439qlo1a63g9","openid":"okr7Gv8Qg9WneTh2l5MgvyN6PLwA","out_trade_no":"2018081533530704747","result_code":"SUCCESS","return_code":"SUCCESS","sign":"6286E24E32F378CE912089BB042FE45D","time_end":"20180806124518","total_fee":"10000","trade_type":"JSAPI","transaction_id":"4200000186201808065117016175"}
[2018-08-06 12:45:19][debug] query:{"appid":"wxc5c7e311f8d5d759","attach":"okr7Gv8Qg9WneTh2l5MgvyN6PLwA|56650|\u5b5f\u7389\u5a07|T566505560066|2018081533530704747|100|56650|ckcz","bank_type":"ICBC_DEBIT","cash_fee":"10000","fee_type":"CNY","is_subscribe":"Y","mch_id":"1366091602","nonce_str":"jz3IW1Jd7kUYUj53","openid":"okr7Gv8Qg9WneTh2l5MgvyN6PLwA","out_trade_no":"2018081533530704747","result_code":"SUCCESS","return_code":"SUCCESS","return_msg":"OK","sign":"23F3A33D6BE5F73938604DA7030D706C","time_end":"20180806124518","total_fee":"10000","trade_state":"SUCCESS","trade_state_desc":"\u652f\u4ed8\u6210\u529f","trade_type":"JSAPI","transaction_id":"4200000186201808065117016175"}
[2018-08-06 12:48:56][debug] begin notify
[2018-08-06 12:48:56][debug] call back:{"appid":"wx8c6755d40004036d","attach":"okr7Gv9-T9K5Z1C-HROjq3qqmXnM|56650|\u5434\u9068\u6587|131874|1318741533530924506|10|pa-jx-qq-ck-ygyu","bank_type":"ICBC_DEBIT","cash_fee":"1000","fee_type":"CNY","is_subscribe":"Y","mch_id":"1480239942","nonce_str":"bpulp5kxxoaefrudiq62jah3kzvc5vi4","openid":"oUMeDwBpVlH2IAM-SeqPid-9osB4","out_trade_no":"1318741533530924506","result_code":"SUCCESS","return_code":"SUCCESS","sign":"B788320C61C82ECEAB68CF916E551AF3","time_end":"20180806124855","total_fee":"1000","trade_type":"JSAPI","transaction_id":"4200000175201808063344644121"}
[2018-08-06 12:48:56][debug] query:{"appid":"wx8c6755d40004036d","attach":"okr7Gv9-T9K5Z1C-HROjq3qqmXnM|56650|\u5434\u9068\u6587|131874|1318741533530924506|10|pa-jx-qq-ck-ygyu","bank_type":"ICBC_DEBIT","cash_fee":"1000","fee_type":"CNY","is_subscribe":"Y","mch_id":"1480239942","nonce_str":"PRE6WtJienmJzE9J","openid":"oUMeDwBpVlH2IAM-SeqPid-9osB4","out_trade_no":"1318741533530924506","result_code":"SUCCESS","return_code":"SUCCESS","return_msg":"OK","sign":"B7B66B47FADEDA845B896E7D27E6E983","time_end":"20180806124855","total_fee":"1000","trade_state":"SUCCESS","trade_state_desc":"\u652f\u4ed8\u6210\u529f","trade_type":"JSAPI","transaction_id":"4200000175201808063344644121"}
[2018-08-06 12:51:12][debug] trade_no---2018081533531069998
[2018-08-06 12:51:12][debug] third is 1533531072
[2018-08-06 12:51:12][debug] forth is 1533531072
[2018-08-06 12:51:25][debug] begin notify
[2018-08-06 12:51:25][debug] call back:{"appid":"wxc5c7e311f8d5d759","attach":"okr7Gv6B-wHDJXnl6osixOczFCA0|56650|\u66f9\u7693\u68ee|5316204076|2018081533531069998|100|56650|ckcz","bank_type":"ABC_DEBIT","cash_fee":"10000","fee_type":"CNY","is_subscribe":"Y","mch_id":"1366091602","nonce_str":"ycfpj7o5p0lhoql4mlleh7g1j1xzk60k","openid":"okr7Gv6B-wHDJXnl6osixOczFCA0","out_trade_no":"2018081533531069998","result_code":"SUCCESS","return_code":"SUCCESS","sign":"5C468C81594356FC55A71292C2801C72","time_end":"20180806125124","total_fee":"10000","trade_type":"JSAPI","transaction_id":"4200000182201808068861851208"}
[2018-08-06 12:51:25][debug] query:{"appid":"wxc5c7e311f8d5d759","attach":"okr7Gv6B-wHDJXnl6osixOczFCA0|56650|\u66f9\u7693\u68ee|5316204076|2018081533531069998|100|56650|ckcz","bank_type":"ABC_DEBIT","cash_fee":"10000","fee_type":"CNY","is_subscribe":"Y","mch_id":"1366091602","nonce_str":"1OCjtGIdGtoGJuHM","openid":"okr7Gv6B-wHDJXnl6osixOczFCA0","out_trade_no":"2018081533531069998","result_code":"SUCCESS","return_code":"SUCCESS","return_msg":"OK","sign":"7C46B6A0621E26BBD269A7E50D0D55C0","time_end":"20180806125124","total_fee":"10000","trade_state":"SUCCESS","trade_state_desc":"\u652f\u4ed8\u6210\u529f","trade_type":"JSAPI","transaction_id":"4200000182201808068861851208"}
