[2018-08-05 04:20:47][debug] begin notify
[2018-08-05 04:52:00][debug] trade_no---2018081533415918974
[2018-08-05 04:52:00][debug] third is 1533415920
[2018-08-05 04:52:00][debug] forth is 1533415920
[2018-08-05 04:52:03][debug] trade_no---2018081533415922382
[2018-08-05 04:52:03][debug] third is 1533415923
[2018-08-05 04:52:03][debug] forth is 1533415923
[2018-08-05 04:52:14][debug] begin notify
[2018-08-05 04:52:14][debug] call back:{"appid":"wxc5c7e311f8d5d759","attach":"okr7GvyL9rpVnhOjdzLAEIs39HIs|56650|\u738b\u6587\u68cb|5316205085|2018081533415922382|100|56650|ckcz","bank_type":"ABC_DEBIT","cash_fee":"10000","fee_type":"CNY","is_subscribe":"Y","mch_id":"1366091602","nonce_str":"0uwaexjoxv9rv2amops2gu9v3zyq1kxf","openid":"okr7GvyL9rpVnhOjdzLAEIs39HIs","out_trade_no":"2018081533415922382","result_code":"SUCCESS","return_code":"SUCCESS","sign":"16B4697210DE0B53F2E0EEBECEEF12F6","time_end":"20180805045214","total_fee":"10000","trade_type":"JSAPI","transaction_id":"4200000180201808051712464606"}
[2018-08-05 04:52:15][debug] query:{"appid":"wxc5c7e311f8d5d759","attach":"okr7GvyL9rpVnhOjdzLAEIs39HIs|56650|\u738b\u6587\u68cb|5316205085|2018081533415922382|100|56650|ckcz","bank_type":"ABC_DEBIT","cash_fee":"10000","fee_type":"CNY","is_subscribe":"Y","mch_id":"1366091602","nonce_str":"8Z2TLTgwneMkOLvE","openid":"okr7GvyL9rpVnhOjdzLAEIs39HIs","out_trade_no":"2018081533415922382","result_code":"SUCCESS","return_code":"SUCCESS","return_msg":"OK","sign":"7E8C2EF4C86802EB714116B80648C701","time_end":"20180805045214","total_fee":"10000","trade_state":"SUCCESS","trade_state_desc":"\u652f\u4ed8\u6210\u529f","trade_type":"JSAPI","transaction_id":"4200000180201808051712464606"}
[2018-08-05 05:13:58][debug] trade_no---2018081533417237120
[2018-08-05 05:13:58][debug] third is 1533417238
[2018-08-05 05:13:58][debug] forth is 1533417238
[2018-08-05 05:14:20][debug] begin notify
[2018-08-05 05:14:20][debug] call back:{"appid":"wxc5c7e311f8d5d759","attach":"okr7GvyBeEkV3AyHx840tHQtVg8s|56650|\u5f20\u9633|5316208067|2018081533417237120|200|56650|ckcz","bank_type":"BOC_DEBIT","cash_fee":"20000","fee_type":"CNY","is_subscribe":"Y","mch_id":"1366091602","nonce_str":"l1twppyajjbp9yw0le2zjcjwcvmlb7s5","openid":"okr7GvyBeEkV3AyHx840tHQtVg8s","out_trade_no":"2018081533417237120","result_code":"SUCCESS","return_code":"SUCCESS","sign":"F02F4B5D4C98F6450C6031A1C93BE36D","time_end":"20180805051419","total_fee":"20000","trade_type":"JSAPI","transaction_id":"4200000180201808052779983354"}
[2018-08-05 05:14:20][debug] query:{"appid":"wxc5c7e311f8d5d759","attach":"okr7GvyBeEkV3AyHx840tHQtVg8s|56650|\u5f20\u9633|5316208067|2018081533417237120|200|56650|ckcz","bank_type":"BOC_DEBIT","cash_fee":"20000","fee_type":"CNY","is_subscribe":"Y","mch_id":"1366091602","nonce_str":"x8KMbo2EeDaQsTdf","openid":"okr7GvyBeEkV3AyHx840tHQtVg8s","out_trade_no":"2018081533417237120","result_code":"SUCCESS","return_code":"SUCCESS","return_msg":"OK","sign":"4AD63EEF1E62F1DC5F442D177B200976","time_end":"20180805051419","total_fee":"20000","trade_state":"SUCCESS","trade_state_desc":"\u652f\u4ed8\u6210\u529f","trade_type":"JSAPI","transaction_id":"4200000180201808052779983354"}
[2018-08-05 05:14:46][debug] trade_no---2018081533417285249
[2018-08-05 05:14:46][debug] third is 1533417286
[2018-08-05 05:14:46][debug] forth is 1533417286
[2018-08-05 05:14:58][debug] begin notify
[2018-08-05 05:14:58][debug] call back:{"appid":"wxc5c7e311f8d5d759","attach":"okr7Gv5vBGVeIxPKOXhyFEnuucp4|56650|\u51af\u4f1f\u4e3d|5316116011|2018081533417285249|100|56650|ckcz","bank_type":"CFT","cash_fee":"10000","fee_type":"CNY","is_subscribe":"Y","mch_id":"1366091602","nonce_str":"kpmno7ej8oe704mqing2y5phtrzlto10","openid":"okr7Gv5vBGVeIxPKOXhyFEnuucp4","out_trade_no":"2018081533417285249","result_code":"SUCCESS","return_code":"SUCCESS","sign":"6C022BEE2657D1BA140F67ECEA89430E","time_end":"20180805051458","total_fee":"10000","trade_type":"JSAPI","transaction_id":"4200000170201808053539902181"}
[2018-08-05 05:14:59][debug] query:{"appid":"wxc5c7e311f8d5d759","attach":"okr7Gv5vBGVeIxPKOXhyFEnuucp4|56650|\u51af\u4f1f\u4e3d|5316116011|2018081533417285249|100|56650|ckcz","bank_type":"CFT","cash_fee":"10000","fee_type":"CNY","is_subscribe":"Y","mch_id":"1366091602","nonce_str":"bq79y24SAjCxTOCC","openid":"okr7Gv5vBGVeIxPKOXhyFEnuucp4","out_trade_no":"2018081533417285249","result_code":"SUCCESS","return_code":"SUCCESS","return_msg":"OK","sign":"6160743E0E40B07C885141CE15D40415","time_end":"20180805051458","total_fee":"10000","trade_state":"SUCCESS","trade_state_desc":"\u652f\u4ed8\u6210\u529f","trade_type":"JSAPI","transaction_id":"4200000170201808053539902181"}
[2018-08-05 05:15:16][debug] trade_no---2018081533417285249
[2018-08-05 05:15:16][debug] third is 1533417316
[2018-08-05 05:15:16][debug] trade_no---2018081533417285249
[2018-08-05 05:15:16][debug] third is 1533417316
[2018-08-05 05:16:10][debug] trade_no---2018081533417369328
[2018-08-05 05:16:10][debug] third is 1533417370
[2018-08-05 05:16:10][debug] forth is 1533417370
[2018-08-05 05:16:24][debug] begin notify
[2018-08-05 05:16:24][debug] call back:{"appid":"wxc5c7e311f8d5d759","attach":"okr7Gv2ROqf5wsBK5SgncrZX3g24|56650|\u59dc\u6c9b\u59d7|5316119001|2018081533417369328|100|56650|ckcz","bank_type":"ICBC_DEBIT","cash_fee":"10000","fee_type":"CNY","is_subscribe":"Y","mch_id":"1366091602","nonce_str":"52b97nwxr7yn5hoodz7gznmo8cvtn1zw","openid":"okr7Gv2ROqf5wsBK5SgncrZX3g24","out_trade_no":"2018081533417369328","result_code":"SUCCESS","return_code":"SUCCESS","sign":"004DAC548E826E3B1F80B28953AB5355","time_end":"20180805051623","total_fee":"10000","trade_type":"JSAPI","transaction_id":"4200000181201808059904676425"}
[2018-08-05 05:16:24][debug] query:{"appid":"wxc5c7e311f8d5d759","attach":"okr7Gv2ROqf5wsBK5SgncrZX3g24|56650|\u59dc\u6c9b\u59d7|5316119001|2018081533417369328|100|56650|ckcz","bank_type":"ICBC_DEBIT","cash_fee":"10000","fee_type":"CNY","is_subscribe":"Y","mch_id":"1366091602","nonce_str":"5u2Bkv4yjPCTmDX3","openid":"okr7Gv2ROqf5wsBK5SgncrZX3g24","out_trade_no":"2018081533417369328","result_code":"SUCCESS","return_code":"SUCCESS","return_msg":"OK","sign":"BE7A9CF9AF03390087C3ABCD519C4483","time_end":"20180805051623","total_fee":"10000","trade_state":"SUCCESS","trade_state_desc":"\u652f\u4ed8\u6210\u529f","trade_type":"JSAPI","transaction_id":"4200000181201808059904676425"}
[2018-08-05 05:23:34][debug] trade_no---2018081533417813871
[2018-08-05 05:23:35][debug] third is 1533417815
[2018-08-05 05:23:35][debug] forth is 1533417815
[2018-08-05 05:23:53][debug] begin notify
[2018-08-05 05:23:53][debug] call back:{"appid":"wxc5c7e311f8d5d759","attach":"okr7Gv9l62FOKque7pDOztX9O854|56650|\u7687\u752b\u661f\u8c6a|5316211062|2018081533417813871|100|56650|ckcz","bank_type":"CFT","cash_fee":"10000","fee_type":"CNY","is_subscribe":"Y","mch_id":"1366091602","nonce_str":"n2rjyfchsg4y6efb04orz087me5khzje","openid":"okr7Gv9l62FOKque7pDOztX9O854","out_trade_no":"2018081533417813871","result_code":"SUCCESS","return_code":"SUCCESS","sign":"E132C07ABEB9C113310A01645B688585","time_end":"20180805052352","total_fee":"10000","trade_type":"JSAPI","transaction_id":"4200000175201808058437254085"}
[2018-08-05 05:23:53][debug] query:{"appid":"wxc5c7e311f8d5d759","attach":"okr7Gv9l62FOKque7pDOztX9O854|56650|\u7687\u752b\u661f\u8c6a|5316211062|2018081533417813871|100|56650|ckcz","bank_type":"CFT","cash_fee":"10000","fee_type":"CNY","is_subscribe":"Y","mch_id":"1366091602","nonce_str":"lVZs5J2fTPB8hQi1","openid":"okr7Gv9l62FOKque7pDOztX9O854","out_trade_no":"2018081533417813871","result_code":"SUCCESS","return_code":"SUCCESS","return_msg":"OK","sign":"B1BE85D8904301D388B0C828E80B5438","time_end":"20180805052352","total_fee":"10000","trade_state":"SUCCESS","trade_state_desc":"\u652f\u4ed8\u6210\u529f","trade_type":"JSAPI","transaction_id":"4200000175201808058437254085"}
[2018-08-05 05:31:40][debug] trade_no---2018081533418299918
[2018-08-05 05:31:40][debug] third is 1533418300
[2018-08-05 05:31:40][debug] forth is 1533418300
[2018-08-05 05:31:52][debug] begin notify
[2018-08-05 05:31:52][debug] call back:{"appid":"wxc5c7e311f8d5d759","attach":"okr7Gv1XP2S2wFILcul4v2giDWHM|56650|\u7eaa\u6cfd\u6d69|5316115099|2018081533418299918|100|56650|ckcz","bank_type":"ABC_DEBIT","cash_fee":"10000","fee_type":"CNY","is_subscribe":"Y","mch_id":"1366091602","nonce_str":"gibg0chcuy192zqnwowbebtvkahvtokh","openid":"okr7Gv1XP2S2wFILcul4v2giDWHM","out_trade_no":"2018081533418299918","result_code":"SUCCESS","return_code":"SUCCESS","sign":"E62945ED411B39B26A935492C97D914B","time_end":"20180805053151","total_fee":"10000","trade_type":"JSAPI","transaction_id":"4200000166201808055531365701"}
[2018-08-05 05:31:52][debug] query:{"appid":"wxc5c7e311f8d5d759","attach":"okr7Gv1XP2S2wFILcul4v2giDWHM|56650|\u7eaa\u6cfd\u6d69|5316115099|2018081533418299918|100|56650|ckcz","bank_type":"ABC_DEBIT","cash_fee":"10000","fee_type":"CNY","is_subscribe":"Y","mch_id":"1366091602","nonce_str":"3eAYp59RwDk2IbWI","openid":"okr7Gv1XP2S2wFILcul4v2giDWHM","out_trade_no":"2018081533418299918","result_code":"SUCCESS","return_code":"SUCCESS","return_msg":"OK","sign":"450316B1978C87E685F9E7072D9FF566","time_end":"20180805053151","total_fee":"10000","trade_state":"SUCCESS","trade_state_desc":"\u652f\u4ed8\u6210\u529f","trade_type":"JSAPI","transaction_id":"4200000166201808055531365701"}
[2018-08-05 06:02:01][debug] trade_no---2018081533420120608
[2018-08-05 06:02:01][debug] third is 1533420121
[2018-08-05 06:02:01][debug] forth is 1533420121
[2018-08-05 06:02:10][debug] begin notify
[2018-08-05 06:02:10][debug] call back:{"appid":"wxc5c7e311f8d5d759","attach":"okr7Gv8AGacvpkmYzif3EPcAeYTs|56650|\u9676\u6cd3\u5b87|5316206087|2018081533420120608|100|56650|ckcz","bank_type":"ZYB_CREDIT","cash_fee":"10000","fee_type":"CNY","is_subscribe":"Y","mch_id":"1366091602","nonce_str":"dizw8jq3hazi2kswpsnqlrthqmuk2wgc","openid":"okr7Gv8AGacvpkmYzif3EPcAeYTs","out_trade_no":"2018081533420120608","result_code":"SUCCESS","return_code":"SUCCESS","sign":"C60D0D26D3EAEC3992B6BACB3CF14644","time_end":"20180805060210","total_fee":"10000","trade_type":"JSAPI","transaction_id":"4200000186201808054673177255"}
[2018-08-05 06:02:11][debug] query:{"appid":"wxc5c7e311f8d5d759","attach":"okr7Gv8AGacvpkmYzif3EPcAeYTs|56650|\u9676\u6cd3\u5b87|5316206087|2018081533420120608|100|56650|ckcz","bank_type":"ZYB_CREDIT","cash_fee":"10000","fee_type":"CNY","is_subscribe":"Y","mch_id":"1366091602","nonce_str":"A0W8dar0UFB6iw6B","openid":"okr7Gv8AGacvpkmYzif3EPcAeYTs","out_trade_no":"2018081533420120608","result_code":"SUCCESS","return_code":"SUCCESS","return_msg":"OK","sign":"A15766750622E0EBB7F4F83CC500D6BA","time_end":"20180805060210","total_fee":"10000","trade_state":"SUCCESS","trade_state_desc":"\u652f\u4ed8\u6210\u529f","trade_type":"JSAPI","transaction_id":"4200000186201808054673177255"}
[2018-08-05 07:08:52][debug] trade_no---2018081533424131514
[2018-08-05 07:08:53][debug] third is 1533424133
[2018-08-05 07:08:53][debug] forth is 1533424133
[2018-08-05 07:09:02][debug] begin notify
[2018-08-05 07:09:02][debug] call back:{"appid":"wxc5c7e311f8d5d759","attach":"okr7Gvz7_zKyc2tGT3KmcZDyQA5I|56650|\u5218\u65b0\u9e3d|5316202013|2018081533424131514|200|56650|ckcz","bank_type":"CFT","cash_fee":"19989","coupon_count":"1","coupon_fee":"11","coupon_fee_0":"11","coupon_id_0":"2000000040078670178","fee_type":"CNY","is_subscribe":"Y","mch_id":"1366091602","nonce_str":"eexwbztootxen99lv79y9hfjdntm4gzv","openid":"okr7Gvz7_zKyc2tGT3KmcZDyQA5I","out_trade_no":"2018081533424131514","result_code":"SUCCESS","return_code":"SUCCESS","sign":"AEE6595F852CE1562CC9CA991C325B7D","time_end":"20180805070901","total_fee":"20000","trade_type":"JSAPI","transaction_id":"4200000185201808053976020934"}
[2018-08-05 07:09:02][debug] query:{"appid":"wxc5c7e311f8d5d759","attach":"okr7Gvz7_zKyc2tGT3KmcZDyQA5I|56650|\u5218\u65b0\u9e3d|5316202013|2018081533424131514|200|56650|ckcz","bank_type":"CFT","cash_fee":"19989","coupon_count":"1","coupon_fee":"11","coupon_fee_0":"11","coupon_id_0":"2000000040078670178","fee_type":"CNY","is_subscribe":"Y","mch_id":"1366091602","nonce_str":"1MxEw7k1Vx7Hd1g5","openid":"okr7Gvz7_zKyc2tGT3KmcZDyQA5I","out_trade_no":"2018081533424131514","result_code":"SUCCESS","return_code":"SUCCESS","return_msg":"OK","sign":"709FCFB99EC6F9FA60BA971288BB2D97","time_end":"20180805070901","total_fee":"20000","trade_state":"SUCCESS","trade_state_desc":"\u652f\u4ed8\u6210\u529f","trade_type":"JSAPI","transaction_id":"4200000185201808053976020934"}
[2018-08-05 07:15:21][debug] trade_no---2018081533424520147
[2018-08-05 07:15:21][debug] third is 1533424521
[2018-08-05 07:15:21][debug] forth is 1533424521
[2018-08-05 07:15:31][debug] begin notify
[2018-08-05 07:15:31][debug] call back:{"appid":"wxc5c7e311f8d5d759","attach":"okr7Gv4ys5_7L66P_ESPcEKNgZis|56650|\u5f20\u96e8\u840c|5316206057|2018081533424520147|100|56650|ckcz","bank_type":"ABC_DEBIT","cash_fee":"10000","fee_type":"CNY","is_subscribe":"Y","mch_id":"1366091602","nonce_str":"vogrrgq7qwc18gv9yds7yvi41gfa7i7s","openid":"okr7Gv4ys5_7L66P_ESPcEKNgZis","out_trade_no":"2018081533424520147","result_code":"SUCCESS","return_code":"SUCCESS","sign":"EB5398FF18B9B17F5814314B5660DF4F","time_end":"20180805071530","total_fee":"10000","trade_type":"JSAPI","transaction_id":"4200000166201808054644690789"}
[2018-08-05 07:15:31][debug] query:{"appid":"wxc5c7e311f8d5d759","attach":"okr7Gv4ys5_7L66P_ESPcEKNgZis|56650|\u5f20\u96e8\u840c|5316206057|2018081533424520147|100|56650|ckcz","bank_type":"ABC_DEBIT","cash_fee":"10000","fee_type":"CNY","is_subscribe":"Y","mch_id":"1366091602","nonce_str":"bGAmq7H3JCyucOUr","openid":"okr7Gv4ys5_7L66P_ESPcEKNgZis","out_trade_no":"2018081533424520147","result_code":"SUCCESS","return_code":"SUCCESS","return_msg":"OK","sign":"55338FF36CDC5DB7863593359155600A","time_end":"20180805071530","total_fee":"10000","trade_state":"SUCCESS","trade_state_desc":"\u652f\u4ed8\u6210\u529f","trade_type":"JSAPI","transaction_id":"4200000166201808054644690789"}
[2018-08-05 07:16:16][debug] trade_no---2018081533424575818
[2018-08-05 07:16:16][debug] third is 1533424576
[2018-08-05 07:16:16][debug] forth is 1533424576
[2018-08-05 07:16:27][debug] begin notify
[2018-08-05 07:16:27][debug] call back:{"appid":"wxc5c7e311f8d5d759","attach":"okr7Gv6AcP5xPwDGWF2-FT2i_VI8|56650|\u9648\u5b50\u6602|5316212064|2018081533424575818|100|56650|ckcz","bank_type":"CFT","cash_fee":"10000","fee_type":"CNY","is_subscribe":"Y","mch_id":"1366091602","nonce_str":"uil98ptxq7xioabp4wo7lqvrfv1mgz74","openid":"okr7Gv6AcP5xPwDGWF2-FT2i_VI8","out_trade_no":"2018081533424575818","result_code":"SUCCESS","return_code":"SUCCESS","sign":"1556265C76DCE6AD2F2CDDFB2B85FE37","time_end":"20180805071626","total_fee":"10000","trade_type":"JSAPI","transaction_id":"4200000176201808051478836915"}
[2018-08-05 07:16:27][debug] query:{"appid":"wxc5c7e311f8d5d759","attach":"okr7Gv6AcP5xPwDGWF2-FT2i_VI8|56650|\u9648\u5b50\u6602|5316212064|2018081533424575818|100|56650|ckcz","bank_type":"CFT","cash_fee":"10000","fee_type":"CNY","is_subscribe":"Y","mch_id":"1366091602","nonce_str":"h2TmgGdOJs4Qmhub","openid":"okr7Gv6AcP5xPwDGWF2-FT2i_VI8","out_trade_no":"2018081533424575818","result_code":"SUCCESS","return_code":"SUCCESS","return_msg":"OK","sign":"43B403B616A7F3E521909FBFEF04FD89","time_end":"20180805071626","total_fee":"10000","trade_state":"SUCCESS","trade_state_desc":"\u652f\u4ed8\u6210\u529f","trade_type":"JSAPI","transaction_id":"4200000176201808051478836915"}
[2018-08-05 07:31:29][debug] trade_no---2018081533425488875
[2018-08-05 07:31:29][debug] third is 1533425489
[2018-08-05 07:31:29][debug] forth is 1533425489
[2018-08-05 07:31:38][debug] begin notify
[2018-08-05 07:31:38][debug] call back:{"appid":"wxc5c7e311f8d5d759","attach":"okr7Gvy2vun00Cu5OBB82xT_q_uA|56650|\u738b\u8000\u653f|5316204030|2018081533425488875|100|56650|ckcz","bank_type":"CFT","cash_fee":"10000","fee_type":"CNY","is_subscribe":"Y","mch_id":"1366091602","nonce_str":"jk6mezyywkcxozn7s7ukvtho14ejbxvl","openid":"okr7Gvy2vun00Cu5OBB82xT_q_uA","out_trade_no":"2018081533425488875","result_code":"SUCCESS","return_code":"SUCCESS","sign":"FFAC53D359CCD27325935DE552F48BED","time_end":"20180805073138","total_fee":"10000","trade_type":"JSAPI","transaction_id":"4200000179201808055835917148"}
[2018-08-05 07:31:39][debug] query:{"appid":"wxc5c7e311f8d5d759","attach":"okr7Gvy2vun00Cu5OBB82xT_q_uA|56650|\u738b\u8000\u653f|5316204030|2018081533425488875|100|56650|ckcz","bank_type":"CFT","cash_fee":"10000","fee_type":"CNY","is_subscribe":"Y","mch_id":"1366091602","nonce_str":"49iQXlSpbRXg85ya","openid":"okr7Gvy2vun00Cu5OBB82xT_q_uA","out_trade_no":"2018081533425488875","result_code":"SUCCESS","return_code":"SUCCESS","return_msg":"OK","sign":"7B123693175F684F2E01491F6239D9FD","time_end":"20180805073138","total_fee":"10000","trade_state":"SUCCESS","trade_state_desc":"\u652f\u4ed8\u6210\u529f","trade_type":"JSAPI","transaction_id":"4200000179201808055835917148"}
[2018-08-05 07:46:47][debug] trade_no---2018081533426406573
[2018-08-05 07:46:47][debug] third is 1533426407
[2018-08-05 07:46:47][debug] forth is 1533426407
[2018-08-05 07:47:01][debug] begin notify
[2018-08-05 07:47:01][debug] call back:{"appid":"wxc5c7e311f8d5d759","attach":"okr7Gv_kbHlU42LjoTjen0SCg1SY|56650|\u8d3e\u854a\u5b81|5316205061|2018081533426406573|50|56650|ckcz","bank_type":"CEB_CREDIT","cash_fee":"5000","fee_type":"CNY","is_subscribe":"Y","mch_id":"1366091602","nonce_str":"m5lyk31apospl43ja937brd78l6y6mws","openid":"okr7Gv_kbHlU42LjoTjen0SCg1SY","out_trade_no":"2018081533426406573","result_code":"SUCCESS","return_code":"SUCCESS","sign":"0F365EFC1B47E00D6DF2477DDD34A5A4","time_end":"20180805074700","total_fee":"5000","trade_type":"JSAPI","transaction_id":"4200000171201808059638229934"}
[2018-08-05 07:47:01][debug] query:{"appid":"wxc5c7e311f8d5d759","attach":"okr7Gv_kbHlU42LjoTjen0SCg1SY|56650|\u8d3e\u854a\u5b81|5316205061|2018081533426406573|50|56650|ckcz","bank_type":"CEB_CREDIT","cash_fee":"5000","fee_type":"CNY","is_subscribe":"Y","mch_id":"1366091602","nonce_str":"FwfSjTR2uEiYMn8o","openid":"okr7Gv_kbHlU42LjoTjen0SCg1SY","out_trade_no":"2018081533426406573","result_code":"SUCCESS","return_code":"SUCCESS","return_msg":"OK","sign":"EC80D2FC22AC5BCEFF63838285B65C08","time_end":"20180805074700","total_fee":"5000","trade_state":"SUCCESS","trade_state_desc":"\u652f\u4ed8\u6210\u529f","trade_type":"JSAPI","transaction_id":"4200000171201808059638229934"}
[2018-08-05 07:49:17][debug] trade_no---2018081533426556489
[2018-08-05 07:49:17][debug] third is 1533426557
[2018-08-05 07:49:17][debug] forth is 1533426557
[2018-08-05 07:49:31][debug] begin notify
[2018-08-05 07:49:31][debug] call back:{"appid":"wxc5c7e311f8d5d759","attach":"okr7Gv0FiU6ISKg4d7_z0pDbRxBE|56650|\u8bb8\u535a\u4e50|5316207078|2018081533426556489|100|56650|ckcz","bank_type":"CFT","cash_fee":"10000","fee_type":"CNY","is_subscribe":"Y","mch_id":"1366091602","nonce_str":"qfim65elvatuyy2qptru7azx210spche","openid":"okr7Gv0FiU6ISKg4d7_z0pDbRxBE","out_trade_no":"2018081533426556489","result_code":"SUCCESS","return_code":"SUCCESS","sign":"CB9E61F7B7CA41266FE98905FCEF872B","time_end":"20180805074930","total_fee":"10000","trade_type":"JSAPI","transaction_id":"4200000172201808059790765141"}
[2018-08-05 07:49:31][debug] query:{"appid":"wxc5c7e311f8d5d759","attach":"okr7Gv0FiU6ISKg4d7_z0pDbRxBE|56650|\u8bb8\u535a\u4e50|5316207078|2018081533426556489|100|56650|ckcz","bank_type":"CFT","cash_fee":"10000","fee_type":"CNY","is_subscribe":"Y","mch_id":"1366091602","nonce_str":"GYZwL6gFCxCyS3t4","openid":"okr7Gv0FiU6ISKg4d7_z0pDbRxBE","out_trade_no":"2018081533426556489","result_code":"SUCCESS","return_code":"SUCCESS","return_msg":"OK","sign":"68ADE9103192AE7F7C810A7223EF97EC","time_end":"20180805074930","total_fee":"10000","trade_state":"SUCCESS","trade_state_desc":"\u652f\u4ed8\u6210\u529f","trade_type":"JSAPI","transaction_id":"4200000172201808059790765141"}
[2018-08-05 08:09:02][debug] trade_no---2018081533427741417
[2018-08-05 08:09:02][debug] third is 1533427742
[2018-08-05 08:09:02][debug] forth is 1533427742
[2018-08-05 08:17:47][debug] trade_no---2018081533428265277
[2018-08-05 08:17:47][debug] third is 1533428267
[2018-08-05 08:17:47][debug] forth is 1533428267
[2018-08-05 08:17:57][debug] begin notify
[2018-08-05 08:17:57][debug] call back:{"appid":"wxc5c7e311f8d5d759","attach":"okr7Gv5NQZAv9zvxMr-j3aOt8P5E|56650|\u7f57\u9707\u5bf0|5316119055|2018081533428265277|100|56650|ckcz","bank_type":"CFT","cash_fee":"10000","fee_type":"CNY","is_subscribe":"Y","mch_id":"1366091602","nonce_str":"gtji2qzd9ayvv9y11x57c61enm527cpn","openid":"okr7Gv5NQZAv9zvxMr-j3aOt8P5E","out_trade_no":"2018081533428265277","result_code":"SUCCESS","return_code":"SUCCESS","sign":"4BCB6FC5239B4EBC505023A128C89769","time_end":"20180805081757","total_fee":"10000","trade_type":"JSAPI","transaction_id":"4200000176201808052226387346"}
[2018-08-05 08:17:57][debug] query:{"appid":"wxc5c7e311f8d5d759","attach":"okr7Gv5NQZAv9zvxMr-j3aOt8P5E|56650|\u7f57\u9707\u5bf0|5316119055|2018081533428265277|100|56650|ckcz","bank_type":"CFT","cash_fee":"10000","fee_type":"CNY","is_subscribe":"Y","mch_id":"1366091602","nonce_str":"2ZhNKMn8REMp6KLg","openid":"okr7Gv5NQZAv9zvxMr-j3aOt8P5E","out_trade_no":"2018081533428265277","result_code":"SUCCESS","return_code":"SUCCESS","return_msg":"OK","sign":"FEB0B522AFA116C2D161D445CC59B48A","time_end":"20180805081757","total_fee":"10000","trade_state":"SUCCESS","trade_state_desc":"\u652f\u4ed8\u6210\u529f","trade_type":"JSAPI","transaction_id":"4200000176201808052226387346"}
[2018-08-05 08:30:33][debug] trade_no---2018081533429032966
[2018-08-05 08:30:33][debug] third is 1533429033
[2018-08-05 08:30:33][debug] forth is 1533429033
[2018-08-05 08:30:56][debug] begin notify
[2018-08-05 08:30:56][debug] call back:{"appid":"wxc5c7e311f8d5d759","attach":"okr7GvwCNoEgujdNc1N3A-5zj91A|56650|\u6e29\u817e\u9f99|5316204084|2018081533429032966|100|56650|ckcz","bank_type":"CFT","cash_fee":"10000","fee_type":"CNY","is_subscribe":"Y","mch_id":"1366091602","nonce_str":"vlrl7hbxfcrfvd1fi55edyhloe3qh4g4","openid":"okr7GvwCNoEgujdNc1N3A-5zj91A","out_trade_no":"2018081533429032966","result_code":"SUCCESS","return_code":"SUCCESS","sign":"7EAF60ABF83EEB5A18781D67B9B3288C","time_end":"20180805083055","total_fee":"10000","trade_type":"JSAPI","transaction_id":"4200000163201808051930574431"}
[2018-08-05 08:30:56][debug] query:{"appid":"wxc5c7e311f8d5d759","attach":"okr7GvwCNoEgujdNc1N3A-5zj91A|56650|\u6e29\u817e\u9f99|5316204084|2018081533429032966|100|56650|ckcz","bank_type":"CFT","cash_fee":"10000","fee_type":"CNY","is_subscribe":"Y","mch_id":"1366091602","nonce_str":"gXJthPV3kzl7VZFe","openid":"okr7GvwCNoEgujdNc1N3A-5zj91A","out_trade_no":"2018081533429032966","result_code":"SUCCESS","return_code":"SUCCESS","return_msg":"OK","sign":"F16B609BF9CCF38FABEB50A9371456D3","time_end":"20180805083055","total_fee":"10000","trade_state":"SUCCESS","trade_state_desc":"\u652f\u4ed8\u6210\u529f","trade_type":"JSAPI","transaction_id":"4200000163201808051930574431"}
[2018-08-05 08:43:18][debug] trade_no---2018081533429797120
[2018-08-05 08:43:18][debug] third is 1533429798
[2018-08-05 08:43:18][debug] forth is 1533429798
[2018-08-05 08:59:42][debug] trade_no---2018081533430781728
[2018-08-05 08:59:42][debug] third is 1533430782
[2018-08-05 08:59:42][debug] forth is 1533430782
[2018-08-05 08:59:56][debug] begin notify
[2018-08-05 08:59:56][debug] call back:{"appid":"wxc5c7e311f8d5d759","attach":"okr7Gv363ybmdXO0cW3QnWgWUIbE|56650|\u4f59\u7855\u7855|5316118001|2018081533430781728|100|56650|ckcz","bank_type":"CFT","cash_fee":"10000","fee_type":"CNY","is_subscribe":"Y","mch_id":"1366091602","nonce_str":"m4dssgexl9ns8gadnugjegzeejlp03ap","openid":"okr7Gv363ybmdXO0cW3QnWgWUIbE","out_trade_no":"2018081533430781728","result_code":"SUCCESS","return_code":"SUCCESS","sign":"89F9A28109EB3DB6FCD01CE9F499B51A","time_end":"20180805085955","total_fee":"10000","trade_type":"JSAPI","transaction_id":"4200000186201808057877539080"}
[2018-08-05 08:59:56][debug] query:{"appid":"wxc5c7e311f8d5d759","attach":"okr7Gv363ybmdXO0cW3QnWgWUIbE|56650|\u4f59\u7855\u7855|5316118001|2018081533430781728|100|56650|ckcz","bank_type":"CFT","cash_fee":"10000","fee_type":"CNY","is_subscribe":"Y","mch_id":"1366091602","nonce_str":"d65QjboaqPvag9H3","openid":"okr7Gv363ybmdXO0cW3QnWgWUIbE","out_trade_no":"2018081533430781728","result_code":"SUCCESS","return_code":"SUCCESS","return_msg":"OK","sign":"374946CE3BA5F767434BEA153FB41878","time_end":"20180805085955","total_fee":"10000","trade_state":"SUCCESS","trade_state_desc":"\u652f\u4ed8\u6210\u529f","trade_type":"JSAPI","transaction_id":"4200000186201808057877539080"}
[2018-08-05 09:07:51][debug] trade_no---2018081533431269427
[2018-08-05 09:07:51][debug] third is 1533431271
[2018-08-05 09:07:51][debug] forth is 1533431271
[2018-08-05 09:08:08][debug] trade_no---2018081533431287277
[2018-08-05 09:08:08][debug] third is 1533431288
[2018-08-05 09:08:08][debug] forth is 1533431288
[2018-08-05 09:08:17][debug] begin notify
[2018-08-05 09:08:17][debug] call back:{"appid":"wxc5c7e311f8d5d759","attach":"okr7GvxS0WypAcoDWUUbgKED4_2k|56650|\u8d75\u6021\u7136|5316212053|2018081533431287277|100|56650|ckcz","bank_type":"PSBC_DEBIT","cash_fee":"10000","fee_type":"CNY","is_subscribe":"Y","mch_id":"1366091602","nonce_str":"813z003d32yzp3iv69gc4kcv4o0gfcal","openid":"okr7GvxS0WypAcoDWUUbgKED4_2k","out_trade_no":"2018081533431287277","result_code":"SUCCESS","return_code":"SUCCESS","sign":"2EEE4E955F9B12B78E8E484E6804652F","time_end":"20180805090817","total_fee":"10000","trade_type":"JSAPI","transaction_id":"4200000186201808058818253565"}
[2018-08-05 09:08:17][debug] query:{"appid":"wxc5c7e311f8d5d759","attach":"okr7GvxS0WypAcoDWUUbgKED4_2k|56650|\u8d75\u6021\u7136|5316212053|2018081533431287277|100|56650|ckcz","bank_type":"PSBC_DEBIT","cash_fee":"10000","fee_type":"CNY","is_subscribe":"Y","mch_id":"1366091602","nonce_str":"8X4zKPe6oPuJvaqS","openid":"okr7GvxS0WypAcoDWUUbgKED4_2k","out_trade_no":"2018081533431287277","result_code":"SUCCESS","return_code":"SUCCESS","return_msg":"OK","sign":"3880F6ACD04FB374C30FE50F2403430A","time_end":"20180805090817","total_fee":"10000","trade_state":"SUCCESS","trade_state_desc":"\u652f\u4ed8\u6210\u529f","trade_type":"JSAPI","transaction_id":"4200000186201808058818253565"}
[2018-08-05 09:24:36][debug] trade_no---2018081533432275828
[2018-08-05 09:24:36][debug] third is 1533432276
[2018-08-05 09:24:36][debug] forth is 1533432276
[2018-08-05 09:24:58][debug] begin notify
[2018-08-05 09:24:58][debug] call back:{"appid":"wxc5c7e311f8d5d759","attach":"okr7GvxhqroEkEHrIifCBeGjOpao|56650|\u5b54\u6a79\u8fea|5316203084|2018081533432275828|50|56650|ckcz","bank_type":"CFT","cash_fee":"5000","fee_type":"CNY","is_subscribe":"Y","mch_id":"1366091602","nonce_str":"4k9ufvzlsdzvoco31cddsehnfsp9o67k","openid":"okr7GvxhqroEkEHrIifCBeGjOpao","out_trade_no":"2018081533432275828","result_code":"SUCCESS","return_code":"SUCCESS","sign":"9F5134509885078F8A7956CDF3A1CE99","time_end":"20180805092457","total_fee":"5000","trade_type":"JSAPI","transaction_id":"4200000161201808052758707242"}
[2018-08-05 09:24:58][debug] query:{"appid":"wxc5c7e311f8d5d759","attach":"okr7GvxhqroEkEHrIifCBeGjOpao|56650|\u5b54\u6a79\u8fea|5316203084|2018081533432275828|50|56650|ckcz","bank_type":"CFT","cash_fee":"5000","fee_type":"CNY","is_subscribe":"Y","mch_id":"1366091602","nonce_str":"LGTCRKCqLNek9QdH","openid":"okr7GvxhqroEkEHrIifCBeGjOpao","out_trade_no":"2018081533432275828","result_code":"SUCCESS","return_code":"SUCCESS","return_msg":"OK","sign":"AF0A66F6BF93DE745001E0CE2F2058BC","time_end":"20180805092457","total_fee":"5000","trade_state":"SUCCESS","trade_state_desc":"\u652f\u4ed8\u6210\u529f","trade_type":"JSAPI","transaction_id":"4200000161201808052758707242"}
[2018-08-05 09:33:53][debug] trade_no---2018081533432832487
[2018-08-05 09:33:53][debug] third is 1533432833
[2018-08-05 09:33:53][debug] forth is 1533432833
[2018-08-05 09:34:08][debug] trade_no---2018081533432848261
[2018-08-05 09:34:09][debug] third is 1533432849
[2018-08-05 09:34:09][debug] forth is 1533432849
[2018-08-05 09:34:17][debug] begin notify
[2018-08-05 09:34:17][debug] call back:{"appid":"wxc5c7e311f8d5d759","attach":"okr7Gv2IGOjLuX_Ny1KwqsS0tMuk|56650|\u65f6\u90a6\u534e|5316205083|2018081533432848261|50|56650|ckcz","bank_type":"CFT","cash_fee":"4985","coupon_count":"1","coupon_fee":"15","coupon_fee_0":"15","coupon_id_0":"2000000040086116271","fee_type":"CNY","is_subscribe":"Y","mch_id":"1366091602","nonce_str":"ouduarlw12gg9bhp6moqezwskrubd5a5","openid":"okr7Gv2IGOjLuX_Ny1KwqsS0tMuk","out_trade_no":"2018081533432848261","result_code":"SUCCESS","return_code":"SUCCESS","sign":"69CBA5CF10AAE535291BF0B2ABD94902","time_end":"20180805093415","total_fee":"5000","trade_type":"JSAPI","transaction_id":"4200000175201808057932158100"}
[2018-08-05 09:34:17][debug] query:{"appid":"wxc5c7e311f8d5d759","attach":"okr7Gv2IGOjLuX_Ny1KwqsS0tMuk|56650|\u65f6\u90a6\u534e|5316205083|2018081533432848261|50|56650|ckcz","bank_type":"CFT","cash_fee":"4985","coupon_count":"1","coupon_fee":"15","coupon_fee_0":"15","coupon_id_0":"2000000040086116271","fee_type":"CNY","is_subscribe":"Y","mch_id":"1366091602","nonce_str":"bf0pdHzncV8Uv8Mo","openid":"okr7Gv2IGOjLuX_Ny1KwqsS0tMuk","out_trade_no":"2018081533432848261","result_code":"SUCCESS","return_code":"SUCCESS","return_msg":"OK","sign":"C140957465EB31EFB79B9240F6194FAE","time_end":"20180805093415","total_fee":"5000","trade_state":"SUCCESS","trade_state_desc":"\u652f\u4ed8\u6210\u529f","trade_type":"JSAPI","transaction_id":"4200000175201808057932158100"}
[2018-08-05 11:14:20][debug] trade_no---2018081533438858190
[2018-08-05 11:14:20][debug] third is 1533438860
[2018-08-05 11:14:20][debug] forth is 1533438860
[2018-08-05 11:14:32][debug] begin notify
[2018-08-05 11:14:32][debug] call back:{"appid":"wxc5c7e311f8d5d759","attach":"okr7Gvxqzeqfmstt8lx86cJqdZeQ|56650|\u5b5f\u9526\u822a|5316201047|2018081533438858190|200|56650|ckcz","bank_type":"CFT","cash_fee":"20000","fee_type":"CNY","is_subscribe":"Y","mch_id":"1366091602","nonce_str":"bh8y39liank5btzo9ypslq5ub7s1s7hu","openid":"okr7Gvxqzeqfmstt8lx86cJqdZeQ","out_trade_no":"2018081533438858190","result_code":"SUCCESS","return_code":"SUCCESS","sign":"881038BFA9E7C6B95886B37A729E7176","time_end":"20180805111430","total_fee":"20000","trade_type":"JSAPI","transaction_id":"4200000171201808050686899295"}
[2018-08-05 11:14:32][debug] query:{"appid":"wxc5c7e311f8d5d759","attach":"okr7Gvxqzeqfmstt8lx86cJqdZeQ|56650|\u5b5f\u9526\u822a|5316201047|2018081533438858190|200|56650|ckcz","bank_type":"CFT","cash_fee":"20000","fee_type":"CNY","is_subscribe":"Y","mch_id":"1366091602","nonce_str":"C7Tcuyf3YKe5aHGD","openid":"okr7Gvxqzeqfmstt8lx86cJqdZeQ","out_trade_no":"2018081533438858190","result_code":"SUCCESS","return_code":"SUCCESS","return_msg":"OK","sign":"BEFB2399A04E90309155318C5D6554C3","time_end":"20180805111430","total_fee":"20000","trade_state":"SUCCESS","trade_state_desc":"\u652f\u4ed8\u6210\u529f","trade_type":"JSAPI","transaction_id":"4200000171201808050686899295"}
[2018-08-05 12:14:45][debug] trade_no---2018081533442484823
[2018-08-05 12:14:45][debug] third is 1533442485
[2018-08-05 12:14:45][debug] forth is 1533442485
[2018-08-05 12:14:53][debug] begin notify
[2018-08-05 12:14:53][debug] call back:{"appid":"wxc5c7e311f8d5d759","attach":"okr7Gv-QaYM2aBkJzJY0ziOQwKHc|56650|\u738b\u535a\u96c5|5316115034|2018081533442484823|100|56650|ckcz","bank_type":"CFT","cash_fee":"10000","fee_type":"CNY","is_subscribe":"Y","mch_id":"1366091602","nonce_str":"q1c3n8k7c028o5mu49sb4jvnmp58zdb3","openid":"okr7Gv-QaYM2aBkJzJY0ziOQwKHc","out_trade_no":"2018081533442484823","result_code":"SUCCESS","return_code":"SUCCESS","sign":"2C7466764EA6E989FA390D8A9D2F2345","time_end":"20180805121451","total_fee":"10000","trade_type":"JSAPI","transaction_id":"4200000161201808058209584060"}
[2018-08-05 12:14:53][debug] query:{"appid":"wxc5c7e311f8d5d759","attach":"okr7Gv-QaYM2aBkJzJY0ziOQwKHc|56650|\u738b\u535a\u96c5|5316115034|2018081533442484823|100|56650|ckcz","bank_type":"CFT","cash_fee":"10000","fee_type":"CNY","is_subscribe":"Y","mch_id":"1366091602","nonce_str":"z3B7bdGTdjKlv2a6","openid":"okr7Gv-QaYM2aBkJzJY0ziOQwKHc","out_trade_no":"2018081533442484823","result_code":"SUCCESS","return_code":"SUCCESS","return_msg":"OK","sign":"3C257113F38EF7B7BC75D29A11EEEB1C","time_end":"20180805121451","total_fee":"10000","trade_state":"SUCCESS","trade_state_desc":"\u652f\u4ed8\u6210\u529f","trade_type":"JSAPI","transaction_id":"4200000161201808058209584060"}
[2018-08-05 12:21:06][debug] trade_no---2018081533442865890
[2018-08-05 12:21:07][debug] third is 1533442867
[2018-08-05 12:21:07][debug] forth is 1533442867
[2018-08-05 12:21:22][debug] begin notify
[2018-08-05 12:21:22][debug] call back:{"appid":"wxc5c7e311f8d5d759","attach":"okr7Gv6W7nisR6p0wB3JEGB1W89A|56650|\u8463\u660a\u5e9c|5316207026|2018081533442865890|100|56650|ckcz","bank_type":"CITIC_CREDIT","cash_fee":"10000","fee_type":"CNY","is_subscribe":"Y","mch_id":"1366091602","nonce_str":"83ckaosfz847qumxdc551q9mkee3578s","openid":"okr7Gv6W7nisR6p0wB3JEGB1W89A","out_trade_no":"2018081533442865890","result_code":"SUCCESS","return_code":"SUCCESS","sign":"4D41896A69B15CF0116B0BF6635A2BA3","time_end":"20180805122121","total_fee":"10000","trade_type":"JSAPI","transaction_id":"4200000188201808051789285050"}
[2018-08-05 12:21:22][debug] query:{"appid":"wxc5c7e311f8d5d759","attach":"okr7Gv6W7nisR6p0wB3JEGB1W89A|56650|\u8463\u660a\u5e9c|5316207026|2018081533442865890|100|56650|ckcz","bank_type":"CITIC_CREDIT","cash_fee":"10000","fee_type":"CNY","is_subscribe":"Y","mch_id":"1366091602","nonce_str":"wYNkgVoE3C0HVA1O","openid":"okr7Gv6W7nisR6p0wB3JEGB1W89A","out_trade_no":"2018081533442865890","result_code":"SUCCESS","return_code":"SUCCESS","return_msg":"OK","sign":"B18677E6604B10A5C7D93CB631B10406","time_end":"20180805122121","total_fee":"10000","trade_state":"SUCCESS","trade_state_desc":"\u652f\u4ed8\u6210\u529f","trade_type":"JSAPI","transaction_id":"4200000188201808051789285050"}
[2018-08-05 12:22:49][debug] trade_no---2018081533442968378
[2018-08-05 12:22:49][debug] third is 1533442969
[2018-08-05 12:22:49][debug] forth is 1533442969
[2018-08-05 12:22:58][debug] begin notify
[2018-08-05 12:22:58][debug] call back:{"appid":"wxc5c7e311f8d5d759","attach":"okr7Gv1PM4yWt1XoM5g8Ha5NXV9g|56650|\u6768\u51ef\u6587|5316116037|2018081533442968378|50|56650|ckcz","bank_type":"CFT","cash_fee":"5000","fee_type":"CNY","is_subscribe":"Y","mch_id":"1366091602","nonce_str":"p78u6pifsl5aeno5aqnxpn9l1q6c4bw5","openid":"okr7Gv1PM4yWt1XoM5g8Ha5NXV9g","out_trade_no":"2018081533442968378","result_code":"SUCCESS","return_code":"SUCCESS","sign":"322DA9F3102EF6A21025AAED1595576A","time_end":"20180805122258","total_fee":"5000","trade_type":"JSAPI","transaction_id":"4200000169201808053438602583"}
[2018-08-05 12:22:59][debug] query:{"appid":"wxc5c7e311f8d5d759","attach":"okr7Gv1PM4yWt1XoM5g8Ha5NXV9g|56650|\u6768\u51ef\u6587|5316116037|2018081533442968378|50|56650|ckcz","bank_type":"CFT","cash_fee":"5000","fee_type":"CNY","is_subscribe":"Y","mch_id":"1366091602","nonce_str":"9KjNMdr4hPwvjpDb","openid":"okr7Gv1PM4yWt1XoM5g8Ha5NXV9g","out_trade_no":"2018081533442968378","result_code":"SUCCESS","return_code":"SUCCESS","return_msg":"OK","sign":"67EBF8356F5FEF78D4AEF79FEA4514A6","time_end":"20180805122258","total_fee":"5000","trade_state":"SUCCESS","trade_state_desc":"\u652f\u4ed8\u6210\u529f","trade_type":"JSAPI","transaction_id":"4200000169201808053438602583"}
[2018-08-05 12:23:22][debug] trade_no---2018081533443001449
[2018-08-05 12:23:22][debug] third is 1533443002
[2018-08-05 12:23:22][debug] forth is 1533443002
[2018-08-05 12:24:38][debug] trade_no---2018081533443077495
[2018-08-05 12:24:38][debug] trade_no---2018081533443077690
[2018-08-05 12:24:38][debug] third is 1533443078
[2018-08-05 12:24:38][debug] forth is 1533443078
[2018-08-05 12:24:38][debug] third is 1533443078
[2018-08-05 12:24:38][debug] forth is 1533443078
[2018-08-05 12:24:48][debug] begin notify
[2018-08-05 12:24:48][debug] call back:{"appid":"wxc5c7e311f8d5d759","attach":"okr7Gv51AT-TPKF8imDQqhLl_qtM|56650|\u9648\u66e6|5316118014|2018081533443077690|20|56650|ckcz","bank_type":"SPDB_DEBIT","cash_fee":"2000","fee_type":"CNY","is_subscribe":"Y","mch_id":"1366091602","nonce_str":"isrj717o7fa5lehvvzyuvzzrth9h7tm3","openid":"okr7Gv51AT-TPKF8imDQqhLl_qtM","out_trade_no":"2018081533443077690","result_code":"SUCCESS","return_code":"SUCCESS","sign":"40D37025FFE730ECD33B948802DD8BA6","time_end":"20180805122448","total_fee":"2000","trade_type":"JSAPI","transaction_id":"4200000179201808050775644608"}
[2018-08-05 12:24:48][debug] query:{"appid":"wxc5c7e311f8d5d759","attach":"okr7Gv51AT-TPKF8imDQqhLl_qtM|56650|\u9648\u66e6|5316118014|2018081533443077690|20|56650|ckcz","bank_type":"SPDB_DEBIT","cash_fee":"2000","fee_type":"CNY","is_subscribe":"Y","mch_id":"1366091602","nonce_str":"OUiCz0r828fFtef8","openid":"okr7Gv51AT-TPKF8imDQqhLl_qtM","out_trade_no":"2018081533443077690","result_code":"SUCCESS","return_code":"SUCCESS","return_msg":"OK","sign":"3FEBAB3FE4DA6A91C8F2AA9B22F81E7C","time_end":"20180805122448","total_fee":"2000","trade_state":"SUCCESS","trade_state_desc":"\u652f\u4ed8\u6210\u529f","trade_type":"JSAPI","transaction_id":"4200000179201808050775644608"}
[2018-08-05 12:25:18][debug] trade_no---2018081533443117650
[2018-08-05 12:25:18][debug] third is 1533443118
[2018-08-05 12:25:18][debug] forth is 1533443118
[2018-08-05 12:25:29][debug] begin notify
[2018-08-05 12:25:29][debug] call back:{"appid":"wxc5c7e311f8d5d759","attach":"okr7Gv9fF9iooTYaJ0qCbhBeUb4w|56650|\u89e3\u6dfc|5316209056|2018081533443117650|100|56650|ckcz","bank_type":"BOC_DEBIT","cash_fee":"10000","fee_type":"CNY","is_subscribe":"Y","mch_id":"1366091602","nonce_str":"x09gbtqw0yv7wfe4o18y1lcuglq4u3ys","openid":"okr7Gv9fF9iooTYaJ0qCbhBeUb4w","out_trade_no":"2018081533443117650","result_code":"SUCCESS","return_code":"SUCCESS","sign":"D28D11785BE92A3A1A86595FA558450A","time_end":"20180805122528","total_fee":"10000","trade_type":"JSAPI","transaction_id":"4200000172201808056205639104"}
[2018-08-05 12:25:29][debug] query:{"appid":"wxc5c7e311f8d5d759","attach":"okr7Gv9fF9iooTYaJ0qCbhBeUb4w|56650|\u89e3\u6dfc|5316209056|2018081533443117650|100|56650|ckcz","bank_type":"BOC_DEBIT","cash_fee":"10000","fee_type":"CNY","is_subscribe":"Y","mch_id":"1366091602","nonce_str":"EijtAAGMjfhh5K0O","openid":"okr7Gv9fF9iooTYaJ0qCbhBeUb4w","out_trade_no":"2018081533443117650","result_code":"SUCCESS","return_code":"SUCCESS","return_msg":"OK","sign":"69C4C7C8F555B936B8E0B35775DDB50B","time_end":"20180805122528","total_fee":"10000","trade_state":"SUCCESS","trade_state_desc":"\u652f\u4ed8\u6210\u529f","trade_type":"JSAPI","transaction_id":"4200000172201808056205639104"}
[2018-08-05 12:30:02][debug] trade_no---2018081533443401815
[2018-08-05 12:30:02][debug] third is 1533443402
[2018-08-05 12:30:02][debug] forth is 1533443402
[2018-08-05 12:30:13][debug] begin notify
[2018-08-05 12:30:13][debug] call back:{"appid":"wxc5c7e311f8d5d759","attach":"okr7Gv8R2-r9vKX5hBpWMJGpBVKo|56650|\u6731\u6631\u7855|5316205069|2018081533443401815|100|56650|ckcz","bank_type":"CCB_DEBIT","cash_fee":"10000","fee_type":"CNY","is_subscribe":"Y","mch_id":"1366091602","nonce_str":"u296d3z7o9juev0zgjl1ye2agh6adwnn","openid":"okr7Gv8R2-r9vKX5hBpWMJGpBVKo","out_trade_no":"2018081533443401815","result_code":"SUCCESS","return_code":"SUCCESS","sign":"FFFB6B3E92177AEE334CB2B8754E8B30","time_end":"20180805123012","total_fee":"10000","trade_type":"JSAPI","transaction_id":"4200000172201808058517141028"}
[2018-08-05 12:30:13][debug] query:{"appid":"wxc5c7e311f8d5d759","attach":"okr7Gv8R2-r9vKX5hBpWMJGpBVKo|56650|\u6731\u6631\u7855|5316205069|2018081533443401815|100|56650|ckcz","bank_type":"CCB_DEBIT","cash_fee":"10000","fee_type":"CNY","is_subscribe":"Y","mch_id":"1366091602","nonce_str":"2ejBXEJpQfWKf2aW","openid":"okr7Gv8R2-r9vKX5hBpWMJGpBVKo","out_trade_no":"2018081533443401815","result_code":"SUCCESS","return_code":"SUCCESS","return_msg":"OK","sign":"468C4794EE6CB23681414EF9CB4A6BF1","time_end":"20180805123012","total_fee":"10000","trade_state":"SUCCESS","trade_state_desc":"\u652f\u4ed8\u6210\u529f","trade_type":"JSAPI","transaction_id":"4200000172201808058517141028"}
[2018-08-05 12:31:42][debug] trade_no---2018081533443500639
[2018-08-05 12:31:43][debug] third is 1533443503
[2018-08-05 12:31:43][debug] forth is 1533443503
[2018-08-05 12:31:52][debug] begin notify
[2018-08-05 12:31:52][debug] call back:{"appid":"wxc5c7e311f8d5d759","attach":"okr7Gv3NIkg1tgE-vTQTXMHoBPdg|56650|\u6881\u5ead\u6d69|5316206096|2018081533443500639|500|56650|ckcz","bank_type":"ABC_CREDIT","cash_fee":"49987","coupon_count":"1","coupon_fee":"13","coupon_fee_0":"13","coupon_id_0":"2000000040178468077","fee_type":"CNY","is_subscribe":"Y","mch_id":"1366091602","nonce_str":"t00tkuvlne8qqmdk3cdrcnsozf31gjau","openid":"okr7Gv3NIkg1tgE-vTQTXMHoBPdg","out_trade_no":"2018081533443500639","result_code":"SUCCESS","return_code":"SUCCESS","sign":"880329B42792062D091818FF0FF738BB","time_end":"20180805123151","total_fee":"50000","trade_type":"JSAPI","transaction_id":"4200000180201808054847403026"}
[2018-08-05 12:31:52][debug] query:{"appid":"wxc5c7e311f8d5d759","attach":"okr7Gv3NIkg1tgE-vTQTXMHoBPdg|56650|\u6881\u5ead\u6d69|5316206096|2018081533443500639|500|56650|ckcz","bank_type":"ABC_CREDIT","cash_fee":"49987","coupon_count":"1","coupon_fee":"13","coupon_fee_0":"13","coupon_id_0":"2000000040178468077","fee_type":"CNY","is_subscribe":"Y","mch_id":"1366091602","nonce_str":"KRkyVsHqQJ7xhFP1","openid":"okr7Gv3NIkg1tgE-vTQTXMHoBPdg","out_trade_no":"2018081533443500639","result_code":"SUCCESS","return_code":"SUCCESS","return_msg":"OK","sign":"14B2CE6FCE29A9BACE2511DC83295F6C","time_end":"20180805123151","total_fee":"50000","trade_state":"SUCCESS","trade_state_desc":"\u652f\u4ed8\u6210\u529f","trade_type":"JSAPI","transaction_id":"4200000180201808054847403026"}
[2018-08-05 12:33:00][debug] trade_no---2018081533443579603
[2018-08-05 12:33:00][debug] third is 1533443580
[2018-08-05 12:33:00][debug] forth is 1533443580
[2018-08-05 12:33:12][debug] begin notify
[2018-08-05 12:33:12][debug] call back:{"appid":"wxc5c7e311f8d5d759","attach":"okr7GvzrLutjVx7uEcclI_MXgB8o|56650|\u8d3e\u68a6\u7476|5316211060|2018081533443579603|100|56650|ckcz","bank_type":"ICBC_CREDIT","cash_fee":"10000","fee_type":"CNY","is_subscribe":"Y","mch_id":"1366091602","nonce_str":"xbovgajrkmbflim24u4bnfsncxjbvxrh","openid":"okr7GvzrLutjVx7uEcclI_MXgB8o","out_trade_no":"2018081533443579603","result_code":"SUCCESS","return_code":"SUCCESS","sign":"0594697269488141F08EAB6E4581C9A6","time_end":"20180805123311","total_fee":"10000","trade_type":"JSAPI","transaction_id":"4200000182201808059519305617"}
[2018-08-05 12:33:13][debug] query:{"appid":"wxc5c7e311f8d5d759","attach":"okr7GvzrLutjVx7uEcclI_MXgB8o|56650|\u8d3e\u68a6\u7476|5316211060|2018081533443579603|100|56650|ckcz","bank_type":"ICBC_CREDIT","cash_fee":"10000","fee_type":"CNY","is_subscribe":"Y","mch_id":"1366091602","nonce_str":"FzNixXmLqwOUxzLf","openid":"okr7GvzrLutjVx7uEcclI_MXgB8o","out_trade_no":"2018081533443579603","result_code":"SUCCESS","return_code":"SUCCESS","return_msg":"OK","sign":"24993EB0EA7FD6951DE0D8EC98570BEB","time_end":"20180805123311","total_fee":"10000","trade_state":"SUCCESS","trade_state_desc":"\u652f\u4ed8\u6210\u529f","trade_type":"JSAPI","transaction_id":"4200000182201808059519305617"}
[2018-08-05 12:33:37][debug] trade_no---2018081533443615884
[2018-08-05 12:33:37][debug] third is 1533443617
[2018-08-05 12:33:37][debug] forth is 1533443617
[2018-08-05 12:33:50][debug] begin notify
[2018-08-05 12:33:50][debug] call back:{"appid":"wxc5c7e311f8d5d759","attach":"okr7GvzAVBbqtmzegb8rAqgtwhQU|56650|\u5eb7\u5a67\u5a77|5316115015|2018081533443615884|100|56650|ckcz","bank_type":"HNNX_DEBIT","cash_fee":"10000","fee_type":"CNY","is_subscribe":"Y","mch_id":"1366091602","nonce_str":"uojsuljkmvls8zgie39p3hcmlr5rsi6j","openid":"okr7GvzAVBbqtmzegb8rAqgtwhQU","out_trade_no":"2018081533443615884","result_code":"SUCCESS","return_code":"SUCCESS","sign":"8394E5C46A74641D5FAF515EF594F6C1","time_end":"20180805123349","total_fee":"10000","trade_type":"JSAPI","transaction_id":"4200000180201808056893503677"}
[2018-08-05 12:33:50][debug] query:{"appid":"wxc5c7e311f8d5d759","attach":"okr7GvzAVBbqtmzegb8rAqgtwhQU|56650|\u5eb7\u5a67\u5a77|5316115015|2018081533443615884|100|56650|ckcz","bank_type":"HNNX_DEBIT","cash_fee":"10000","fee_type":"CNY","is_subscribe":"Y","mch_id":"1366091602","nonce_str":"pruBwp359QeeXcA2","openid":"okr7GvzAVBbqtmzegb8rAqgtwhQU","out_trade_no":"2018081533443615884","result_code":"SUCCESS","return_code":"SUCCESS","return_msg":"OK","sign":"07B732E46D26A71381D937E2E896A305","time_end":"20180805123349","total_fee":"10000","trade_state":"SUCCESS","trade_state_desc":"\u652f\u4ed8\u6210\u529f","trade_type":"JSAPI","transaction_id":"4200000180201808056893503677"}
[2018-08-05 12:35:24][debug] trade_no---2018081533443723933
[2018-08-05 12:35:24][debug] third is 1533443724
[2018-08-05 12:35:24][debug] forth is 1533443724
[2018-08-05 12:35:32][debug] begin notify
[2018-08-05 12:35:32][debug] call back:{"appid":"wxc5c7e311f8d5d759","attach":"okr7Gv-31OUhyRdDQmDyBKXHt63Q|56650|\u5f20\u741b\u5f3a|T566514003058|2018081533443723933|100|56650|ckcz","bank_type":"CFT","cash_fee":"10000","fee_type":"CNY","is_subscribe":"Y","mch_id":"1366091602","nonce_str":"o0ojc5jihl5g26kdjg49wemnd4m9c8yo","openid":"okr7Gv-31OUhyRdDQmDyBKXHt63Q","out_trade_no":"2018081533443723933","result_code":"SUCCESS","return_code":"SUCCESS","sign":"F5012E217707D32E7A1191360DC61854","time_end":"20180805123532","total_fee":"10000","trade_type":"JSAPI","transaction_id":"4200000178201808057781150005"}
[2018-08-05 12:35:33][debug] query:{"appid":"wxc5c7e311f8d5d759","attach":"okr7Gv-31OUhyRdDQmDyBKXHt63Q|56650|\u5f20\u741b\u5f3a|T566514003058|2018081533443723933|100|56650|ckcz","bank_type":"CFT","cash_fee":"10000","fee_type":"CNY","is_subscribe":"Y","mch_id":"1366091602","nonce_str":"CA3tzGop9vI1apOz","openid":"okr7Gv-31OUhyRdDQmDyBKXHt63Q","out_trade_no":"2018081533443723933","result_code":"SUCCESS","return_code":"SUCCESS","return_msg":"OK","sign":"EDF82134925F33DC8226CC3845207EF5","time_end":"20180805123532","total_fee":"10000","trade_state":"SUCCESS","trade_state_desc":"\u652f\u4ed8\u6210\u529f","trade_type":"JSAPI","transaction_id":"4200000178201808057781150005"}
[2018-08-05 12:42:03][debug] trade_no---2018081533444122685
[2018-08-05 12:42:04][debug] third is 1533444124
[2018-08-05 12:42:04][debug] forth is 1533444124
[2018-08-05 12:42:15][debug] begin notify
[2018-08-05 12:42:15][debug] call back:{"appid":"wxc5c7e311f8d5d759","attach":"okr7Gv04jYYWzBeHgfegxsD_fuus|56650|\u738b\u4ea6\u8f72|5316206086|2018081533444122685|100|56650|ckcz","bank_type":"CFT","cash_fee":"9987","coupon_count":"1","coupon_fee":"13","coupon_fee_0":"13","coupon_id_0":"2000000040147519277","fee_type":"CNY","is_subscribe":"Y","mch_id":"1366091602","nonce_str":"tzl3kr72ylpmp21p48gms7autz6srm77","openid":"okr7Gv04jYYWzBeHgfegxsD_fuus","out_trade_no":"2018081533444122685","result_code":"SUCCESS","return_code":"SUCCESS","sign":"458500C3291856CBC27E98EC4617A647","time_end":"20180805124214","total_fee":"10000","trade_type":"JSAPI","transaction_id":"4200000168201808058843402122"}
[2018-08-05 12:42:16][debug] query:{"appid":"wxc5c7e311f8d5d759","attach":"okr7Gv04jYYWzBeHgfegxsD_fuus|56650|\u738b\u4ea6\u8f72|5316206086|2018081533444122685|100|56650|ckcz","bank_type":"CFT","cash_fee":"9987","coupon_count":"1","coupon_fee":"13","coupon_fee_0":"13","coupon_id_0":"2000000040147519277","fee_type":"CNY","is_subscribe":"Y","mch_id":"1366091602","nonce_str":"GcysbYJyADHGJBcw","openid":"okr7Gv04jYYWzBeHgfegxsD_fuus","out_trade_no":"2018081533444122685","result_code":"SUCCESS","return_code":"SUCCESS","return_msg":"OK","sign":"59A4C35FE4DE8BFD272E1BBEAE1E8C5A","time_end":"20180805124214","total_fee":"10000","trade_state":"SUCCESS","trade_state_desc":"\u652f\u4ed8\u6210\u529f","trade_type":"JSAPI","transaction_id":"4200000168201808058843402122"}
[2018-08-05 12:47:52][debug] trade_no---2018081533444471195
[2018-08-05 12:47:52][debug] third is 1533444472
[2018-08-05 12:47:52][debug] forth is 1533444472
[2018-08-05 12:48:02][debug] begin notify
[2018-08-05 12:48:02][debug] call back:{"appid":"wxc5c7e311f8d5d759","attach":"okr7Gv5e3nMU-3mrHzmmiAvk8McU|56650|\u9773\u592a\u4e2d|T566505560013|2018081533444471195|20|56650|ckcz","bank_type":"CFT","cash_fee":"2000","fee_type":"CNY","is_subscribe":"Y","mch_id":"1366091602","nonce_str":"qcey8qoomsglvc42dnwndnvog76re8qy","openid":"okr7Gv5e3nMU-3mrHzmmiAvk8McU","out_trade_no":"2018081533444471195","result_code":"SUCCESS","return_code":"SUCCESS","sign":"C4BAAC08E3158C98C637C6875BA497E8","time_end":"20180805124800","total_fee":"2000","trade_type":"JSAPI","transaction_id":"4200000178201808057324623144"}
[2018-08-05 12:48:02][debug] query:{"appid":"wxc5c7e311f8d5d759","attach":"okr7Gv5e3nMU-3mrHzmmiAvk8McU|56650|\u9773\u592a\u4e2d|T566505560013|2018081533444471195|20|56650|ckcz","bank_type":"CFT","cash_fee":"2000","fee_type":"CNY","is_subscribe":"Y","mch_id":"1366091602","nonce_str":"W4LRGszIOFrMw57R","openid":"okr7Gv5e3nMU-3mrHzmmiAvk8McU","out_trade_no":"2018081533444471195","result_code":"SUCCESS","return_code":"SUCCESS","return_msg":"OK","sign":"67F15303506E26EF181DCC2786738916","time_end":"20180805124800","total_fee":"2000","trade_state":"SUCCESS","trade_state_desc":"\u652f\u4ed8\u6210\u529f","trade_type":"JSAPI","transaction_id":"4200000178201808057324623144"}
[2018-08-05 12:48:08][debug] trade_no---2018081533444471195
[2018-08-05 12:48:08][debug] third is 1533444488
[2018-08-05 12:48:08][debug] trade_no---2018081533444471195
[2018-08-05 12:48:08][debug] third is 1533444488
[2018-08-05 12:49:09][debug] trade_no---2018081533444548178
[2018-08-05 12:49:09][debug] third is 1533444549
[2018-08-05 12:49:09][debug] forth is 1533444549
[2018-08-05 12:49:29][debug] begin notify
[2018-08-05 12:49:29][debug] call back:{"appid":"wxc5c7e311f8d5d759","attach":"okr7Gv7hSN7BeQ2xgD_MEAKTgXq4|56650|\u5218\u6668\u9192|5316208010|2018081533444548178|100|56650|ckcz","bank_type":"CCB_DEBIT","cash_fee":"10000","fee_type":"CNY","is_subscribe":"Y","mch_id":"1366091602","nonce_str":"3ty0zmfuw3y5xwri59lvvh2yuwpjrawg","openid":"okr7Gv7hSN7BeQ2xgD_MEAKTgXq4","out_trade_no":"2018081533444548178","result_code":"SUCCESS","return_code":"SUCCESS","sign":"C8C19119E4465ADD2210260CD4C499F2","time_end":"20180805124929","total_fee":"10000","trade_type":"JSAPI","transaction_id":"4200000180201808054567025024"}
[2018-08-05 12:49:29][debug] query:{"appid":"wxc5c7e311f8d5d759","attach":"okr7Gv7hSN7BeQ2xgD_MEAKTgXq4|56650|\u5218\u6668\u9192|5316208010|2018081533444548178|100|56650|ckcz","bank_type":"CCB_DEBIT","cash_fee":"10000","fee_type":"CNY","is_subscribe":"Y","mch_id":"1366091602","nonce_str":"3ubslL7TOD9XEjuG","openid":"okr7Gv7hSN7BeQ2xgD_MEAKTgXq4","out_trade_no":"2018081533444548178","result_code":"SUCCESS","return_code":"SUCCESS","return_msg":"OK","sign":"E772A7B680A27A01A6E7F44E406CADB1","time_end":"20180805124929","total_fee":"10000","trade_state":"SUCCESS","trade_state_desc":"\u652f\u4ed8\u6210\u529f","trade_type":"JSAPI","transaction_id":"4200000180201808054567025024"}
[2018-08-05 13:33:09][debug] trade_no---2018081533447187417
[2018-08-05 13:33:09][debug] third is 1533447189
[2018-08-05 13:33:09][debug] forth is 1533447189
[2018-08-05 13:33:25][debug] begin notify
[2018-08-05 13:33:25][debug] call back:{"appid":"wxc5c7e311f8d5d759","attach":"okr7Gv8K_u-lukAPalOPzrQDMals|56650|\u4fe1\u5fd7\u548f|5316210024|2018081533447187417|50|56650|ckcz","bank_type":"ABC_DEBIT","cash_fee":"5000","fee_type":"CNY","is_subscribe":"Y","mch_id":"1366091602","nonce_str":"c0hx77nu546kaww6g5kf3xq66g7m2uu0","openid":"okr7Gv8K_u-lukAPalOPzrQDMals","out_trade_no":"2018081533447187417","result_code":"SUCCESS","return_code":"SUCCESS","sign":"F73BF026DD7D4AC2240C56B7EA911F2A","time_end":"20180805133324","total_fee":"5000","trade_type":"JSAPI","transaction_id":"4200000172201808051313767866"}
[2018-08-05 13:33:25][debug] query:{"appid":"wxc5c7e311f8d5d759","attach":"okr7Gv8K_u-lukAPalOPzrQDMals|56650|\u4fe1\u5fd7\u548f|5316210024|2018081533447187417|50|56650|ckcz","bank_type":"ABC_DEBIT","cash_fee":"5000","fee_type":"CNY","is_subscribe":"Y","mch_id":"1366091602","nonce_str":"bTq9DumO6T5uBRWm","openid":"okr7Gv8K_u-lukAPalOPzrQDMals","out_trade_no":"2018081533447187417","result_code":"SUCCESS","return_code":"SUCCESS","return_msg":"OK","sign":"DB3C0FEC84230AD994844181443A41C4","time_end":"20180805133324","total_fee":"5000","trade_state":"SUCCESS","trade_state_desc":"\u652f\u4ed8\u6210\u529f","trade_type":"JSAPI","transaction_id":"4200000172201808051313767866"}
[2018-08-05 14:11:31][debug] trade_no---2018081533449490829
[2018-08-05 14:11:32][debug] third is 1533449492
[2018-08-05 14:11:32][debug] forth is 1533449492
[2018-08-05 14:11:43][debug] begin notify
[2018-08-05 14:11:43][debug] call back:{"appid":"wxc5c7e311f8d5d759","attach":"okr7Gv962W62SQENGd_0_0HahXCk|56650|\u5b5f\u8fea|5316206008|2018081533449490829|100|56650|ckcz","bank_type":"SPDB_DEBIT","cash_fee":"10000","fee_type":"CNY","is_subscribe":"Y","mch_id":"1366091602","nonce_str":"r9y9ozi4moluthjbsiuhvvogdfgviu9j","openid":"okr7Gv962W62SQENGd_0_0HahXCk","out_trade_no":"2018081533449490829","result_code":"SUCCESS","return_code":"SUCCESS","sign":"1257BCAD86DFE0EFAFD0354A774D7647","time_end":"20180805141142","total_fee":"10000","trade_type":"JSAPI","transaction_id":"4200000188201808057845167927"}
[2018-08-05 14:11:43][debug] query:{"appid":"wxc5c7e311f8d5d759","attach":"okr7Gv962W62SQENGd_0_0HahXCk|56650|\u5b5f\u8fea|5316206008|2018081533449490829|100|56650|ckcz","bank_type":"SPDB_DEBIT","cash_fee":"10000","fee_type":"CNY","is_subscribe":"Y","mch_id":"1366091602","nonce_str":"q9MNEXBq7Z0IbI0A","openid":"okr7Gv962W62SQENGd_0_0HahXCk","out_trade_no":"2018081533449490829","result_code":"SUCCESS","return_code":"SUCCESS","return_msg":"OK","sign":"57DA20DCD09A10B513A68D25C7073A26","time_end":"20180805141142","total_fee":"10000","trade_state":"SUCCESS","trade_state_desc":"\u652f\u4ed8\u6210\u529f","trade_type":"JSAPI","transaction_id":"4200000188201808057845167927"}
[2018-08-05 14:51:06][debug] trade_no---2018081533451865472
[2018-08-05 14:51:06][debug] third is 1533451866
[2018-08-05 14:51:06][debug] forth is 1533451866
[2018-08-05 14:51:15][debug] begin notify
[2018-08-05 14:51:15][debug] call back:{"appid":"wxc5c7e311f8d5d759","attach":"okr7Gvyib3hUhXdsCVufEFeE-VpI|56650|\u5b59\u5bb6\u7965|5316208084|2018081533451865472|100|56650|ckcz","bank_type":"CFT","cash_fee":"10000","fee_type":"CNY","is_subscribe":"Y","mch_id":"1366091602","nonce_str":"i7y5tsl3z3mk0sg3m0ksnqc6bp67v24n","openid":"okr7Gvyib3hUhXdsCVufEFeE-VpI","out_trade_no":"2018081533451865472","result_code":"SUCCESS","return_code":"SUCCESS","sign":"B78F31F5925F566E5081A3C18BE0F511","time_end":"20180805145114","total_fee":"10000","trade_type":"JSAPI","transaction_id":"4200000182201808054494306516"}
[2018-08-05 14:51:15][debug] query:{"appid":"wxc5c7e311f8d5d759","attach":"okr7Gvyib3hUhXdsCVufEFeE-VpI|56650|\u5b59\u5bb6\u7965|5316208084|2018081533451865472|100|56650|ckcz","bank_type":"CFT","cash_fee":"10000","fee_type":"CNY","is_subscribe":"Y","mch_id":"1366091602","nonce_str":"gbH0vCdmRFQMrDly","openid":"okr7Gvyib3hUhXdsCVufEFeE-VpI","out_trade_no":"2018081533451865472","result_code":"SUCCESS","return_code":"SUCCESS","return_msg":"OK","sign":"30E48314A7695E6836285431B3514898","time_end":"20180805145114","total_fee":"10000","trade_state":"SUCCESS","trade_state_desc":"\u652f\u4ed8\u6210\u529f","trade_type":"JSAPI","transaction_id":"4200000182201808054494306516"}
[2018-08-05 15:04:25][debug] trade_no---2018081533452665133
[2018-08-05 15:04:26][debug] third is 1533452666
[2018-08-05 15:04:26][debug] forth is 1533452666
[2018-08-05 15:04:34][debug] begin notify
[2018-08-05 15:04:34][debug] call back:{"appid":"wxc5c7e311f8d5d759","attach":"okr7Gv0YaIEk3TgpJRPljBIqvuD0|56650|\u8d3e\u8302\u6e90|5316212125|2018081533452665133|50|56650|ckcz","bank_type":"CFT","cash_fee":"5000","fee_type":"CNY","is_subscribe":"Y","mch_id":"1366091602","nonce_str":"91c0sw15yqjrs8bwwkiomuz6x0v3ag6t","openid":"okr7Gv0YaIEk3TgpJRPljBIqvuD0","out_trade_no":"2018081533452665133","result_code":"SUCCESS","return_code":"SUCCESS","sign":"FCE4D77E08C45FD77C5E193EFE904125","time_end":"20180805150433","total_fee":"5000","trade_type":"JSAPI","transaction_id":"4200000166201808056624068728"}
[2018-08-05 15:04:34][debug] query:{"appid":"wxc5c7e311f8d5d759","attach":"okr7Gv0YaIEk3TgpJRPljBIqvuD0|56650|\u8d3e\u8302\u6e90|5316212125|2018081533452665133|50|56650|ckcz","bank_type":"CFT","cash_fee":"5000","fee_type":"CNY","is_subscribe":"Y","mch_id":"1366091602","nonce_str":"NmxnFUId4WqxqFQD","openid":"okr7Gv0YaIEk3TgpJRPljBIqvuD0","out_trade_no":"2018081533452665133","result_code":"SUCCESS","return_code":"SUCCESS","return_msg":"OK","sign":"082F84B54350C14F9659653DE54DCEC8","time_end":"20180805150433","total_fee":"5000","trade_state":"SUCCESS","trade_state_desc":"\u652f\u4ed8\u6210\u529f","trade_type":"JSAPI","transaction_id":"4200000166201808056624068728"}
[2018-08-05 15:08:52][debug] trade_no---2018081533452930227
[2018-08-05 15:08:52][debug] third is 1533452932
[2018-08-05 15:08:52][debug] forth is 1533452932
[2018-08-05 15:09:00][debug] trade_no---2018081533452939613
[2018-08-05 15:09:00][debug] third is 1533452940
[2018-08-05 15:09:00][debug] forth is 1533452940
[2018-08-05 15:09:28][debug] begin notify
[2018-08-05 15:09:28][debug] call back:{"appid":"wxc5c7e311f8d5d759","attach":"okr7GvxMpSRBFk4Q0O_mk6l1I0ho|56650|\u5f90\u7fcc\u6e90|5316203038|2018081533452939613|200|56650|ckcz","bank_type":"PSBC_CREDIT","cash_fee":"20000","fee_type":"CNY","is_subscribe":"Y","mch_id":"1366091602","nonce_str":"ft102bievynh2763irhako3csr6yfqj3","openid":"okr7GvxMpSRBFk4Q0O_mk6l1I0ho","out_trade_no":"2018081533452939613","result_code":"SUCCESS","return_code":"SUCCESS","sign":"5C24E7C5858BDBC1A00EC0AFFCA321E2","time_end":"20180805150927","total_fee":"20000","trade_type":"JSAPI","transaction_id":"4200000186201808050344408466"}
[2018-08-05 15:09:28][debug] query:{"appid":"wxc5c7e311f8d5d759","attach":"okr7GvxMpSRBFk4Q0O_mk6l1I0ho|56650|\u5f90\u7fcc\u6e90|5316203038|2018081533452939613|200|56650|ckcz","bank_type":"PSBC_CREDIT","cash_fee":"20000","fee_type":"CNY","is_subscribe":"Y","mch_id":"1366091602","nonce_str":"lmytTCz4Mq9MwRHq","openid":"okr7GvxMpSRBFk4Q0O_mk6l1I0ho","out_trade_no":"2018081533452939613","result_code":"SUCCESS","return_code":"SUCCESS","return_msg":"OK","sign":"B23C8FA90FCBFE2DCCC7F51056CDC5C6","time_end":"20180805150927","total_fee":"20000","trade_state":"SUCCESS","trade_state_desc":"\u652f\u4ed8\u6210\u529f","trade_type":"JSAPI","transaction_id":"4200000186201808050344408466"}
[2018-08-05 15:37:52][debug] trade_no---2018081533454671841
[2018-08-05 15:37:52][debug] third is 1533454672
[2018-08-05 15:37:52][debug] forth is 1533454672
[2018-08-05 15:38:01][debug] begin notify
[2018-08-05 15:38:01][debug] call back:{"appid":"wxc5c7e311f8d5d759","attach":"okr7Gvx7qKpz3j8dlkaddFWXhFbQ|56650|\u5f20\u8d77\u5b81|5316206026|2018081533454671841|200|56650|ckcz","bank_type":"CFT","cash_fee":"20000","fee_type":"CNY","is_subscribe":"Y","mch_id":"1366091602","nonce_str":"o9x9atzpxbj287atemprtyrzspoueuhu","openid":"okr7Gvx7qKpz3j8dlkaddFWXhFbQ","out_trade_no":"2018081533454671841","result_code":"SUCCESS","return_code":"SUCCESS","sign":"3FBF40B15B297DB1F1FE6DD5C82A6DB2","time_end":"20180805153801","total_fee":"20000","trade_type":"JSAPI","transaction_id":"4200000180201808059005276459"}
[2018-08-05 15:38:02][debug] query:{"appid":"wxc5c7e311f8d5d759","attach":"okr7Gvx7qKpz3j8dlkaddFWXhFbQ|56650|\u5f20\u8d77\u5b81|5316206026|2018081533454671841|200|56650|ckcz","bank_type":"CFT","cash_fee":"20000","fee_type":"CNY","is_subscribe":"Y","mch_id":"1366091602","nonce_str":"WP5XqQ1TtB4anwP3","openid":"okr7Gvx7qKpz3j8dlkaddFWXhFbQ","out_trade_no":"2018081533454671841","result_code":"SUCCESS","return_code":"SUCCESS","return_msg":"OK","sign":"45FCB0D40D4684A165248860DA4F1311","time_end":"20180805153801","total_fee":"20000","trade_state":"SUCCESS","trade_state_desc":"\u652f\u4ed8\u6210\u529f","trade_type":"JSAPI","transaction_id":"4200000180201808059005276459"}
[2018-08-05 15:55:45][debug] trade_no---2018081533455744215
[2018-08-05 15:55:46][debug] third is 1533455746
[2018-08-05 15:55:46][debug] forth is 1533455746
[2018-08-05 15:56:18][debug] begin notify
[2018-08-05 15:56:18][debug] call back:{"appid":"wxc5c7e311f8d5d759","attach":"okr7Gv1P6U6prHobKJZHo8VLPT4s|56650|\u4faf\u6668\u65ed|5316201021|2018081533455744215|100|56650|ckcz","bank_type":"CFT","cash_fee":"10000","fee_type":"CNY","is_subscribe":"Y","mch_id":"1366091602","nonce_str":"00he3ju8b7829i4jjz9en7qflt8t3c5q","openid":"okr7Gv1P6U6prHobKJZHo8VLPT4s","out_trade_no":"2018081533455744215","result_code":"SUCCESS","return_code":"SUCCESS","sign":"FA2CB7975A8AFE026200741E6243B020","time_end":"20180805155617","total_fee":"10000","trade_type":"JSAPI","transaction_id":"4200000181201808053068984387"}
[2018-08-05 15:56:18][debug] query:{"appid":"wxc5c7e311f8d5d759","attach":"okr7Gv1P6U6prHobKJZHo8VLPT4s|56650|\u4faf\u6668\u65ed|5316201021|2018081533455744215|100|56650|ckcz","bank_type":"CFT","cash_fee":"10000","fee_type":"CNY","is_subscribe":"Y","mch_id":"1366091602","nonce_str":"5OfiH3BcANALPB0Q","openid":"okr7Gv1P6U6prHobKJZHo8VLPT4s","out_trade_no":"2018081533455744215","result_code":"SUCCESS","return_code":"SUCCESS","return_msg":"OK","sign":"F6261D8196BBFB4F616050B1A6F01840","time_end":"20180805155617","total_fee":"10000","trade_state":"SUCCESS","trade_state_desc":"\u652f\u4ed8\u6210\u529f","trade_type":"JSAPI","transaction_id":"4200000181201808053068984387"}
[2018-08-05 16:10:07][debug] trade_no---2018081533456606893
[2018-08-05 16:10:07][debug] third is 1533456607
[2018-08-05 16:10:07][debug] forth is 1533456607
[2018-08-05 16:10:14][debug] begin notify
[2018-08-05 16:10:14][debug] call back:{"appid":"wxc5c7e311f8d5d759","attach":"okr7GvxkVk31d02f74UH6vkIKe8o|56650|\u4efb\u5b50\u8f69|5316206069|2018081533456606893|100|56650|ckcz","bank_type":"CFT","cash_fee":"10000","fee_type":"CNY","is_subscribe":"Y","mch_id":"1366091602","nonce_str":"8p9g3vgri4s3muog0uqsp5orr9ujgdtt","openid":"okr7GvxkVk31d02f74UH6vkIKe8o","out_trade_no":"2018081533456606893","result_code":"SUCCESS","return_code":"SUCCESS","sign":"CD4770AC2D949C4286C6EE919EC84B9D","time_end":"20180805161013","total_fee":"10000","trade_type":"JSAPI","transaction_id":"4200000168201808056712989305"}
[2018-08-05 16:10:15][debug] query:{"appid":"wxc5c7e311f8d5d759","attach":"okr7GvxkVk31d02f74UH6vkIKe8o|56650|\u4efb\u5b50\u8f69|5316206069|2018081533456606893|100|56650|ckcz","bank_type":"CFT","cash_fee":"10000","fee_type":"CNY","is_subscribe":"Y","mch_id":"1366091602","nonce_str":"fZg0U41NO10rYmsm","openid":"okr7GvxkVk31d02f74UH6vkIKe8o","out_trade_no":"2018081533456606893","result_code":"SUCCESS","return_code":"SUCCESS","return_msg":"OK","sign":"612B3A2A0301C6689D3B62304BC21D31","time_end":"20180805161013","total_fee":"10000","trade_state":"SUCCESS","trade_state_desc":"\u652f\u4ed8\u6210\u529f","trade_type":"JSAPI","transaction_id":"4200000168201808056712989305"}
[2018-08-05 16:30:15][debug] begin notify
[2018-08-05 16:33:54][debug] trade_no---2018081533458033635
[2018-08-05 16:33:54][debug] third is 1533458034
[2018-08-05 16:33:54][debug] forth is 1533458034
[2018-08-05 16:34:03][debug] begin notify
[2018-08-05 16:34:03][debug] call back:{"appid":"wxc5c7e311f8d5d759","attach":"okr7Gv7KRDbdCvgeSBppNt5417pA|56650|\u738b\u6587\u8fea|5316119009|2018081533458033635|50|56650|ckcz","bank_type":"CFT","cash_fee":"5000","fee_type":"CNY","is_subscribe":"Y","mch_id":"1366091602","nonce_str":"mn2p3j54di5hlouxbdjpykkjjtawuu8d","openid":"okr7Gv7KRDbdCvgeSBppNt5417pA","out_trade_no":"2018081533458033635","result_code":"SUCCESS","return_code":"SUCCESS","sign":"B7A83C553AEAEBCD7BDB2F91E593DEAE","time_end":"20180805163402","total_fee":"5000","trade_type":"JSAPI","transaction_id":"4200000167201808054004011759"}
[2018-08-05 16:34:03][debug] query:{"appid":"wxc5c7e311f8d5d759","attach":"okr7Gv7KRDbdCvgeSBppNt5417pA|56650|\u738b\u6587\u8fea|5316119009|2018081533458033635|50|56650|ckcz","bank_type":"CFT","cash_fee":"5000","fee_type":"CNY","is_subscribe":"Y","mch_id":"1366091602","nonce_str":"GWebGq0ptfzS11Ta","openid":"okr7Gv7KRDbdCvgeSBppNt5417pA","out_trade_no":"2018081533458033635","result_code":"SUCCESS","return_code":"SUCCESS","return_msg":"OK","sign":"D9B1918D848EDD357F23778B6195492D","time_end":"20180805163402","total_fee":"5000","trade_state":"SUCCESS","trade_state_desc":"\u652f\u4ed8\u6210\u529f","trade_type":"JSAPI","transaction_id":"4200000167201808054004011759"}
[2018-08-05 17:04:56][debug] begin notify
[2018-08-05 17:04:56][debug] call back:{"appid":"wx8c6755d40004036d","attach":"oUMeDwHfeY1Vq_9WqZVSCqviGbhE|56757|\u94b1\u5b9c\u8f69|128884|1288841533459862317|5|npa-njx-qq-nck-ygyu","bank_type":"CFT","cash_fee":"500","fee_type":"CNY","is_subscribe":"N","mch_id":"1480239942","nonce_str":"na2t2q749wz95258b3iuaw0753k41we9","openid":"oUMeDwHfeY1Vq_9WqZVSCqviGbhE","out_trade_no":"1288841533459862317","result_code":"SUCCESS","return_code":"SUCCESS","sign":"B26FF693FA92066BAC4A3AB36DD15F3C","time_end":"20180805170455","total_fee":"500","trade_type":"JSAPI","transaction_id":"4200000188201808058854133265"}
[2018-08-05 17:04:56][debug] query:{"appid":"wx8c6755d40004036d","attach":"oUMeDwHfeY1Vq_9WqZVSCqviGbhE|56757|\u94b1\u5b9c\u8f69|128884|1288841533459862317|5|npa-njx-qq-nck-ygyu","bank_type":"CFT","cash_fee":"500","fee_type":"CNY","is_subscribe":"N","mch_id":"1480239942","nonce_str":"91eVAtg5UpEn7VnD","openid":"oUMeDwHfeY1Vq_9WqZVSCqviGbhE","out_trade_no":"1288841533459862317","result_code":"SUCCESS","return_code":"SUCCESS","return_msg":"OK","sign":"B2AF1E31D136285E10E1B576E20643DC","time_end":"20180805170455","total_fee":"500","trade_state":"SUCCESS","trade_state_desc":"\u652f\u4ed8\u6210\u529f","trade_type":"JSAPI","transaction_id":"4200000188201808058854133265"}
[2018-08-05 17:06:07][debug] trade_no---2018081533459966564
[2018-08-05 17:06:07][debug] third is 1533459967
[2018-08-05 17:06:07][debug] forth is 1533459967
[2018-08-05 17:06:18][debug] begin notify
[2018-08-05 17:06:18][debug] call back:{"appid":"wxc5c7e311f8d5d759","attach":"okr7Gv9X4_oxJkBZ6i4HOFIu3wm0|56650|\u7530\u68a6\u7433|5316207087|2018081533459966564|50|56650|ckcz","bank_type":"CFT","cash_fee":"5000","fee_type":"CNY","is_subscribe":"Y","mch_id":"1366091602","nonce_str":"6qjow4ej8un5ceqt0k5a7unrpid6wzl7","openid":"okr7Gv9X4_oxJkBZ6i4HOFIu3wm0","out_trade_no":"2018081533459966564","result_code":"SUCCESS","return_code":"SUCCESS","sign":"7E5642A834134F26C759A8F5B75629B0","time_end":"20180805170617","total_fee":"5000","trade_type":"JSAPI","transaction_id":"4200000181201808055442997472"}
[2018-08-05 17:06:19][debug] query:{"appid":"wxc5c7e311f8d5d759","attach":"okr7Gv9X4_oxJkBZ6i4HOFIu3wm0|56650|\u7530\u68a6\u7433|5316207087|2018081533459966564|50|56650|ckcz","bank_type":"CFT","cash_fee":"5000","fee_type":"CNY","is_subscribe":"Y","mch_id":"1366091602","nonce_str":"o9HiTUWpu3zQm6Th","openid":"okr7Gv9X4_oxJkBZ6i4HOFIu3wm0","out_trade_no":"2018081533459966564","result_code":"SUCCESS","return_code":"SUCCESS","return_msg":"OK","sign":"F802AE8514A288FA1ADC5B4AC511E36D","time_end":"20180805170617","total_fee":"5000","trade_state":"SUCCESS","trade_state_desc":"\u652f\u4ed8\u6210\u529f","trade_type":"JSAPI","transaction_id":"4200000181201808055442997472"}
[2018-08-05 17:13:56][debug] begin notify
[2018-08-05 17:13:56][debug] call back:{"appid":"wx8c6755d40004036d","attach":"oUMeDwEVVGOfS08AeCh3rZkUD-t8|56757|\u51e1\u946b|128791|1287911533460424918|5|npa-njx-qq-nck-ygyu","bank_type":"CFT","cash_fee":"500","fee_type":"CNY","is_subscribe":"Y","mch_id":"1480239942","nonce_str":"21vmhju4s4l6cosajzcod4nnsbsdqxbm","openid":"oUMeDwEVVGOfS08AeCh3rZkUD-t8","out_trade_no":"1287911533460424918","result_code":"SUCCESS","return_code":"SUCCESS","sign":"840BF81CA178659BD035514DA5924D18","time_end":"20180805171356","total_fee":"500","trade_type":"JSAPI","transaction_id":"4200000173201808058234447161"}
[2018-08-05 17:13:56][debug] query:{"appid":"wx8c6755d40004036d","attach":"oUMeDwEVVGOfS08AeCh3rZkUD-t8|56757|\u51e1\u946b|128791|1287911533460424918|5|npa-njx-qq-nck-ygyu","bank_type":"CFT","cash_fee":"500","fee_type":"CNY","is_subscribe":"Y","mch_id":"1480239942","nonce_str":"pVR5Le3x0GgjGjVR","openid":"oUMeDwEVVGOfS08AeCh3rZkUD-t8","out_trade_no":"1287911533460424918","result_code":"SUCCESS","return_code":"SUCCESS","return_msg":"OK","sign":"699D93B3282E7DF5AD5C95BEC0B4BC93","time_end":"20180805171356","total_fee":"500","trade_state":"SUCCESS","trade_state_desc":"\u652f\u4ed8\u6210\u529f","trade_type":"JSAPI","transaction_id":"4200000173201808058234447161"}
[2018-08-05 17:40:04][debug] trade_no---2018081533458033635
[2018-08-05 17:40:04][debug] third is 1533462004
[2018-08-05 17:40:04][debug] trade_no---2018081533458033635
[2018-08-05 17:40:04][debug] third is 1533462004
[2018-08-05 17:55:11][debug] begin notify
[2018-08-05 17:55:11][debug] call back:{"appid":"wx8c6755d40004036d","attach":"okr7Gv5zRzNwfhKZfjsqU5PDUK4M|56650|\u6768\u4f73\u6798|114065|1140651533462892598|100|pa-jx-qq-ck-yxni","bank_type":"CFT","cash_fee":"10000","fee_type":"CNY","is_subscribe":"Y","mch_id":"1480239942","nonce_str":"imo8zghxdq3p4we5tyinnd6b9sd4j6u4","openid":"oUMeDwB0vzkJ_5jDDZccdnXXSggk","out_trade_no":"1140651533462892598","result_code":"SUCCESS","return_code":"SUCCESS","sign":"4D324AD5EAD7E657650CBBE0A383759A","time_end":"20180805175510","total_fee":"10000","trade_type":"JSAPI","transaction_id":"4200000159201808050841120963"}
[2018-08-05 17:55:11][debug] query:{"appid":"wx8c6755d40004036d","attach":"okr7Gv5zRzNwfhKZfjsqU5PDUK4M|56650|\u6768\u4f73\u6798|114065|1140651533462892598|100|pa-jx-qq-ck-yxni","bank_type":"CFT","cash_fee":"10000","fee_type":"CNY","is_subscribe":"Y","mch_id":"1480239942","nonce_str":"f2ZIWqniZTaPLB1u","openid":"oUMeDwB0vzkJ_5jDDZccdnXXSggk","out_trade_no":"1140651533462892598","result_code":"SUCCESS","return_code":"SUCCESS","return_msg":"OK","sign":"62CC32FE6190E5BB35190F6774589100","time_end":"20180805175510","total_fee":"10000","trade_state":"SUCCESS","trade_state_desc":"\u652f\u4ed8\u6210\u529f","trade_type":"JSAPI","transaction_id":"4200000159201808050841120963"}
[2018-08-05 17:55:27][debug] trade_no---2018081533462926713
[2018-08-05 17:55:27][debug] third is 1533462927
[2018-08-05 17:55:27][debug] forth is 1533462927
[2018-08-05 17:55:37][debug] begin notify
[2018-08-05 17:55:37][debug] call back:{"appid":"wxc5c7e311f8d5d759","attach":"okr7Gv7GAQxI9LTLJv5GqCtPt18Q|56650|\u8d3e\u5b50\u9f99|5316201064|2018081533462926713|100|56650|ckcz","bank_type":"CFT","cash_fee":"10000","fee_type":"CNY","is_subscribe":"Y","mch_id":"1366091602","nonce_str":"tg4zk9o8z5wfxf49ag057yuiwaokgyw0","openid":"okr7Gv7GAQxI9LTLJv5GqCtPt18Q","out_trade_no":"2018081533462926713","result_code":"SUCCESS","return_code":"SUCCESS","sign":"E68A8888B7B4B1C381415211454D27D4","time_end":"20180805175536","total_fee":"10000","trade_type":"JSAPI","transaction_id":"4200000169201808056313255317"}
[2018-08-05 17:55:38][debug] query:{"appid":"wxc5c7e311f8d5d759","attach":"okr7Gv7GAQxI9LTLJv5GqCtPt18Q|56650|\u8d3e\u5b50\u9f99|5316201064|2018081533462926713|100|56650|ckcz","bank_type":"CFT","cash_fee":"10000","fee_type":"CNY","is_subscribe":"Y","mch_id":"1366091602","nonce_str":"DTolyfb9lhLGyibW","openid":"okr7Gv7GAQxI9LTLJv5GqCtPt18Q","out_trade_no":"2018081533462926713","result_code":"SUCCESS","return_code":"SUCCESS","return_msg":"OK","sign":"C6664527A3936B95DF83ECE2B5C73CA5","time_end":"20180805175536","total_fee":"10000","trade_state":"SUCCESS","trade_state_desc":"\u652f\u4ed8\u6210\u529f","trade_type":"JSAPI","transaction_id":"4200000169201808056313255317"}
[2018-08-05 18:03:22][debug] trade_no---2018081533463401990
[2018-08-05 18:03:22][debug] third is 1533463402
[2018-08-05 18:03:22][debug] forth is 1533463402
[2018-08-05 18:03:31][debug] begin notify
[2018-08-05 18:03:31][debug] call back:{"appid":"wxc5c7e311f8d5d759","attach":"okr7Gv2Q2EssNt-99eOyIjiycn-4|56650|\u5f20\u9ad8\u5174|5316203070|2018081533463401990|50|56650|ckcz","bank_type":"CFT","cash_fee":"4986","coupon_count":"1","coupon_fee":"14","coupon_fee_0":"14","coupon_id_0":"2000000040225388216","fee_type":"CNY","is_subscribe":"Y","mch_id":"1366091602","nonce_str":"zz9gxd86vmsyllbdcciflu6rxxfqj36n","openid":"okr7Gv2Q2EssNt-99eOyIjiycn-4","out_trade_no":"2018081533463401990","result_code":"SUCCESS","return_code":"SUCCESS","sign":"111A16A85B5C256A767C14B4A3EE4E27","time_end":"20180805180330","total_fee":"5000","trade_type":"JSAPI","transaction_id":"4200000178201808059923305055"}
[2018-08-05 18:03:31][debug] query:{"appid":"wxc5c7e311f8d5d759","attach":"okr7Gv2Q2EssNt-99eOyIjiycn-4|56650|\u5f20\u9ad8\u5174|5316203070|2018081533463401990|50|56650|ckcz","bank_type":"CFT","cash_fee":"4986","coupon_count":"1","coupon_fee":"14","coupon_fee_0":"14","coupon_id_0":"2000000040225388216","fee_type":"CNY","is_subscribe":"Y","mch_id":"1366091602","nonce_str":"35jKZAGfX6JnFC7K","openid":"okr7Gv2Q2EssNt-99eOyIjiycn-4","out_trade_no":"2018081533463401990","result_code":"SUCCESS","return_code":"SUCCESS","return_msg":"OK","sign":"F4E5B542CEB809D6D37BCA94F9255FB7","time_end":"20180805180330","total_fee":"5000","trade_state":"SUCCESS","trade_state_desc":"\u652f\u4ed8\u6210\u529f","trade_type":"JSAPI","transaction_id":"4200000178201808059923305055"}
[2018-08-05 18:05:35][debug] trade_no---2018081533463534885
[2018-08-05 18:05:36][debug] third is 1533463536
[2018-08-05 18:05:36][debug] forth is 1533463536
[2018-08-05 18:06:12][debug] begin notify
[2018-08-05 18:06:12][debug] call back:{"appid":"wxc5c7e311f8d5d759","attach":"okr7Gv56IpldgzQ9vVt3JmSIN-BI|56650|\u738b\u840c\u8339|T566501018006|2018081533463534885|100|56650|ckcz","bank_type":"PSBC_DEBIT","cash_fee":"9985","coupon_count":"1","coupon_fee":"15","coupon_fee_0":"15","coupon_id_0":"2000000040165543184","fee_type":"CNY","is_subscribe":"Y","mch_id":"1366091602","nonce_str":"n6rg6nnx2yi5sb6qoptsfp3youozq3ze","openid":"okr7Gv56IpldgzQ9vVt3JmSIN-BI","out_trade_no":"2018081533463534885","result_code":"SUCCESS","return_code":"SUCCESS","sign":"02F6236345F8415931549B062FD47FA5","time_end":"20180805180611","total_fee":"10000","trade_type":"JSAPI","transaction_id":"4200000187201808054235707300"}
[2018-08-05 18:06:12][debug] query:{"appid":"wxc5c7e311f8d5d759","attach":"okr7Gv56IpldgzQ9vVt3JmSIN-BI|56650|\u738b\u840c\u8339|T566501018006|2018081533463534885|100|56650|ckcz","bank_type":"PSBC_DEBIT","cash_fee":"9985","coupon_count":"1","coupon_fee":"15","coupon_fee_0":"15","coupon_id_0":"2000000040165543184","fee_type":"CNY","is_subscribe":"Y","mch_id":"1366091602","nonce_str":"Jba2WOWnDhuCXPco","openid":"okr7Gv56IpldgzQ9vVt3JmSIN-BI","out_trade_no":"2018081533463534885","result_code":"SUCCESS","return_code":"SUCCESS","return_msg":"OK","sign":"211438C5036AF32B2ED3CB2B4836573D","time_end":"20180805180611","total_fee":"10000","trade_state":"SUCCESS","trade_state_desc":"\u652f\u4ed8\u6210\u529f","trade_type":"JSAPI","transaction_id":"4200000187201808054235707300"}
[2018-08-05 18:12:01][debug] trade_no---2018081533463920329
[2018-08-05 18:12:01][debug] third is 1533463921
[2018-08-05 18:12:01][debug] forth is 1533463921
[2018-08-05 18:12:09][debug] begin notify
[2018-08-05 18:12:09][debug] call back:{"appid":"wxc5c7e311f8d5d759","attach":"okr7GvwobmEhpaac6zLbIzNMR71s|56650|\u5b5f\u6210\u9f99|5316206061|2018081533463920329|100|56650|ckcz","bank_type":"CCB_DEBIT","cash_fee":"10000","fee_type":"CNY","is_subscribe":"Y","mch_id":"1366091602","nonce_str":"e0qikvawbjdosuwy82nis344scnpb591","openid":"okr7GvwobmEhpaac6zLbIzNMR71s","out_trade_no":"2018081533463920329","result_code":"SUCCESS","return_code":"SUCCESS","sign":"8BB33E4210E3FBD75FF2530F3CC60CF6","time_end":"20180805181209","total_fee":"10000","trade_type":"JSAPI","transaction_id":"4200000167201808050961282107"}
[2018-08-05 18:12:09][debug] query:{"appid":"wxc5c7e311f8d5d759","attach":"okr7GvwobmEhpaac6zLbIzNMR71s|56650|\u5b5f\u6210\u9f99|5316206061|2018081533463920329|100|56650|ckcz","bank_type":"CCB_DEBIT","cash_fee":"10000","fee_type":"CNY","is_subscribe":"Y","mch_id":"1366091602","nonce_str":"1gklayToNpSc6EYK","openid":"okr7GvwobmEhpaac6zLbIzNMR71s","out_trade_no":"2018081533463920329","result_code":"SUCCESS","return_code":"SUCCESS","return_msg":"OK","sign":"72FF57586B07BB251CFDBBEA3CACB062","time_end":"20180805181209","total_fee":"10000","trade_state":"SUCCESS","trade_state_desc":"\u652f\u4ed8\u6210\u529f","trade_type":"JSAPI","transaction_id":"4200000167201808050961282107"}
[2018-08-05 18:12:16][debug] trade_no---2018081533463935930
[2018-08-05 18:12:16][debug] third is 1533463936
[2018-08-05 18:12:16][debug] forth is 1533463936
[2018-08-05 18:12:18][debug] trade_no---2018081533463937196
[2018-08-05 18:12:18][debug] third is 1533463938
[2018-08-05 18:12:18][debug] forth is 1533463938
[2018-08-05 18:12:24][debug] begin notify
[2018-08-05 18:12:24][debug] call back:{"appid":"wxc5c7e311f8d5d759","attach":"okr7GvwNlRR88kaGyF4zRa1MXuus|56650|\u5f20\u5723\u745c|5316118068|2018081533463935930|100|56650|ckcz","bank_type":"CEB_CREDIT","cash_fee":"10000","fee_type":"CNY","is_subscribe":"Y","mch_id":"1366091602","nonce_str":"ahl89izwvieh7ouguz9s93y0g0j8omvt","openid":"okr7GvwNlRR88kaGyF4zRa1MXuus","out_trade_no":"2018081533463935930","result_code":"SUCCESS","return_code":"SUCCESS","sign":"7B9112F79ED5ED99DFA36A557BE62539","time_end":"20180805181223","total_fee":"10000","trade_type":"JSAPI","transaction_id":"4200000159201808051542365689"}
[2018-08-05 18:12:24][debug] query:{"appid":"wxc5c7e311f8d5d759","attach":"okr7GvwNlRR88kaGyF4zRa1MXuus|56650|\u5f20\u5723\u745c|5316118068|2018081533463935930|100|56650|ckcz","bank_type":"CEB_CREDIT","cash_fee":"10000","fee_type":"CNY","is_subscribe":"Y","mch_id":"1366091602","nonce_str":"lLIESZHJYEJUjFkB","openid":"okr7GvwNlRR88kaGyF4zRa1MXuus","out_trade_no":"2018081533463935930","result_code":"SUCCESS","return_code":"SUCCESS","return_msg":"OK","sign":"FB745270B2558E7E333B2A38C9A20A6F","time_end":"20180805181223","total_fee":"10000","trade_state":"SUCCESS","trade_state_desc":"\u652f\u4ed8\u6210\u529f","trade_type":"JSAPI","transaction_id":"4200000159201808051542365689"}
[2018-08-05 18:12:54][debug] begin notify
[2018-08-05 18:12:54][debug] call back:{"appid":"wxc5c7e311f8d5d759","attach":"okr7Gv_I3QFgpEY_LCzSoMnh8a2E|56650|\u9648\u601d\u9716|5316116022|2018081533463937196|100|56650|ckcz","bank_type":"CFT","cash_fee":"10000","fee_type":"CNY","is_subscribe":"Y","mch_id":"1366091602","nonce_str":"khi0zfj5qjnxjxpdssdkpej2duetf8km","openid":"okr7Gv_I3QFgpEY_LCzSoMnh8a2E","out_trade_no":"2018081533463937196","result_code":"SUCCESS","return_code":"SUCCESS","sign":"1712D87A7A64DE40C7B2F964A576096C","time_end":"20180805181253","total_fee":"10000","trade_type":"JSAPI","transaction_id":"4200000180201808052519679837"}
[2018-08-05 18:12:54][debug] query:{"appid":"wxc5c7e311f8d5d759","attach":"okr7Gv_I3QFgpEY_LCzSoMnh8a2E|56650|\u9648\u601d\u9716|5316116022|2018081533463937196|100|56650|ckcz","bank_type":"CFT","cash_fee":"10000","fee_type":"CNY","is_subscribe":"Y","mch_id":"1366091602","nonce_str":"4V6VgwTFrQbN8xfb","openid":"okr7Gv_I3QFgpEY_LCzSoMnh8a2E","out_trade_no":"2018081533463937196","result_code":"SUCCESS","return_code":"SUCCESS","return_msg":"OK","sign":"4B0B7DCBF735D4D09F9279E9E6B47518","time_end":"20180805181253","total_fee":"10000","trade_state":"SUCCESS","trade_state_desc":"\u652f\u4ed8\u6210\u529f","trade_type":"JSAPI","transaction_id":"4200000180201808052519679837"}
[2018-08-05 18:13:10][debug] trade_no---2018081533463937196
[2018-08-05 18:13:10][debug] third is 1533463990
[2018-08-05 18:15:57][debug] trade_no---2018081533464156220
[2018-08-05 18:15:57][debug] third is 1533464157
[2018-08-05 18:15:57][debug] forth is 1533464157
[2018-08-05 18:16:08][debug] begin notify
[2018-08-05 18:16:08][debug] call back:{"appid":"wxc5c7e311f8d5d759","attach":"okr7Gv4keskSHAL8JwpCMy1wwynY|56650|\u674e\u9e4f\u535a|5316212011|2018081533464156220|100|56650|ckcz","bank_type":"PSBC_DEBIT","cash_fee":"10000","fee_type":"CNY","is_subscribe":"Y","mch_id":"1366091602","nonce_str":"b2ix3gljv7idak7s1mq8tt1beph3mkum","openid":"okr7Gv4keskSHAL8JwpCMy1wwynY","out_trade_no":"2018081533464156220","result_code":"SUCCESS","return_code":"SUCCESS","sign":"F6C9C8F9C99073DD989880127C2484EE","time_end":"20180805181608","total_fee":"10000","trade_type":"JSAPI","transaction_id":"4200000178201808053204713481"}
[2018-08-05 18:16:08][debug] query:{"appid":"wxc5c7e311f8d5d759","attach":"okr7Gv4keskSHAL8JwpCMy1wwynY|56650|\u674e\u9e4f\u535a|5316212011|2018081533464156220|100|56650|ckcz","bank_type":"PSBC_DEBIT","cash_fee":"10000","fee_type":"CNY","is_subscribe":"Y","mch_id":"1366091602","nonce_str":"X7bdG4ydgCrIadw2","openid":"okr7Gv4keskSHAL8JwpCMy1wwynY","out_trade_no":"2018081533464156220","result_code":"SUCCESS","return_code":"SUCCESS","return_msg":"OK","sign":"3EEDB204A3AE660DAE397088A502B69F","time_end":"20180805181608","total_fee":"10000","trade_state":"SUCCESS","trade_state_desc":"\u652f\u4ed8\u6210\u529f","trade_type":"JSAPI","transaction_id":"4200000178201808053204713481"}
[2018-08-05 18:23:18][debug] trade_no---2018081533464597745
[2018-08-05 18:23:18][debug] third is 1533464598
[2018-08-05 18:23:18][debug] forth is 1533464598
[2018-08-05 18:23:30][debug] begin notify
[2018-08-05 18:23:30][debug] call back:{"appid":"wxc5c7e311f8d5d759","attach":"okr7Gv2AuLILXMqu0HX9WoOuIHzg|56650|\u8d75\u4e00\u4e39|5316118012|2018081533464597745|100|56650|ckcz","bank_type":"CFT","cash_fee":"10000","fee_type":"CNY","is_subscribe":"Y","mch_id":"1366091602","nonce_str":"ol2sevbmyttrhtms11nq4w5akll6tp7m","openid":"okr7Gv2AuLILXMqu0HX9WoOuIHzg","out_trade_no":"2018081533464597745","result_code":"SUCCESS","return_code":"SUCCESS","sign":"935129BA0645F838EC591593C356CF17","time_end":"20180805182329","total_fee":"10000","trade_type":"JSAPI","transaction_id":"4200000162201808056418960736"}
[2018-08-05 18:23:30][debug] query:{"appid":"wxc5c7e311f8d5d759","attach":"okr7Gv2AuLILXMqu0HX9WoOuIHzg|56650|\u8d75\u4e00\u4e39|5316118012|2018081533464597745|100|56650|ckcz","bank_type":"CFT","cash_fee":"10000","fee_type":"CNY","is_subscribe":"Y","mch_id":"1366091602","nonce_str":"t8scG3B4YOeTb5et","openid":"okr7Gv2AuLILXMqu0HX9WoOuIHzg","out_trade_no":"2018081533464597745","result_code":"SUCCESS","return_code":"SUCCESS","return_msg":"OK","sign":"777F1062D3BE01FCAD778FC43C982CAE","time_end":"20180805182329","total_fee":"10000","trade_state":"SUCCESS","trade_state_desc":"\u652f\u4ed8\u6210\u529f","trade_type":"JSAPI","transaction_id":"4200000162201808056418960736"}
[2018-08-05 19:57:28][debug] trade_no---2018081533470247922
[2018-08-05 19:57:28][debug] third is 1533470248
[2018-08-05 19:57:28][debug] forth is 1533470248
[2018-08-05 19:57:40][debug] begin notify
[2018-08-05 19:57:40][debug] call back:{"appid":"wxc5c7e311f8d5d759","attach":"okr7Gv6f5EWpMwG9u9-HAbBEDVCY|56650|\u90ed\u5b50\u88d5|5316113051|2018081533470247922|100|56650|ckcz","bank_type":"CFT","cash_fee":"9987","coupon_count":"1","coupon_fee":"13","coupon_fee_0":"13","coupon_id_0":"2000000040289728182","fee_type":"CNY","is_subscribe":"Y","mch_id":"1366091602","nonce_str":"xrbyfs58mg3dseubd7q9m7lu9zwmq5qq","openid":"okr7Gv6f5EWpMwG9u9-HAbBEDVCY","out_trade_no":"2018081533470247922","result_code":"SUCCESS","return_code":"SUCCESS","sign":"00FBD5857A73BF4AD905C2CB5EA608C5","time_end":"20180805195740","total_fee":"10000","trade_type":"JSAPI","transaction_id":"4200000171201808058558385681"}
[2018-08-05 19:57:41][debug] query:{"appid":"wxc5c7e311f8d5d759","attach":"okr7Gv6f5EWpMwG9u9-HAbBEDVCY|56650|\u90ed\u5b50\u88d5|5316113051|2018081533470247922|100|56650|ckcz","bank_type":"CFT","cash_fee":"9987","coupon_count":"1","coupon_fee":"13","coupon_fee_0":"13","coupon_id_0":"2000000040289728182","fee_type":"CNY","is_subscribe":"Y","mch_id":"1366091602","nonce_str":"NRIJaCygAGhhps9J","openid":"okr7Gv6f5EWpMwG9u9-HAbBEDVCY","out_trade_no":"2018081533470247922","result_code":"SUCCESS","return_code":"SUCCESS","return_msg":"OK","sign":"60984A558368DF348616C87226AB3C57","time_end":"20180805195740","total_fee":"10000","trade_state":"SUCCESS","trade_state_desc":"\u652f\u4ed8\u6210\u529f","trade_type":"JSAPI","transaction_id":"4200000171201808058558385681"}
[2018-08-05 20:44:19][debug] trade_no---2018081533473058239
[2018-08-05 20:44:19][debug] third is 1533473059
[2018-08-05 20:44:19][debug] forth is 1533473059
[2018-08-05 20:44:34][debug] begin notify
[2018-08-05 20:44:34][debug] call back:{"appid":"wxc5c7e311f8d5d759","attach":"okr7Gv80nlVsDa69QowZQ4fP5Efw|56650|\u5f20\u7ffc|5316201063|2018081533473058239|200|56650|ckcz","bank_type":"CFT","cash_fee":"19986","coupon_count":"1","coupon_fee":"14","coupon_fee_0":"14","coupon_id_0":"2000000040302479119","fee_type":"CNY","is_subscribe":"Y","mch_id":"1366091602","nonce_str":"1e37x131pjuhq7kkx61zpc1b6w8p2rkb","openid":"okr7Gv80nlVsDa69QowZQ4fP5Efw","out_trade_no":"2018081533473058239","result_code":"SUCCESS","return_code":"SUCCESS","sign":"EF918F6CD3C14B7E0123BDF900E95D36","time_end":"20180805204433","total_fee":"20000","trade_type":"JSAPI","transaction_id":"4200000174201808059553374711"}
[2018-08-05 20:44:34][debug] query:{"appid":"wxc5c7e311f8d5d759","attach":"okr7Gv80nlVsDa69QowZQ4fP5Efw|56650|\u5f20\u7ffc|5316201063|2018081533473058239|200|56650|ckcz","bank_type":"CFT","cash_fee":"19986","coupon_count":"1","coupon_fee":"14","coupon_fee_0":"14","coupon_id_0":"2000000040302479119","fee_type":"CNY","is_subscribe":"Y","mch_id":"1366091602","nonce_str":"wI8Yh5tMb7LSZ5sB","openid":"okr7Gv80nlVsDa69QowZQ4fP5Efw","out_trade_no":"2018081533473058239","result_code":"SUCCESS","return_code":"SUCCESS","return_msg":"OK","sign":"C3A9E54EC7C6E466635AD68A689C3AFB","time_end":"20180805204433","total_fee":"20000","trade_state":"SUCCESS","trade_state_desc":"\u652f\u4ed8\u6210\u529f","trade_type":"JSAPI","transaction_id":"4200000174201808059553374711"}
[2018-08-05 21:35:02][debug] trade_no---2018081533476101864
[2018-08-05 21:35:03][debug] third is 1533476103
[2018-08-05 21:35:03][debug] forth is 1533476103
[2018-08-05 21:35:15][debug] begin notify
[2018-08-05 21:35:15][debug] call back:{"appid":"wxc5c7e311f8d5d759","attach":"okr7Gv5eQjv80JLPlwvM8_XM6808|56650|\u90dd\u95ef|5316113007|2018081533476101864|100|56650|ckcz","bank_type":"CCB_DEBIT","cash_fee":"10000","fee_type":"CNY","is_subscribe":"Y","mch_id":"1366091602","nonce_str":"zpxp5kpvinpy4cy9h3qsgng0h9p74d38","openid":"okr7Gv5eQjv80JLPlwvM8_XM6808","out_trade_no":"2018081533476101864","result_code":"SUCCESS","return_code":"SUCCESS","sign":"43EFB5B32E979CBD9B69E5CF002887AE","time_end":"20180805213514","total_fee":"10000","trade_type":"JSAPI","transaction_id":"4200000180201808051364706568"}
[2018-08-05 21:35:15][debug] query:{"appid":"wxc5c7e311f8d5d759","attach":"okr7Gv5eQjv80JLPlwvM8_XM6808|56650|\u90dd\u95ef|5316113007|2018081533476101864|100|56650|ckcz","bank_type":"CCB_DEBIT","cash_fee":"10000","fee_type":"CNY","is_subscribe":"Y","mch_id":"1366091602","nonce_str":"yjGCkP0c9erBV0He","openid":"okr7Gv5eQjv80JLPlwvM8_XM6808","out_trade_no":"2018081533476101864","result_code":"SUCCESS","return_code":"SUCCESS","return_msg":"OK","sign":"D2BACE32F118B396701614A8B0AA0D29","time_end":"20180805213514","total_fee":"10000","trade_state":"SUCCESS","trade_state_desc":"\u652f\u4ed8\u6210\u529f","trade_type":"JSAPI","transaction_id":"4200000180201808051364706568"}
[2018-08-05 22:28:23][debug] trade_no---2018081533479302561
[2018-08-05 22:28:23][debug] third is 1533479303
[2018-08-05 22:28:23][debug] forth is 1533479303
[2018-08-05 22:28:30][debug] begin notify
[2018-08-05 22:28:30][debug] call back:{"appid":"wxc5c7e311f8d5d759","attach":"okr7Gvx_QuK1X1Be5pOByAfVHn-8|56650|\u90a2\u5b5f\u751c|5316204018|2018081533479302561|100|56650|ckcz","bank_type":"CFT","cash_fee":"10000","fee_type":"CNY","is_subscribe":"Y","mch_id":"1366091602","nonce_str":"xsick94ra9rotnwwq3hievuolwsya7my","openid":"okr7Gvx_QuK1X1Be5pOByAfVHn-8","out_trade_no":"2018081533479302561","result_code":"SUCCESS","return_code":"SUCCESS","sign":"24AF4981815319519ED73CBCC22B2AE7","time_end":"20180805222829","total_fee":"10000","trade_type":"JSAPI","transaction_id":"4200000172201808050528459446"}
[2018-08-05 22:28:30][debug] query:{"appid":"wxc5c7e311f8d5d759","attach":"okr7Gvx_QuK1X1Be5pOByAfVHn-8|56650|\u90a2\u5b5f\u751c|5316204018|2018081533479302561|100|56650|ckcz","bank_type":"CFT","cash_fee":"10000","fee_type":"CNY","is_subscribe":"Y","mch_id":"1366091602","nonce_str":"VfjGHyvHAYBAZ6HB","openid":"okr7Gvx_QuK1X1Be5pOByAfVHn-8","out_trade_no":"2018081533479302561","result_code":"SUCCESS","return_code":"SUCCESS","return_msg":"OK","sign":"8E14E981AC3117D99904801C0D650C19","time_end":"20180805222829","total_fee":"10000","trade_state":"SUCCESS","trade_state_desc":"\u652f\u4ed8\u6210\u529f","trade_type":"JSAPI","transaction_id":"4200000172201808050528459446"}
[2018-08-05 22:33:39][debug] trade_no---2018081533479618960
[2018-08-05 22:33:39][debug] third is 1533479619
[2018-08-05 22:33:39][debug] forth is 1533479619
[2018-08-05 22:33:47][debug] begin notify
[2018-08-05 22:33:47][debug] call back:{"appid":"wxc5c7e311f8d5d759","attach":"okr7GvyaHYbTO7OGqfHf4nyZaStM|56650|\u5f20\u946b\u8363|5316116035|2018081533479618960|100|56650|ckcz","bank_type":"CFT","cash_fee":"10000","fee_type":"CNY","is_subscribe":"Y","mch_id":"1366091602","nonce_str":"vfb00rum0bhiedkzz3wywwdxnu55tef4","openid":"okr7GvyaHYbTO7OGqfHf4nyZaStM","out_trade_no":"2018081533479618960","result_code":"SUCCESS","return_code":"SUCCESS","sign":"48B8217A7231217EA86FDC30A996E7B9","time_end":"20180805223346","total_fee":"10000","trade_type":"JSAPI","transaction_id":"4200000174201808057053027198"}
[2018-08-05 22:33:47][debug] query:{"appid":"wxc5c7e311f8d5d759","attach":"okr7GvyaHYbTO7OGqfHf4nyZaStM|56650|\u5f20\u946b\u8363|5316116035|2018081533479618960|100|56650|ckcz","bank_type":"CFT","cash_fee":"10000","fee_type":"CNY","is_subscribe":"Y","mch_id":"1366091602","nonce_str":"Lhjx3vf8DejwrmHu","openid":"okr7GvyaHYbTO7OGqfHf4nyZaStM","out_trade_no":"2018081533479618960","result_code":"SUCCESS","return_code":"SUCCESS","return_msg":"OK","sign":"17CE314AC19CD4AE4E2FF75CE14D2406","time_end":"20180805223346","total_fee":"10000","trade_state":"SUCCESS","trade_state_desc":"\u652f\u4ed8\u6210\u529f","trade_type":"JSAPI","transaction_id":"4200000174201808057053027198"}
[2018-08-05 22:53:59][debug] trade_no---2018081533480839616
[2018-08-05 22:54:00][debug] third is 1533480840
[2018-08-05 22:54:00][debug] forth is 1533480840
[2018-08-05 22:54:08][debug] begin notify
[2018-08-05 22:54:08][debug] call back:{"appid":"wxc5c7e311f8d5d759","attach":"okr7Gv_5G_sNoeQwZbRDR9pBFY0Q|56650|\u5f90\u98de\u626c|5316117024|2018081533480839616|200|56650|ckcz","bank_type":"CFT","cash_fee":"20000","fee_type":"CNY","is_subscribe":"Y","mch_id":"1366091602","nonce_str":"qu9on2vif1eg0azzgjfv8y0tz5l1lbga","openid":"okr7Gv_5G_sNoeQwZbRDR9pBFY0Q","out_trade_no":"2018081533480839616","result_code":"SUCCESS","return_code":"SUCCESS","sign":"CE6E82C96590CC5383572255D0AECB02","time_end":"20180805225407","total_fee":"20000","trade_type":"JSAPI","transaction_id":"4200000172201808053411797347"}
[2018-08-05 22:54:08][debug] query:{"appid":"wxc5c7e311f8d5d759","attach":"okr7Gv_5G_sNoeQwZbRDR9pBFY0Q|56650|\u5f90\u98de\u626c|5316117024|2018081533480839616|200|56650|ckcz","bank_type":"CFT","cash_fee":"20000","fee_type":"CNY","is_subscribe":"Y","mch_id":"1366091602","nonce_str":"Rf8PfKH7yi5hserL","openid":"okr7Gv_5G_sNoeQwZbRDR9pBFY0Q","out_trade_no":"2018081533480839616","result_code":"SUCCESS","return_code":"SUCCESS","return_msg":"OK","sign":"05DB2D1C51AED22AE733C8E678DEAD23","time_end":"20180805225407","total_fee":"20000","trade_state":"SUCCESS","trade_state_desc":"\u652f\u4ed8\u6210\u529f","trade_type":"JSAPI","transaction_id":"4200000172201808053411797347"}
[2018-08-05 22:54:12][debug] trade_no---2018081533480850567
[2018-08-05 22:54:12][debug] third is 1533480852
[2018-08-05 22:54:12][debug] forth is 1533480852
[2018-08-05 22:54:31][debug] begin notify
[2018-08-05 22:54:31][debug] call back:{"appid":"wxc5c7e311f8d5d759","attach":"okr7Gv4T8Dgw2wgz6elBjKCVprhs|56650|\u6768\u6f47\u6db5|5316115048|2018081533480850567|100|56650|ckcz","bank_type":"ABC_DEBIT","cash_fee":"10000","fee_type":"CNY","is_subscribe":"Y","mch_id":"1366091602","nonce_str":"ph64iablmry0dkt5vvli21mt8n3mba2u","openid":"okr7Gv4T8Dgw2wgz6elBjKCVprhs","out_trade_no":"2018081533480850567","result_code":"SUCCESS","return_code":"SUCCESS","sign":"77D8AD8D1F40D83E497337B84B392CB2","time_end":"20180805225431","total_fee":"10000","trade_type":"JSAPI","transaction_id":"4200000185201808050068052076"}
[2018-08-05 22:54:31][debug] query:{"appid":"wxc5c7e311f8d5d759","attach":"okr7Gv4T8Dgw2wgz6elBjKCVprhs|56650|\u6768\u6f47\u6db5|5316115048|2018081533480850567|100|56650|ckcz","bank_type":"ABC_DEBIT","cash_fee":"10000","fee_type":"CNY","is_subscribe":"Y","mch_id":"1366091602","nonce_str":"H7qWVV8s9LdX8Pml","openid":"okr7Gv4T8Dgw2wgz6elBjKCVprhs","out_trade_no":"2018081533480850567","result_code":"SUCCESS","return_code":"SUCCESS","return_msg":"OK","sign":"3AA840D43568FE4C933689122F4EEE57","time_end":"20180805225431","total_fee":"10000","trade_state":"SUCCESS","trade_state_desc":"\u652f\u4ed8\u6210\u529f","trade_type":"JSAPI","transaction_id":"4200000185201808050068052076"}
[2018-08-05 22:58:35][debug] trade_no---2018081533481114452
[2018-08-05 22:58:35][debug] third is 1533481115
[2018-08-05 22:58:35][debug] forth is 1533481115
[2018-08-05 22:58:47][debug] begin notify
[2018-08-05 22:58:47][debug] call back:{"appid":"wxc5c7e311f8d5d759","attach":"okr7Gvy7li361tXYj6NYZ5KaZP5k|56650|\u5eb7\u5065|5316205091|2018081533481114452|100|56650|ckcz","bank_type":"PSBC_DEBIT","cash_fee":"10000","fee_type":"CNY","is_subscribe":"Y","mch_id":"1366091602","nonce_str":"a675wi6qr6eqrmgs7da9yu7sqahx0z06","openid":"okr7Gvy7li361tXYj6NYZ5KaZP5k","out_trade_no":"2018081533481114452","result_code":"SUCCESS","return_code":"SUCCESS","sign":"4EA2FF74CF8908768DB213321D8A2F1E","time_end":"20180805225847","total_fee":"10000","trade_type":"JSAPI","transaction_id":"4200000167201808055850410879"}
[2018-08-05 22:58:48][debug] query:{"appid":"wxc5c7e311f8d5d759","attach":"okr7Gvy7li361tXYj6NYZ5KaZP5k|56650|\u5eb7\u5065|5316205091|2018081533481114452|100|56650|ckcz","bank_type":"PSBC_DEBIT","cash_fee":"10000","fee_type":"CNY","is_subscribe":"Y","mch_id":"1366091602","nonce_str":"ftFI8vb1wjgBLX3X","openid":"okr7Gvy7li361tXYj6NYZ5KaZP5k","out_trade_no":"2018081533481114452","result_code":"SUCCESS","return_code":"SUCCESS","return_msg":"OK","sign":"58D94CD8A9CB7FC7C604479C2D59D709","time_end":"20180805225847","total_fee":"10000","trade_state":"SUCCESS","trade_state_desc":"\u652f\u4ed8\u6210\u529f","trade_type":"JSAPI","transaction_id":"4200000167201808055850410879"}
[2018-08-05 23:28:34][debug] trade_no---2018081533482913107
[2018-08-05 23:28:34][debug] third is 1533482914
[2018-08-05 23:28:34][debug] forth is 1533482914
[2018-08-05 23:28:44][debug] begin notify
[2018-08-05 23:28:44][debug] call back:{"appid":"wxc5c7e311f8d5d759","attach":"okr7Gv-uAMcnPUUYiKbWEOCGj1dM|56650|\u674e\u96ef|5316204006|2018081533482913107|100|56650|ckcz","bank_type":"CFT","cash_fee":"10000","fee_type":"CNY","is_subscribe":"Y","mch_id":"1366091602","nonce_str":"4jwmpblestb1f1hu9jy2ndc2sbsax1uv","openid":"okr7Gv-uAMcnPUUYiKbWEOCGj1dM","out_trade_no":"2018081533482913107","result_code":"SUCCESS","return_code":"SUCCESS","sign":"D3241CE97BD4D0BB6C0972F88004FBFA","time_end":"20180805232843","total_fee":"10000","trade_type":"JSAPI","transaction_id":"4200000164201808057160598578"}
[2018-08-05 23:28:44][debug] query:{"appid":"wxc5c7e311f8d5d759","attach":"okr7Gv-uAMcnPUUYiKbWEOCGj1dM|56650|\u674e\u96ef|5316204006|2018081533482913107|100|56650|ckcz","bank_type":"CFT","cash_fee":"10000","fee_type":"CNY","is_subscribe":"Y","mch_id":"1366091602","nonce_str":"RIbM2yLGD2WcjfuT","openid":"okr7Gv-uAMcnPUUYiKbWEOCGj1dM","out_trade_no":"2018081533482913107","result_code":"SUCCESS","return_code":"SUCCESS","return_msg":"OK","sign":"0B48FD39746C14C3AAED1E5CA2F14296","time_end":"20180805232843","total_fee":"10000","trade_state":"SUCCESS","trade_state_desc":"\u652f\u4ed8\u6210\u529f","trade_type":"JSAPI","transaction_id":"4200000164201808057160598578"}
